<?xml version="1.0" encoding="UTF-8"?>
<robot generator="Robot 7.4.1 (Python 3.12.10 on win32)" generated="2026-02-23T16:49:17.111499" rpa="false" schemaversion="5">
<suite id="s1" name="Test E2E" source="R:\capstone project\robot_framework_capstone_oldoriginal\test_e2e">
<suite id="s1-s1" name="Tc0 Endtoend Users Flow" source="R:\capstone project\robot_framework_capstone_oldoriginal\test_e2e\tc0_endtoend_users_flow.robot">
<kw name="Open Site" owner="common" type="SETUP">
<kw name="Open Browser" owner="SeleniumLibrary">
<msg time="2026-02-23T16:49:19.015489" level="INFO">Opening browser 'chrome' to base url 'https://ecommerce-playground.lambdatest.io/index.php'.</msg>
<arg>${BASE_URL}</arg>
<arg>${BROWSER}</arg>
<doc>Opens a new browser instance to the optional ``url``.</doc>
<status status="PASS" start="2026-02-23T16:49:19.014466" elapsed="7.280257"/>
</kw>
<kw name="Maximize Browser Window" owner="SeleniumLibrary">
<doc>Maximizes current browser window.</doc>
<status status="PASS" start="2026-02-23T16:49:26.296001" elapsed="0.131925"/>
</kw>
<kw name="Set Selenium Timeout" owner="SeleniumLibrary">
<arg>10s</arg>
<doc>Sets the timeout that is used by various keywords.</doc>
<status status="PASS" start="2026-02-23T16:49:26.429107" elapsed="0.002517"/>
</kw>
<status status="PASS" start="2026-02-23T16:49:19.012367" elapsed="7.420199"/>
</kw>
<test id="s1-s1-t1" name="end to end test for user- Abhi Ram" line="25">
<kw name="end to end flow">
<kw name="Register New User" owner="register_keywords">
<kw name="Go To" owner="SeleniumLibrary">
<msg time="2026-02-23T16:49:26.436105" level="INFO">Opening url 'https://ecommerce-playground.lambdatest.io/index.php'</msg>
<arg>${BASE_URL}</arg>
<doc>Navigates the current browser window to the provided ``url``.</doc>
<status status="PASS" start="2026-02-23T16:49:26.436105" elapsed="0.895186"/>
</kw>
<kw name="Title Should Be" owner="SeleniumLibrary">
<msg time="2026-02-23T16:49:27.484893" level="INFO">Page title is 'Your Store'.</msg>
<arg>Your Store</arg>
<doc>Verifies that the current page title equals ``title``.</doc>
<status status="PASS" start="2026-02-23T16:49:27.332501" elapsed="0.152392"/>
</kw>
<kw name="Page Should Contain" owner="SeleniumLibrary">
<msg time="2026-02-23T16:49:27.633662" level="INFO">Current page contains text 'My account'.</msg>
<arg>My account</arg>
<doc>Verifies that current page contains ``text``.</doc>
<status status="PASS" start="2026-02-23T16:49:27.484893" elapsed="0.148769"/>
</kw>
<kw name="Wait Until Element Is Visible" owner="SeleniumLibrary">
<arg>${MY_ACCOUNT_MENU}</arg>
<doc>Waits until the element ``locator`` is visible.</doc>
<status status="PASS" start="2026-02-23T16:49:27.633662" elapsed="0.127736"/>
</kw>
<kw name="Click Element" owner="SeleniumLibrary">
<msg time="2026-02-23T16:49:27.761398" level="INFO">Clicking element 'xpath=//a[contains(@href,"route=account/account") and contains(@class,"dropdown-toggle")]'.</msg>
<arg>${MY_ACCOUNT_MENU}</arg>
<doc>Click the element identified by ``locator``.</doc>
<status status="PASS" start="2026-02-23T16:49:27.761398" elapsed="2.744038"/>
</kw>
<kw name="Sleep" owner="BuiltIn">
<msg time="2026-02-23T16:49:31.506005" level="INFO">Slept 1 second.</msg>
<arg>1s</arg>
<doc>Pauses the test executed for the given time.</doc>
<status status="PASS" start="2026-02-23T16:49:30.505436" elapsed="1.000569"/>
</kw>
<kw name="Wait Until Element Is Visible" owner="SeleniumLibrary">
<arg>${REGISTER_LINK}</arg>
<doc>Waits until the element ``locator`` is visible.</doc>
<status status="PASS" start="2026-02-23T16:49:31.506005" elapsed="0.027961"/>
</kw>
<kw name="Click Element" owner="SeleniumLibrary">
<msg time="2026-02-23T16:49:31.534487" level="INFO">Clicking element 'xpath=//a[contains(@href,"route=account/register") and contains(text(),"Register")]'.</msg>
<arg>${REGISTER_LINK}</arg>
<doc>Click the element identified by ``locator``.</doc>
<status status="PASS" start="2026-02-23T16:49:31.534487" elapsed="2.312260"/>
</kw>
<kw name="Wait Until Page Contains" owner="SeleniumLibrary">
<arg>Register Account</arg>
<doc>Waits until ``text`` appears on the current page.</doc>
<status status="PASS" start="2026-02-23T16:49:33.846747" elapsed="0.018682"/>
</kw>
<kw name="Location Should Contain" owner="SeleniumLibrary">
<msg time="2026-02-23T16:49:33.873436" level="INFO">Current location contains 'route=account/register'.</msg>
<arg>route=account/register</arg>
<doc>Verifies that the current URL contains ``expected``.</doc>
<status status="PASS" start="2026-02-23T16:49:33.866478" elapsed="0.006958"/>
</kw>
<status status="PASS" start="2026-02-23T16:49:26.436105" elapsed="7.438343"/>
</kw>
<kw name="input firstname" owner="register_keywords">
<kw name="Input Text" owner="SeleniumLibrary">
<msg time="2026-02-23T16:49:33.876463" level="INFO">Typing text 'Abhi' into text field 'id=input-firstname'.</msg>
<arg>${FIRSTNAME_INPUT}</arg>
<arg>${firstname}</arg>
<doc>Types the given ``text`` into the text field identified by ``locator``.</doc>
<status status="PASS" start="2026-02-23T16:49:33.875462" elapsed="0.208067"/>
</kw>
<arg>${firstname}</arg>
<status status="PASS" start="2026-02-23T16:49:33.874448" elapsed="0.210208"/>
</kw>
<kw name="input lastname" owner="register_keywords">
<kw name="Input Text" owner="SeleniumLibrary">
<msg time="2026-02-23T16:49:34.085735" level="INFO">Typing text 'Ram' into text field 'id=input-lastname'.</msg>
<arg>${LASTNAME_INPUT}</arg>
<arg>${lastname}</arg>
<doc>Types the given ``text`` into the text field identified by ``locator``.</doc>
<status status="PASS" start="2026-02-23T16:49:34.084656" elapsed="0.133329"/>
</kw>
<arg>${lastname}</arg>
<status status="PASS" start="2026-02-23T16:49:34.084656" elapsed="0.133329"/>
</kw>
<kw name="input email" owner="register_keywords">
<kw name="Generate Unique Email" owner="email_generator">
<kw name="Generate Random String" owner="String">
<msg time="2026-02-23T16:49:34.221008" level="INFO">${random} = 4279</msg>
<var>${random}</var>
<arg>4</arg>
<arg>0123456789</arg>
<doc>Generates a string with a desired ``length`` from the given ``chars``.</doc>
<status status="PASS" start="2026-02-23T16:49:34.219516" elapsed="0.001492"/>
</kw>
<kw name="Set Variable" owner="BuiltIn">
<msg time="2026-02-23T16:49:34.221008" level="INFO">${email} = test_user_4279@gmail.com</msg>
<var>${email}</var>
<arg>test_user_${random}@gmail.com</arg>
<doc>Returns the given values which can then be assigned to a variables.</doc>
<status status="PASS" start="2026-02-23T16:49:34.221008" elapsed="0.000999"/>
</kw>
<kw name="Set Suite Variable" owner="BuiltIn">
<msg time="2026-02-23T16:49:34.222007" level="INFO">${EMAIL} = test_user_4279@gmail.com</msg>
<arg>${EMAIL}</arg>
<arg>${email}</arg>
<doc>Makes a variable available everywhere within the scope of the current suite.</doc>
<status status="PASS" start="2026-02-23T16:49:34.222007" elapsed="0.000000"/>
</kw>
<kw name="Log To Console" owner="BuiltIn">
<arg>Dynamic Email Generated: ${EMAIL}</arg>
<doc>Logs the given message to the console.</doc>
<status status="PASS" start="2026-02-23T16:49:34.223015" elapsed="0.000000"/>
</kw>
<status status="PASS" start="2026-02-23T16:49:34.219516" elapsed="0.003499"/>
</kw>
<kw name="Log To Console" owner="BuiltIn">
<arg>Registering with Email: ${EMAIL}</arg>
<doc>Logs the given message to the console.</doc>
<status status="PASS" start="2026-02-23T16:49:34.224016" elapsed="0.000000"/>
</kw>
<kw name="Input Text" owner="SeleniumLibrary">
<msg time="2026-02-23T16:49:34.225012" level="INFO">Typing text 'test_user_4279@gmail.com' into text field 'id=input-email'.</msg>
<arg>${EMAIL_INPUT}</arg>
<arg>${EMAIL}</arg>
<doc>Types the given ``text`` into the text field identified by ``locator``.</doc>
<status status="PASS" start="2026-02-23T16:49:34.224016" elapsed="0.247227"/>
</kw>
<status status="PASS" start="2026-02-23T16:49:34.219516" elapsed="0.252717"/>
</kw>
<kw name="input phone" owner="register_keywords">
<kw name="Input Text" owner="SeleniumLibrary">
<msg time="2026-02-23T16:49:34.473427" level="INFO">Typing text '9876543210' into text field 'id=input-telephone'.</msg>
<arg>${PHONE_INPUT}</arg>
<arg>${phone}</arg>
<doc>Types the given ``text`` into the text field identified by ``locator``.</doc>
<status status="PASS" start="2026-02-23T16:49:34.473427" elapsed="0.157230"/>
</kw>
<arg>${phone}</arg>
<status status="PASS" start="2026-02-23T16:49:34.472233" elapsed="0.158424"/>
</kw>
<kw name="input password" owner="register_keywords">
<kw name="Input Text" owner="SeleniumLibrary">
<msg time="2026-02-23T16:49:34.632666" level="INFO">Typing text 'Abhi@123' into text field 'id=input-password'.</msg>
<arg>${PASSWORD_INPUT}</arg>
<arg>${password}</arg>
<doc>Types the given ``text`` into the text field identified by ``locator``.</doc>
<status status="PASS" start="2026-02-23T16:49:34.631667" elapsed="0.126855"/>
</kw>
<kw name="Input Text" owner="SeleniumLibrary">
<msg time="2026-02-23T16:49:34.758522" level="INFO">Typing text 'Abhi@123' into text field 'id=input-confirm'.</msg>
<arg>${CONFIRM_INPUT}</arg>
<arg>${password}</arg>
<doc>Types the given ``text`` into the text field identified by ``locator``.</doc>
<status status="PASS" start="2026-02-23T16:49:34.758522" elapsed="0.113579"/>
</kw>
<kw name="Textfield Value Should Be" owner="SeleniumLibrary">
<msg time="2026-02-23T16:49:34.905941" level="INFO">Content of text field 'id=input-confirm' is 'Abhi@123'.</msg>
<arg>${CONFIRM_INPUT}</arg>
<arg>${password}</arg>
<doc>Verifies text field ``locator`` has exactly text ``expected``.</doc>
<status status="PASS" start="2026-02-23T16:49:34.872101" elapsed="0.033840"/>
</kw>
<arg>${password}</arg>
<status status="PASS" start="2026-02-23T16:49:34.630657" elapsed="0.276325"/>
</kw>
<kw name="click agree" owner="register_keywords">
<kw name="Click Element" owner="SeleniumLibrary">
<msg time="2026-02-23T16:49:34.907984" level="INFO">Clicking element 'xpath=//label[@for="input-agree"]'.</msg>
<arg>${AGREE_LABEL}</arg>
<doc>Click the element identified by ``locator``.</doc>
<status status="PASS" start="2026-02-23T16:49:34.906982" elapsed="0.087284"/>
</kw>
<kw name="Checkbox Should Be Selected" owner="SeleniumLibrary">
<msg time="2026-02-23T16:49:34.995459" level="INFO">Verifying checkbox 'id=input-agree' is selected.</msg>
<arg>id=input-agree</arg>
<doc>Verifies checkbox ``locator`` is selected/checked.</doc>
<status status="PASS" start="2026-02-23T16:49:34.995459" elapsed="0.037808"/>
</kw>
<status status="PASS" start="2026-02-23T16:49:34.906982" elapsed="0.126285"/>
</kw>
<kw name="click continue" owner="register_keywords">
<kw name="Scroll Element Into View" owner="SeleniumLibrary">
<arg>${CONTINUE_BUTTON}</arg>
<doc>Scrolls the element identified by ``locator`` into view.</doc>
<status status="PASS" start="2026-02-23T16:49:35.034255" elapsed="0.294954"/>
</kw>
<kw name="Click Button" owner="SeleniumLibrary">
<msg time="2026-02-23T16:49:35.330212" level="INFO">Clicking button 'css=input.btn.btn-primary[type="submit"][value="Continue"]'.</msg>
<arg>${CONTINUE_BUTTON}</arg>
<doc>Clicks the button identified by ``locator``.</doc>
<status status="PASS" start="2026-02-23T16:49:35.329209" elapsed="1.972527"/>
</kw>
<kw name="Wait Until Element Is Visible" owner="SeleniumLibrary">
<arg>${SUCCESS_TEXT}</arg>
<doc>Waits until the element ``locator`` is visible.</doc>
<status status="PASS" start="2026-02-23T16:49:37.301736" elapsed="0.024717"/>
</kw>
<kw name="Page Should Contain" owner="SeleniumLibrary">
<msg time="2026-02-23T16:49:37.344028" level="INFO">Current page contains text 'Your Account Has Been Created'.</msg>
<arg>Your Account Has Been Created</arg>
<doc>Verifies that current page contains ``text``.</doc>
<status status="PASS" start="2026-02-23T16:49:37.326453" elapsed="0.018080"/>
</kw>
<kw name="Log To Console" owner="BuiltIn">
<arg>Registration Completed Successfully for ${firstname}</arg>
<doc>Logs the given message to the console.</doc>
<status status="PASS" start="2026-02-23T16:49:37.344533" elapsed="0.000000"/>
</kw>
<status status="PASS" start="2026-02-23T16:49:35.034255" elapsed="2.310278"/>
</kw>
<kw name="click logout" owner="register_keywords">
<kw name="Logout User Successfully" owner="logout_keywords">
<kw name="Wait Until Element Is Visible" owner="SeleniumLibrary">
<arg>${MY_ACCOUNT_MENU}</arg>
<doc>Waits until the element ``locator`` is visible.</doc>
<status status="PASS" start="2026-02-23T16:49:37.345579" elapsed="0.020820"/>
</kw>
<kw name="Click Element" owner="SeleniumLibrary">
<msg time="2026-02-23T16:49:37.367943" level="INFO">Clicking element 'xpath=//a[contains(@href,"route=account/account") and contains(@class,"dropdown-toggle")]'.</msg>
<arg>${MY_ACCOUNT_MENU}</arg>
<doc>Click the element identified by ``locator``.</doc>
<status status="PASS" start="2026-02-23T16:49:37.367414" elapsed="1.549375"/>
</kw>
<kw name="Sleep" owner="BuiltIn">
<msg time="2026-02-23T16:49:39.916951" level="INFO">Slept 1 second.</msg>
<arg>1s</arg>
<doc>Pauses the test executed for the given time.</doc>
<status status="PASS" start="2026-02-23T16:49:38.916789" elapsed="1.000162"/>
</kw>
<kw name="Wait Until Element Is Visible" owner="SeleniumLibrary">
<arg>${LOGOUT_LINK}</arg>
<doc>Waits until the element ``locator`` is visible.</doc>
<status status="PASS" start="2026-02-23T16:49:39.916951" elapsed="0.022280"/>
</kw>
<kw name="Element Should Be Visible" owner="SeleniumLibrary">
<msg time="2026-02-23T16:49:39.958248" level="INFO">Element 'xpath=//a[contains(@href,"route=account/logout") and contains(text(),"Logout")]' is displayed.</msg>
<arg>${LOGOUT_LINK}</arg>
<doc>Verifies that the element identified by ``locator`` is visible.</doc>
<status status="PASS" start="2026-02-23T16:49:39.939231" elapsed="0.019017"/>
</kw>
<kw name="Click Element" owner="SeleniumLibrary">
<msg time="2026-02-23T16:49:39.959806" level="INFO">Clicking element 'xpath=//a[contains(@href,"route=account/logout") and contains(text(),"Logout")]'.</msg>
<arg>${LOGOUT_LINK}</arg>
<doc>Click the element identified by ``locator``.</doc>
<status status="PASS" start="2026-02-23T16:49:39.958248" elapsed="1.805028"/>
</kw>
<kw name="Wait Until Element Is Visible" owner="SeleniumLibrary">
<arg>${LOGOUT_TEXT}</arg>
<doc>Waits until the element ``locator`` is visible.</doc>
<status status="PASS" start="2026-02-23T16:49:41.763276" elapsed="0.022297"/>
</kw>
<kw name="Element Should Be Visible" owner="SeleniumLibrary">
<msg time="2026-02-23T16:49:41.804698" level="INFO">Element 'xpath=//h1[contains(text(),"Account Logout")]' is displayed.</msg>
<arg>${LOGOUT_TEXT}</arg>
<doc>Verifies that the element identified by ``locator`` is visible.</doc>
<status status="PASS" start="2026-02-23T16:49:41.786569" elapsed="0.018129"/>
</kw>
<kw name="Page Should Contain" owner="SeleniumLibrary">
<msg time="2026-02-23T16:49:41.823029" level="INFO">Current page contains text 'Account Logout'.</msg>
<arg>Account Logout</arg>
<doc>Verifies that current page contains ``text``.</doc>
<status status="PASS" start="2026-02-23T16:49:41.806178" elapsed="0.017836"/>
</kw>
<kw name="Location Should Contain" owner="SeleniumLibrary">
<msg time="2026-02-23T16:49:41.830065" level="INFO">Current location contains 'route=account/logout'.</msg>
<arg>route=account/logout</arg>
<doc>Verifies that the current URL contains ``expected``.</doc>
<status status="PASS" start="2026-02-23T16:49:41.824014" elapsed="0.006051"/>
</kw>
<kw name="Log To Console" owner="BuiltIn">
<arg>Logout Completed Successfully</arg>
<doc>Logs the given message to the console.</doc>
<status status="PASS" start="2026-02-23T16:49:41.831142" elapsed="0.000979"/>
</kw>
<status status="PASS" start="2026-02-23T16:49:37.345579" elapsed="4.486542"/>
</kw>
<status status="PASS" start="2026-02-23T16:49:37.345579" elapsed="4.486542"/>
</kw>
<kw name="Login User Successfully" owner="login_keywords">
<kw name="Go To" owner="SeleniumLibrary">
<msg time="2026-02-23T16:49:41.833346" level="INFO">Opening url 'https://ecommerce-playground.lambdatest.io/index.php'</msg>
<arg>${BASE_URL}</arg>
<doc>Navigates the current browser window to the provided ``url``.</doc>
<status status="PASS" start="2026-02-23T16:49:41.833346" elapsed="0.758138"/>
</kw>
<kw name="Page Should Contain" owner="SeleniumLibrary">
<msg time="2026-02-23T16:49:42.784819" level="INFO">Current page contains text 'My account'.</msg>
<arg>My account</arg>
<doc>Verifies that current page contains ``text``.</doc>
<status status="PASS" start="2026-02-23T16:49:42.592799" elapsed="0.192020"/>
</kw>
<kw name="Wait Until Element Is Visible" owner="SeleniumLibrary">
<arg>${MY_ACCOUNT_MENU}</arg>
<doc>Waits until the element ``locator`` is visible.</doc>
<status status="PASS" start="2026-02-23T16:49:42.785814" elapsed="0.031392"/>
</kw>
<kw name="Click Element" owner="SeleniumLibrary">
<msg time="2026-02-23T16:49:42.818206" level="INFO">Clicking element 'xpath=//a[contains(@href,"route=account/account") and contains(@class,"dropdown-toggle")]'.</msg>
<arg>${MY_ACCOUNT_MENU}</arg>
<doc>Click the element identified by ``locator``.</doc>
<status status="PASS" start="2026-02-23T16:49:42.817206" elapsed="0.952610"/>
</kw>
<kw name="Sleep" owner="BuiltIn">
<msg time="2026-02-23T16:49:44.771055" level="INFO">Slept 1 second.</msg>
<arg>1s</arg>
<doc>Pauses the test executed for the given time.</doc>
<status status="PASS" start="2026-02-23T16:49:43.770827" elapsed="1.000228"/>
</kw>
<kw name="Wait Until Element Is Visible" owner="SeleniumLibrary">
<arg>${LOGIN_LINK}</arg>
<doc>Waits until the element ``locator`` is visible.</doc>
<status status="PASS" start="2026-02-23T16:49:44.771055" elapsed="0.026035"/>
</kw>
<kw name="Click Element" owner="SeleniumLibrary">
<msg time="2026-02-23T16:49:44.797090" level="INFO">Clicking element 'xpath=//a[contains(@href,"route=account/login") and contains(text(),"Login")]'.</msg>
<arg>${LOGIN_LINK}</arg>
<doc>Click the element identified by ``locator``.</doc>
<status status="PASS" start="2026-02-23T16:49:44.797090" elapsed="0.878968"/>
</kw>
<kw name="Wait Until Page Contains" owner="SeleniumLibrary">
<arg>Account Login</arg>
<doc>Waits until ``text`` appears on the current page.</doc>
<status status="PASS" start="2026-02-23T16:49:45.676058" elapsed="0.017971"/>
</kw>
<kw name="Location Should Contain" owner="SeleniumLibrary">
<msg time="2026-02-23T16:49:45.701130" level="INFO">Current location contains 'route=account/login'.</msg>
<arg>route=account/login</arg>
<doc>Verifies that the current URL contains ``expected``.</doc>
<status status="PASS" start="2026-02-23T16:49:45.695065" elapsed="0.006065"/>
</kw>
<kw name="Log To Console" owner="BuiltIn">
<arg>Logging in with Email: ${EMAIL}</arg>
<doc>Logs the given message to the console.</doc>
<status status="PASS" start="2026-02-23T16:49:45.701130" elapsed="0.001017"/>
</kw>
<kw name="Input Text" owner="SeleniumLibrary">
<msg time="2026-02-23T16:49:45.702147" level="INFO">Typing text 'test_user_4279@gmail.com' into text field 'id=input-email'.</msg>
<arg>${EMAIL_INPUT}</arg>
<arg>${EMAIL}</arg>
<doc>Types the given ``text`` into the text field identified by ``locator``.</doc>
<status status="PASS" start="2026-02-23T16:49:45.702147" elapsed="0.221959"/>
</kw>
<kw name="Input Text" owner="SeleniumLibrary">
<msg time="2026-02-23T16:49:45.925104" level="INFO">Typing text 'Abhi@123' into text field 'id=input-password'.</msg>
<arg>${PASSWORD_INPUT}</arg>
<arg>${password}</arg>
<doc>Types the given ``text`` into the text field identified by ``locator``.</doc>
<status status="PASS" start="2026-02-23T16:49:45.924106" elapsed="0.164416"/>
</kw>
<kw name="Click Button" owner="SeleniumLibrary">
<msg time="2026-02-23T16:49:46.090105" level="INFO">Clicking button 'css=input.btn.btn-primary[value="Login"]'.</msg>
<arg>${LOGIN_BUTTON}</arg>
<doc>Clicks the button identified by ``locator``.</doc>
<status status="PASS" start="2026-02-23T16:49:46.088522" elapsed="1.362388"/>
</kw>
<kw name="Wait Until Page Contains" owner="SeleniumLibrary">
<arg>My Account</arg>
<doc>Waits until ``text`` appears on the current page.</doc>
<status status="PASS" start="2026-02-23T16:49:47.450910" elapsed="0.032275"/>
</kw>
<kw name="Wait Until Element Is Visible" owner="SeleniumLibrary">
<arg>${MY_ACCOUNT_HEADING}</arg>
<doc>Waits until the element ``locator`` is visible.</doc>
<status status="PASS" start="2026-02-23T16:49:47.483185" elapsed="0.025435"/>
</kw>
<kw name="Page Should Contain" owner="SeleniumLibrary">
<msg time="2026-02-23T16:49:47.524979" level="INFO">Current page contains text 'My Account'.</msg>
<arg>My Account</arg>
<doc>Verifies that current page contains ``text``.</doc>
<status status="PASS" start="2026-02-23T16:49:47.509129" elapsed="0.015850"/>
</kw>
<kw name="Location Should Contain" owner="SeleniumLibrary">
<msg time="2026-02-23T16:49:47.532100" level="INFO">Current location contains 'route=account/account'.</msg>
<arg>route=account/account</arg>
<doc>Verifies that the current URL contains ``expected``.</doc>
<status status="PASS" start="2026-02-23T16:49:47.526060" elapsed="0.006040"/>
</kw>
<kw name="Log To Console" owner="BuiltIn">
<arg>Login Successful After Logout</arg>
<doc>Logs the given message to the console.</doc>
<status status="PASS" start="2026-02-23T16:49:47.532100" elapsed="0.001004"/>
</kw>
<arg>${password}</arg>
<status status="PASS" start="2026-02-23T16:49:41.832121" elapsed="5.700983"/>
</kw>
<kw name="Search Products" owner="search_keywords">
<kw name="Go To" owner="SeleniumLibrary">
<msg time="2026-02-23T16:49:47.535096" level="INFO">Opening url 'https://ecommerce-playground.lambdatest.io/index.php'</msg>
<arg>${BASE_URL}</arg>
<doc>Navigates the current browser window to the provided ``url``.</doc>
<status status="PASS" start="2026-02-23T16:49:47.534098" elapsed="1.263066"/>
</kw>
<kw name="Location Should Contain" owner="SeleniumLibrary">
<msg time="2026-02-23T16:49:48.804780" level="INFO">Current location contains 'index.php'.</msg>
<arg>index.php</arg>
<doc>Verifies that the current URL contains ``expected``.</doc>
<status status="PASS" start="2026-02-23T16:49:48.798681" elapsed="0.006099"/>
</kw>
<kw name="Page Should Contain" owner="SeleniumLibrary">
<msg time="2026-02-23T16:49:48.830607" level="INFO">Current page contains text 'Search'.</msg>
<arg>Search</arg>
<doc>Verifies that current page contains ``text``.</doc>
<status status="PASS" start="2026-02-23T16:49:48.804780" elapsed="0.025827"/>
</kw>
<kw name="Wait Until Element Is Visible" owner="SeleniumLibrary">
<arg>${SEARCH_BOX}</arg>
<doc>Waits until the element ``locator`` is visible.</doc>
<status status="PASS" start="2026-02-23T16:49:48.830607" elapsed="0.024786"/>
</kw>
<kw name="Element Should Be Visible" owner="SeleniumLibrary">
<msg time="2026-02-23T16:49:48.874076" level="INFO">Element 'name=search' is displayed.</msg>
<arg>${SEARCH_BOX}</arg>
<doc>Verifies that the element identified by ``locator`` is visible.</doc>
<status status="PASS" start="2026-02-23T16:49:48.855393" elapsed="0.018683"/>
</kw>
<kw name="Element Should Be Enabled" owner="SeleniumLibrary">
<arg>${SEARCH_BOX}</arg>
<doc>Verifies that element identified by ``locator`` is enabled.</doc>
<status status="PASS" start="2026-02-23T16:49:48.874076" elapsed="0.031850"/>
</kw>
<status status="PASS" start="2026-02-23T16:49:47.533104" elapsed="1.372822"/>
</kw>
<kw name="input search" owner="search_keywords">
<kw name="Clear Element Text" owner="SeleniumLibrary">
<arg>${SEARCH_BOX}</arg>
<doc>Clears the value of the text-input-element identified by ``locator``.</doc>
<status status="PASS" start="2026-02-23T16:49:48.906939" elapsed="0.042334"/>
</kw>
<kw name="Input Text" owner="SeleniumLibrary">
<msg time="2026-02-23T16:49:48.950296" level="INFO">Typing text 'HP' into text field 'name=search'.</msg>
<arg>${SEARCH_BOX}</arg>
<arg>${product}</arg>
<doc>Types the given ``text`` into the text field identified by ``locator``.</doc>
<status status="PASS" start="2026-02-23T16:49:48.949785" elapsed="0.103682"/>
</kw>
<kw name="Textfield Value Should Be" owner="SeleniumLibrary">
<msg time="2026-02-23T16:49:49.106008" level="INFO">Content of text field 'name=search' is 'HP'.</msg>
<arg>${SEARCH_BOX}</arg>
<arg>${product}</arg>
<doc>Verifies text field ``locator`` has exactly text ``expected``.</doc>
<status status="PASS" start="2026-02-23T16:49:49.054894" elapsed="0.052166"/>
</kw>
<arg>${product}</arg>
<status status="PASS" start="2026-02-23T16:49:48.905926" elapsed="0.201134"/>
</kw>
<kw name="input enter" owner="search_keywords">
<kw name="Press Keys" owner="SeleniumLibrary">
<msg time="2026-02-23T16:49:49.108575" level="INFO">Sending key(s) ('ENTER',) to name=search element.</msg>
<msg time="2026-02-23T16:49:49.405470" level="INFO">Pressing special key ENTER to element.</msg>
<msg time="2026-02-23T16:49:49.405470" level="INFO">Releasing special key ENTER.</msg>
<arg>${SEARCH_BOX}</arg>
<arg>ENTER</arg>
<doc>Simulates the user pressing key(s) to an element or on the active browser.</doc>
<status status="PASS" start="2026-02-23T16:49:49.107060" elapsed="0.308868"/>
</kw>
<kw name="Sleep" owner="BuiltIn">
<msg time="2026-02-23T16:49:52.417467" level="INFO">Slept 3 seconds.</msg>
<arg>3s</arg>
<doc>Pauses the test executed for the given time.</doc>
<status status="PASS" start="2026-02-23T16:49:49.415928" elapsed="3.001539"/>
</kw>
<status status="PASS" start="2026-02-23T16:49:49.107060" elapsed="3.311438"/>
</kw>
<kw name="validation" owner="search_keywords">
<kw name="Wait Until Page Contains" owner="SeleniumLibrary">
<arg>Search</arg>
<doc>Waits until ``text`` appears on the current page.</doc>
<status status="PASS" start="2026-02-23T16:49:52.419653" elapsed="0.021418"/>
</kw>
<kw name="Page Should Contain Element" owner="SeleniumLibrary">
<msg time="2026-02-23T16:49:52.460078" level="INFO">Current page contains element 'xpath=(//div[contains(@class,"product-thumb")]//h4/a)[1]'.</msg>
<arg>${FIRST_PRODUCT}</arg>
<doc>Verifies that element ``locator`` is found on the current page.</doc>
<status status="PASS" start="2026-02-23T16:49:52.442079" elapsed="0.017999"/>
</kw>
<kw name="Page Should Contain" owner="SeleniumLibrary">
<msg time="2026-02-23T16:49:52.487442" level="INFO">Current page contains text 'HP'.</msg>
<arg>${PRODUCT_NAME}</arg>
<doc>Verifies that current page contains ``text``.</doc>
<status status="PASS" start="2026-02-23T16:49:52.460078" elapsed="0.027364"/>
</kw>
<kw name="Log To Console" owner="BuiltIn">
<arg>Product Search Completed Successfully!</arg>
<doc>Logs the given message to the console.</doc>
<status status="PASS" start="2026-02-23T16:49:52.487442" elapsed="0.001021"/>
</kw>
<status status="PASS" start="2026-02-23T16:49:52.418498" elapsed="0.069965"/>
</kw>
<kw name="Open First Product Details" owner="product_keywords">
<kw name="Wait Until Element Is Visible" owner="SeleniumLibrary">
<arg>${FIRST_PRODUCT}</arg>
<doc>Waits until the element ``locator`` is visible.</doc>
<status status="PASS" start="2026-02-23T16:49:52.489999" elapsed="0.035251"/>
</kw>
<kw name="Element Should Be Visible" owner="SeleniumLibrary">
<msg time="2026-02-23T16:49:52.547116" level="INFO">Element 'xpath=(//div[contains(@class,"product-thumb")]//h4/a)[1]' is displayed.</msg>
<arg>${FIRST_PRODUCT}</arg>
<doc>Verifies that the element identified by ``locator`` is visible.</doc>
<status status="PASS" start="2026-02-23T16:49:52.525250" elapsed="0.021866"/>
</kw>
<kw name="Element Should Be Enabled" owner="SeleniumLibrary">
<arg>${FIRST_PRODUCT}</arg>
<doc>Verifies that element identified by ``locator`` is enabled.</doc>
<status status="PASS" start="2026-02-23T16:49:52.547116" elapsed="0.031530"/>
</kw>
<kw name="Click Element" owner="SeleniumLibrary">
<msg time="2026-02-23T16:49:52.579167" level="INFO">Clicking element 'xpath=(//div[contains(@class,"product-thumb")]//h4/a)[1]'.</msg>
<arg>${FIRST_PRODUCT}</arg>
<doc>Click the element identified by ``locator``.</doc>
<status status="PASS" start="2026-02-23T16:49:52.579167" elapsed="3.039469"/>
</kw>
<kw name="Location Should Contain" owner="SeleniumLibrary">
<msg time="2026-02-23T16:49:55.626335" level="INFO">Current location contains 'route=product'.</msg>
<arg>route=product</arg>
<doc>Verifies that the current URL contains ``expected``.</doc>
<status status="PASS" start="2026-02-23T16:49:55.618636" elapsed="0.007699"/>
</kw>
<kw name="Wait Until Element Is Visible" owner="SeleniumLibrary">
<arg>${PRODUCT_TITLE}</arg>
<doc>Waits until the element ``locator`` is visible.</doc>
<status status="PASS" start="2026-02-23T16:49:55.627344" elapsed="0.023715"/>
</kw>
<kw name="Element Should Be Visible" owner="SeleniumLibrary">
<msg time="2026-02-23T16:49:55.671553" level="INFO">Element 'css=h1' is displayed.</msg>
<arg>${PRODUCT_TITLE}</arg>
<doc>Verifies that the element identified by ``locator`` is visible.</doc>
<status status="PASS" start="2026-02-23T16:49:55.651059" elapsed="0.021493"/>
</kw>
<kw name="Get Text" owner="SeleniumLibrary">
<msg time="2026-02-23T16:49:55.704159" level="INFO">${title} = HP LP3065</msg>
<var>${title}</var>
<arg>${PRODUCT_TITLE}</arg>
<doc>Returns the text value of the element identified by ``locator``.</doc>
<status status="PASS" start="2026-02-23T16:49:55.672552" elapsed="0.031607"/>
</kw>
<kw name="Should Not Be Empty" owner="BuiltIn">
<msg time="2026-02-23T16:49:55.705398" level="INFO">Length is 9.</msg>
<arg>${title}</arg>
<doc>Verifies that the given item is not empty.</doc>
<status status="PASS" start="2026-02-23T16:49:55.704159" elapsed="0.001239"/>
</kw>
<kw name="Log To Console" owner="BuiltIn">
<arg>Product Details Page Opened Successfully!</arg>
<doc>Logs the given message to the console.</doc>
<status status="PASS" start="2026-02-23T16:49:55.705398" elapsed="0.000000"/>
</kw>
<kw name="Log To Console" owner="BuiltIn">
<arg>Opened Product: ${title}</arg>
<doc>Logs the given message to the console.</doc>
<status status="PASS" start="2026-02-23T16:49:55.705398" elapsed="0.001716"/>
</kw>
<kw name="Element Should Be Visible" owner="SeleniumLibrary">
<msg time="2026-02-23T16:49:55.735321" level="INFO">Element 'css=div#entry_216842 button[title='Add to Cart']' is displayed.</msg>
<arg>${ADD_TO_CART}</arg>
<doc>Verifies that the element identified by ``locator`` is visible.</doc>
<status status="PASS" start="2026-02-23T16:49:55.707114" elapsed="0.028207"/>
</kw>
<status status="PASS" start="2026-02-23T16:49:52.489999" elapsed="3.245322"/>
</kw>
<kw name="Add Product To Cart And Validate Success" owner="cart_keywords">
<kw name="Run Keyword And Return Status" owner="BuiltIn">
<kw name="Wait Until Element Is Visible" owner="SeleniumLibrary">
<arg>${ADD_TO_CART}</arg>
<arg>5s</arg>
<doc>Waits until the element ``locator`` is visible.</doc>
<status status="PASS" start="2026-02-23T16:49:55.738852" elapsed="0.023221"/>
</kw>
<msg time="2026-02-23T16:49:55.762694" level="INFO">${present} = True</msg>
<var>${present}</var>
<arg>Wait Until Element Is Visible</arg>
<arg>${ADD_TO_CART}</arg>
<arg>5s</arg>
<doc>Runs the specified keyword and returns the status as a Boolean value.</doc>
<status status="PASS" start="2026-02-23T16:49:55.737341" elapsed="0.025353"/>
</kw>
<if>
<branch type="IF" condition="not ${present}">
<kw name="Log To Console" owner="BuiltIn">
<arg>❌ Add To Cart not found (Out of Stock). Skipping...</arg>
<doc>Logs the given message to the console.</doc>
<status status="NOT RUN" start="2026-02-23T16:49:55.763722" elapsed="0.000000"/>
</kw>
<kw name="Return From Keyword" owner="BuiltIn">
<doc>Returns from the enclosing user keyword.</doc>
<status status="NOT RUN" start="2026-02-23T16:49:55.763722" elapsed="0.000000"/>
</kw>
<status status="NOT RUN" start="2026-02-23T16:49:55.762694" elapsed="0.001028"/>
</branch>
<status status="PASS" start="2026-02-23T16:49:55.762694" elapsed="0.001028"/>
</if>
<kw name="Scroll Element Into View" owner="SeleniumLibrary">
<arg>${ADD_TO_CART}</arg>
<doc>Scrolls the element identified by ``locator`` into view.</doc>
<status status="PASS" start="2026-02-23T16:49:55.764725" elapsed="0.289414"/>
</kw>
<kw name="Run Keyword And Return Status" owner="BuiltIn">
<kw name="Element Should Be Enabled" owner="SeleniumLibrary">
<arg>${ADD_TO_CART}</arg>
<doc>Verifies that element identified by ``locator`` is enabled.</doc>
<status status="PASS" start="2026-02-23T16:49:56.055143" elapsed="0.023887"/>
</kw>
<msg time="2026-02-23T16:49:56.080661" level="INFO">${enabled} = True</msg>
<var>${enabled}</var>
<arg>Element Should Be Enabled</arg>
<arg>${ADD_TO_CART}</arg>
<doc>Runs the specified keyword and returns the status as a Boolean value.</doc>
<status status="PASS" start="2026-02-23T16:49:56.054139" elapsed="0.026522"/>
</kw>
<if>
<branch type="IF" condition="not ${enabled}">
<kw name="Log To Console" owner="BuiltIn">
<arg>⚠️ Product Out of Stock (Button Disabled). Skipping Add To Cart...</arg>
<doc>Logs the given message to the console.</doc>
<status status="NOT RUN" start="2026-02-23T16:49:56.081727" elapsed="0.000000"/>
</kw>
<kw name="Return From Keyword" owner="BuiltIn">
<doc>Returns from the enclosing user keyword.</doc>
<status status="NOT RUN" start="2026-02-23T16:49:56.081727" elapsed="0.000000"/>
</kw>
<status status="NOT RUN" start="2026-02-23T16:49:56.081727" elapsed="0.000991"/>
</branch>
<status status="PASS" start="2026-02-23T16:49:56.081727" elapsed="0.000991"/>
</if>
<kw name="Click Element" owner="SeleniumLibrary">
<msg time="2026-02-23T16:49:56.083693" level="INFO">Clicking element 'css=div#entry_216842 button[title='Add to Cart']'.</msg>
<arg>${ADD_TO_CART}</arg>
<doc>Click the element identified by ``locator``.</doc>
<status status="PASS" start="2026-02-23T16:49:56.082718" elapsed="0.095000"/>
</kw>
<kw name="Sleep" owner="BuiltIn">
<msg time="2026-02-23T16:49:59.178978" level="INFO">Slept 3 seconds.</msg>
<arg>3s</arg>
<doc>Pauses the test executed for the given time.</doc>
<status status="PASS" start="2026-02-23T16:49:56.177718" elapsed="3.001260"/>
</kw>
<kw name="Run Keyword And Return Status" owner="BuiltIn">
<kw name="Wait Until Element Is Visible" owner="SeleniumLibrary">
<arg>${CART_SUCCESS_MSG}</arg>
<arg>5s</arg>
<doc>Waits until the element ``locator`` is visible.</doc>
<status status="PASS" start="2026-02-23T16:49:59.179499" elapsed="0.021280"/>
</kw>
<msg time="2026-02-23T16:49:59.201312" level="INFO">${success} = True</msg>
<var>${success}</var>
<arg>Wait Until Element Is Visible</arg>
<arg>${CART_SUCCESS_MSG}</arg>
<arg>5s</arg>
<doc>Runs the specified keyword and returns the status as a Boolean value.</doc>
<status status="PASS" start="2026-02-23T16:49:59.178978" elapsed="0.022334"/>
</kw>
<if>
<branch type="IF" condition="not ${success}">
<kw name="Log To Console" owner="BuiltIn">
<arg>⚠️ No success message appeared. Product may not be added.</arg>
<doc>Logs the given message to the console.</doc>
<status status="NOT RUN" start="2026-02-23T16:49:59.202101" elapsed="0.000000"/>
</kw>
<kw name="Return From Keyword" owner="BuiltIn">
<doc>Returns from the enclosing user keyword.</doc>
<status status="NOT RUN" start="2026-02-23T16:49:59.202101" elapsed="0.000000"/>
</kw>
<status status="NOT RUN" start="2026-02-23T16:49:59.201312" elapsed="0.000789"/>
</branch>
<status status="PASS" start="2026-02-23T16:49:59.201312" elapsed="0.000789"/>
</if>
<kw name="Log To Console" owner="BuiltIn">
<arg>✅ Product Added To Cart Successfully!</arg>
<doc>Logs the given message to the console.</doc>
<status status="PASS" start="2026-02-23T16:49:59.202101" elapsed="0.002322"/>
</kw>
<kw name="Wait Until Element Is Visible" owner="SeleniumLibrary">
<arg>${VIEW_CART_BTN}</arg>
<doc>Waits until the element ``locator`` is visible.</doc>
<status status="PASS" start="2026-02-23T16:49:59.204423" elapsed="0.021705"/>
</kw>
<kw name="Element Should Be Visible" owner="SeleniumLibrary">
<msg time="2026-02-23T16:49:59.244525" level="INFO">Element 'xpath=//a[normalize-space()="View Cart"]' is displayed.</msg>
<arg>${VIEW_CART_BTN}</arg>
<doc>Verifies that the element identified by ``locator`` is visible.</doc>
<status status="PASS" start="2026-02-23T16:49:59.227128" elapsed="0.017397"/>
</kw>
<status status="PASS" start="2026-02-23T16:49:55.736340" elapsed="3.508185"/>
</kw>
<kw name="Update Cart Quantity And Remove Item" owner="cart_update_remove_keywords">
<kw name="Run Keyword And Return Status" owner="BuiltIn">
<kw name="Wait Until Element Is Visible" owner="SeleniumLibrary">
<arg>${VIEW_CART_BTN}</arg>
<arg>5s</arg>
<doc>Waits until the element ``locator`` is visible.</doc>
<status status="PASS" start="2026-02-23T16:49:59.246542" elapsed="0.022281"/>
</kw>
<msg time="2026-02-23T16:49:59.268823" level="INFO">${cart_visible} = True</msg>
<var>${cart_visible}</var>
<arg>Wait Until Element Is Visible</arg>
<arg>${VIEW_CART_BTN}</arg>
<arg>5s</arg>
<doc>Runs the specified keyword and returns the status as a Boolean value.</doc>
<status status="PASS" start="2026-02-23T16:49:59.246542" elapsed="0.022790"/>
</kw>
<if>
<branch type="IF" condition="not ${cart_visible}">
<kw name="Log To Console" owner="BuiltIn">
<arg>⚠️ View Cart button not available. Cart may be empty. Skipping Update/Remove...</arg>
<doc>Logs the given message to the console.</doc>
<status status="NOT RUN" start="2026-02-23T16:49:59.269332" elapsed="0.000000"/>
</kw>
<kw name="Return From Keyword" owner="BuiltIn">
<doc>Returns from the enclosing user keyword.</doc>
<status status="NOT RUN" start="2026-02-23T16:49:59.270339" elapsed="0.000000"/>
</kw>
<status status="NOT RUN" start="2026-02-23T16:49:59.269332" elapsed="0.001007"/>
</branch>
<status status="PASS" start="2026-02-23T16:49:59.269332" elapsed="0.001007"/>
</if>
<kw name="Click Element" owner="SeleniumLibrary">
<msg time="2026-02-23T16:49:59.270846" level="INFO">Clicking element 'xpath=//a[normalize-space()="View Cart"]'.</msg>
<arg>${VIEW_CART_BTN}</arg>
<doc>Click the element identified by ``locator``.</doc>
<status status="PASS" start="2026-02-23T16:49:59.270846" elapsed="1.797771"/>
</kw>
<kw name="Wait Until Element Is Visible" owner="SeleniumLibrary">
<arg>${CART_HEADING}</arg>
<arg>5s</arg>
<doc>Waits until the element ``locator`` is visible.</doc>
<status status="PASS" start="2026-02-23T16:50:01.068617" elapsed="0.023650"/>
</kw>
<kw name="Log To Console" owner="BuiltIn">
<arg>✅ Shopping Cart Page Opened</arg>
<doc>Logs the given message to the console.</doc>
<status status="PASS" start="2026-02-23T16:50:01.093261" elapsed="0.000000"/>
</kw>
<kw name="Run Keyword And Return Status" owner="BuiltIn">
<kw name="Wait Until Element Is Visible" owner="SeleniumLibrary">
<arg>${QTY_BOX}</arg>
<arg>5s</arg>
<doc>Waits until the element ``locator`` is visible.</doc>
<status status="PASS" start="2026-02-23T16:50:01.095283" elapsed="0.028076"/>
</kw>
<msg time="2026-02-23T16:50:01.123359" level="INFO">${qty_present} = True</msg>
<var>${qty_present}</var>
<arg>Wait Until Element Is Visible</arg>
<arg>${QTY_BOX}</arg>
<arg>5s</arg>
<doc>Runs the specified keyword and returns the status as a Boolean value.</doc>
<status status="PASS" start="2026-02-23T16:50:01.094304" elapsed="0.030092"/>
</kw>
<if>
<branch type="IF" condition="not ${qty_present}">
<kw name="Log To Console" owner="BuiltIn">
<arg>⚠️ No items found in cart. Skipping update/remove...</arg>
<doc>Logs the given message to the console.</doc>
<status status="NOT RUN" start="2026-02-23T16:50:01.124396" elapsed="0.000000"/>
</kw>
<kw name="Return From Keyword" owner="BuiltIn">
<doc>Returns from the enclosing user keyword.</doc>
<status status="NOT RUN" start="2026-02-23T16:50:01.125762" elapsed="0.000000"/>
</kw>
<status status="NOT RUN" start="2026-02-23T16:50:01.124396" elapsed="0.001366"/>
</branch>
<status status="PASS" start="2026-02-23T16:50:01.124396" elapsed="0.001366"/>
</if>
<kw name="Clear Element Text" owner="SeleniumLibrary">
<arg>${QTY_BOX}</arg>
<doc>Clears the value of the text-input-element identified by ``locator``.</doc>
<status status="PASS" start="2026-02-23T16:50:01.125762" elapsed="0.049500"/>
</kw>
<kw name="Input Text" owner="SeleniumLibrary">
<msg time="2026-02-23T16:50:01.176263" level="INFO">Typing text '2' into text field 'xpath=//input[contains(@name,"quantity")]'.</msg>
<arg>${QTY_BOX}</arg>
<arg>2</arg>
<doc>Types the given ``text`` into the text field identified by ``locator``.</doc>
<status status="PASS" start="2026-02-23T16:50:01.175262" elapsed="0.120443"/>
</kw>
<kw name="Textfield Value Should Be" owner="SeleniumLibrary">
<msg time="2026-02-23T16:50:01.333873" level="INFO">Content of text field 'xpath=//input[contains(@name,"quantity")]' is '2'.</msg>
<arg>${QTY_BOX}</arg>
<arg>2</arg>
<doc>Verifies text field ``locator`` has exactly text ``expected``.</doc>
<status status="PASS" start="2026-02-23T16:50:01.295705" elapsed="0.038168"/>
</kw>
<kw name="Run Keyword And Return Status" owner="BuiltIn">
<kw name="Element Should Be Enabled" owner="SeleniumLibrary">
<arg>${UPDATE_BTN}</arg>
<doc>Verifies that element identified by ``locator`` is enabled.</doc>
<status status="PASS" start="2026-02-23T16:50:01.334907" elapsed="0.033892"/>
</kw>
<msg time="2026-02-23T16:50:01.368799" level="INFO">${update_enabled} = True</msg>
<var>${update_enabled}</var>
<arg>Element Should Be Enabled</arg>
<arg>${UPDATE_BTN}</arg>
<doc>Runs the specified keyword and returns the status as a Boolean value.</doc>
<status status="PASS" start="2026-02-23T16:50:01.334907" elapsed="0.033892"/>
</kw>
<if>
<branch type="IF" condition="not ${update_enabled}">
<kw name="Log To Console" owner="BuiltIn">
<arg>⚠️ Update button not enabled. Skipping...</arg>
<doc>Logs the given message to the console.</doc>
<status status="NOT RUN" start="2026-02-23T16:50:01.370340" elapsed="0.000000"/>
</kw>
<kw name="Return From Keyword" owner="BuiltIn">
<doc>Returns from the enclosing user keyword.</doc>
<status status="NOT RUN" start="2026-02-23T16:50:01.370340" elapsed="0.000000"/>
</kw>
<status status="NOT RUN" start="2026-02-23T16:50:01.370340" elapsed="0.000000"/>
</branch>
<status status="PASS" start="2026-02-23T16:50:01.370340" elapsed="0.000000"/>
</if>
<kw name="Click Element" owner="SeleniumLibrary">
<msg time="2026-02-23T16:50:01.371355" level="INFO">Clicking element 'xpath=//*[@id="content"]/form/div/table/tbody/tr/td[4]/div/div/button[1]'.</msg>
<arg>${UPDATE_BTN}</arg>
<doc>Click the element identified by ``locator``.</doc>
<status status="PASS" start="2026-02-23T16:50:01.370340" elapsed="1.003440"/>
</kw>
<kw name="Run Keyword And Return Status" owner="BuiltIn">
<kw name="Page Should Contain" owner="SeleniumLibrary">
<msg time="2026-02-23T16:50:02.392699" level="INFO">Current page contains text 'Success: You have modified your shopping cart'.</msg>
<arg>Success: You have modified your shopping cart</arg>
<doc>Verifies that current page contains ``text``.</doc>
<status status="PASS" start="2026-02-23T16:50:02.374899" elapsed="0.017800"/>
</kw>
<msg time="2026-02-23T16:50:02.392699" level="INFO">${update_msg} = True</msg>
<var>${update_msg}</var>
<arg>Page Should Contain</arg>
<arg>Success: You have modified your shopping cart</arg>
<doc>Runs the specified keyword and returns the status as a Boolean value.</doc>
<status status="PASS" start="2026-02-23T16:50:02.373780" elapsed="0.018919"/>
</kw>
<if>
<branch type="IF" condition="${update_msg}">
<kw name="Log To Console" owner="BuiltIn">
<arg>✅ Quantity Updated Successfully</arg>
<doc>Logs the given message to the console.</doc>
<status status="PASS" start="2026-02-23T16:50:02.392699" elapsed="0.001013"/>
</kw>
<status status="PASS" start="2026-02-23T16:50:02.392699" elapsed="0.001013"/>
</branch>
<branch type="ELSE">
<kw name="Log To Console" owner="BuiltIn">
<arg>⚠️ Update message not displayed, continuing...</arg>
<doc>Logs the given message to the console.</doc>
<status status="NOT RUN" start="2026-02-23T16:50:02.393712" elapsed="0.000000"/>
</kw>
<status status="NOT RUN" start="2026-02-23T16:50:02.393712" elapsed="0.000000"/>
</branch>
<status status="PASS" start="2026-02-23T16:50:02.392699" elapsed="0.001013"/>
</if>
<kw name="Run Keyword And Return Status" owner="BuiltIn">
<kw name="Element Should Be Enabled" owner="SeleniumLibrary">
<arg>${REMOVE_BTN}</arg>
<doc>Verifies that element identified by ``locator`` is enabled.</doc>
<status status="PASS" start="2026-02-23T16:50:02.393712" elapsed="0.031590"/>
</kw>
<msg time="2026-02-23T16:50:02.425302" level="INFO">${remove_enabled} = True</msg>
<var>${remove_enabled}</var>
<arg>Element Should Be Enabled</arg>
<arg>${REMOVE_BTN}</arg>
<doc>Runs the specified keyword and returns the status as a Boolean value.</doc>
<status status="PASS" start="2026-02-23T16:50:02.393712" elapsed="0.031590"/>
</kw>
<if>
<branch type="IF" condition="not ${remove_enabled}">
<kw name="Log To Console" owner="BuiltIn">
<arg>⚠️ Remove button not enabled. Skipping...</arg>
<doc>Logs the given message to the console.</doc>
<status status="NOT RUN" start="2026-02-23T16:50:02.426333" elapsed="0.000000"/>
</kw>
<kw name="Return From Keyword" owner="BuiltIn">
<doc>Returns from the enclosing user keyword.</doc>
<status status="NOT RUN" start="2026-02-23T16:50:02.426333" elapsed="0.000000"/>
</kw>
<status status="NOT RUN" start="2026-02-23T16:50:02.425302" elapsed="0.001031"/>
</branch>
<status status="PASS" start="2026-02-23T16:50:02.425302" elapsed="0.001031"/>
</if>
<kw name="Click Element" owner="SeleniumLibrary">
<msg time="2026-02-23T16:50:02.427336" level="INFO">Clicking element 'xpath=//*[@id="content"]/form/div/table/tbody/tr/td[4]/div/div/button[2]'.</msg>
<arg>${REMOVE_BTN}</arg>
<doc>Click the element identified by ``locator``.</doc>
<status status="PASS" start="2026-02-23T16:50:02.426333" elapsed="0.096982"/>
</kw>
<kw name="Sleep" owner="BuiltIn">
<msg time="2026-02-23T16:50:04.523536" level="INFO">Slept 2 seconds.</msg>
<arg>2s</arg>
<doc>Pauses the test executed for the given time.</doc>
<status status="PASS" start="2026-02-23T16:50:02.523315" elapsed="2.000221"/>
</kw>
<kw name="Run Keyword And Return Status" owner="BuiltIn">
<kw name="Wait Until Page Contains" owner="SeleniumLibrary">
<arg>Your shopping cart is empty!</arg>
<arg>5s</arg>
<doc>Waits until ``text`` appears on the current page.</doc>
<status status="PASS" start="2026-02-23T16:50:04.524546" elapsed="0.035425"/>
</kw>
<msg time="2026-02-23T16:50:04.560987" level="INFO">${empty_cart} = True</msg>
<var>${empty_cart}</var>
<arg>Wait Until Page Contains</arg>
<arg>Your shopping cart is empty!</arg>
<arg>5s</arg>
<doc>Runs the specified keyword and returns the status as a Boolean value.</doc>
<status status="PASS" start="2026-02-23T16:50:04.523536" elapsed="0.037451"/>
</kw>
<if>
<branch type="IF" condition="${empty_cart}">
<kw name="Log To Console" owner="BuiltIn">
<arg>✅ Item Removed Successfully and Cart is Empty</arg>
<doc>Logs the given message to the console.</doc>
<status status="PASS" start="2026-02-23T16:50:04.560987" elapsed="0.001607"/>
</kw>
<status status="PASS" start="2026-02-23T16:50:04.560987" elapsed="0.001607"/>
</branch>
<branch type="ELSE">
<kw name="Log To Console" owner="BuiltIn">
<arg>⚠️ Cart empty message not shown.</arg>
<doc>Logs the given message to the console.</doc>
<status status="NOT RUN" start="2026-02-23T16:50:04.562594" elapsed="0.000000"/>
</kw>
<status status="NOT RUN" start="2026-02-23T16:50:04.562594" elapsed="0.000000"/>
</branch>
<status status="PASS" start="2026-02-23T16:50:04.560987" elapsed="0.001607"/>
</if>
<status status="PASS" start="2026-02-23T16:49:59.245543" elapsed="5.317051"/>
</kw>
<kw name="Logout User Successfully" owner="logout_keywords">
<kw name="Wait Until Element Is Visible" owner="SeleniumLibrary">
<arg>${MY_ACCOUNT_MENU}</arg>
<doc>Waits until the element ``locator`` is visible.</doc>
<status status="PASS" start="2026-02-23T16:50:04.563662" elapsed="0.023514"/>
</kw>
<kw name="Click Element" owner="SeleniumLibrary">
<msg time="2026-02-23T16:50:04.589271" level="INFO">Clicking element 'xpath=//a[contains(@href,"route=account/account") and contains(@class,"dropdown-toggle")]'.</msg>
<arg>${MY_ACCOUNT_MENU}</arg>
<doc>Click the element identified by ``locator``.</doc>
<status status="PASS" start="2026-02-23T16:50:04.588684" elapsed="0.898878"/>
</kw>
<kw name="Sleep" owner="BuiltIn">
<msg time="2026-02-23T16:50:06.491458" level="INFO">Slept 1 second.</msg>
<arg>1s</arg>
<doc>Pauses the test executed for the given time.</doc>
<status status="PASS" start="2026-02-23T16:50:05.487562" elapsed="1.003896"/>
</kw>
<kw name="Wait Until Element Is Visible" owner="SeleniumLibrary">
<arg>${LOGOUT_LINK}</arg>
<doc>Waits until the element ``locator`` is visible.</doc>
<status status="PASS" start="2026-02-23T16:50:06.491458" elapsed="0.020720"/>
</kw>
<kw name="Element Should Be Visible" owner="SeleniumLibrary">
<msg time="2026-02-23T16:50:06.532771" level="INFO">Element 'xpath=//a[contains(@href,"route=account/logout") and contains(text(),"Logout")]' is displayed.</msg>
<arg>${LOGOUT_LINK}</arg>
<doc>Verifies that the element identified by ``locator`` is visible.</doc>
<status status="PASS" start="2026-02-23T16:50:06.512178" elapsed="0.020593"/>
</kw>
<kw name="Click Element" owner="SeleniumLibrary">
<msg time="2026-02-23T16:50:06.533978" level="INFO">Clicking element 'xpath=//a[contains(@href,"route=account/logout") and contains(text(),"Logout")]'.</msg>
<arg>${LOGOUT_LINK}</arg>
<doc>Click the element identified by ``locator``.</doc>
<status status="PASS" start="2026-02-23T16:50:06.532771" elapsed="4.973958"/>
</kw>
<kw name="Wait Until Element Is Visible" owner="SeleniumLibrary">
<arg>${LOGOUT_TEXT}</arg>
<doc>Waits until the element ``locator`` is visible.</doc>
<status status="PASS" start="2026-02-23T16:50:11.507729" elapsed="0.038894"/>
</kw>
<kw name="Element Should Be Visible" owner="SeleniumLibrary">
<msg time="2026-02-23T16:50:11.567648" level="INFO">Element 'xpath=//h1[contains(text(),"Account Logout")]' is displayed.</msg>
<arg>${LOGOUT_TEXT}</arg>
<doc>Verifies that the element identified by ``locator`` is visible.</doc>
<status status="PASS" start="2026-02-23T16:50:11.547627" elapsed="0.020021"/>
</kw>
<kw name="Page Should Contain" owner="SeleniumLibrary">
<msg time="2026-02-23T16:50:11.582552" level="INFO">Current page contains text 'Account Logout'.</msg>
<arg>Account Logout</arg>
<doc>Verifies that current page contains ``text``.</doc>
<status status="PASS" start="2026-02-23T16:50:11.567648" elapsed="0.014904"/>
</kw>
<kw name="Location Should Contain" owner="SeleniumLibrary">
<msg time="2026-02-23T16:50:11.589065" level="INFO">Current location contains 'route=account/logout'.</msg>
<arg>route=account/logout</arg>
<doc>Verifies that the current URL contains ``expected``.</doc>
<status status="PASS" start="2026-02-23T16:50:11.583553" elapsed="0.005512"/>
</kw>
<kw name="Log To Console" owner="BuiltIn">
<arg>Logout Completed Successfully</arg>
<doc>Logs the given message to the console.</doc>
<status status="PASS" start="2026-02-23T16:50:11.590084" elapsed="0.000993"/>
</kw>
<status status="PASS" start="2026-02-23T16:50:04.562594" elapsed="7.028483"/>
</kw>
<arg>firstname=Abhi</arg>
<arg>lastname=Ram</arg>
<arg>phone=9876543210</arg>
<arg>password=Abhi@123</arg>
<arg>product=HP</arg>
<status status="PASS" start="2026-02-23T16:49:26.435087" elapsed="45.155990"/>
</kw>
<kw name="Capture Screenshot On Failure" owner="common" type="TEARDOWN">
<kw name="Run Keyword If Test Failed" owner="BuiltIn">
<arg>Capture Page Screenshot</arg>
<doc>Runs the given keyword with the given arguments, if the test failed.</doc>
<status status="PASS" start="2026-02-23T16:50:11.593335" elapsed="0.000000"/>
</kw>
<status status="PASS" start="2026-02-23T16:50:11.592352" elapsed="0.001997"/>
</kw>
<status status="PASS" start="2026-02-23T16:49:26.432566" elapsed="45.161783"/>
</test>
<test id="s1-s1-t2" name="end to end test for user- mohan rupesh" line="25">
<kw name="end to end flow">
<kw name="Register New User" owner="register_keywords">
<kw name="Go To" owner="SeleniumLibrary">
<msg time="2026-02-23T16:50:11.601766" level="INFO">Opening url 'https://ecommerce-playground.lambdatest.io/index.php'</msg>
<arg>${BASE_URL}</arg>
<doc>Navigates the current browser window to the provided ``url``.</doc>
<status status="PASS" start="2026-02-23T16:50:11.601766" elapsed="2.673050"/>
</kw>
<kw name="Title Should Be" owner="SeleniumLibrary">
<msg time="2026-02-23T16:50:14.285668" level="INFO">Page title is 'Your Store'.</msg>
<arg>Your Store</arg>
<doc>Verifies that the current page title equals ``title``.</doc>
<status status="PASS" start="2026-02-23T16:50:14.274816" elapsed="0.010852"/>
</kw>
<kw name="Page Should Contain" owner="SeleniumLibrary">
<msg time="2026-02-23T16:50:14.304996" level="INFO">Current page contains text 'My account'.</msg>
<arg>My account</arg>
<doc>Verifies that current page contains ``text``.</doc>
<status status="PASS" start="2026-02-23T16:50:14.286985" elapsed="0.019246"/>
</kw>
<kw name="Wait Until Element Is Visible" owner="SeleniumLibrary">
<arg>${MY_ACCOUNT_MENU}</arg>
<doc>Waits until the element ``locator`` is visible.</doc>
<status status="PASS" start="2026-02-23T16:50:14.306231" elapsed="0.022954"/>
</kw>
<kw name="Click Element" owner="SeleniumLibrary">
<msg time="2026-02-23T16:50:14.329185" level="INFO">Clicking element 'xpath=//a[contains(@href,"route=account/account") and contains(@class,"dropdown-toggle")]'.</msg>
<arg>${MY_ACCOUNT_MENU}</arg>
<doc>Click the element identified by ``locator``.</doc>
<status status="PASS" start="2026-02-23T16:50:14.329185" elapsed="1.203246"/>
</kw>
<kw name="Sleep" owner="BuiltIn">
<msg time="2026-02-23T16:50:16.533747" level="INFO">Slept 1 second.</msg>
<arg>1s</arg>
<doc>Pauses the test executed for the given time.</doc>
<status status="PASS" start="2026-02-23T16:50:15.532431" elapsed="1.001316"/>
</kw>
<kw name="Wait Until Element Is Visible" owner="SeleniumLibrary">
<arg>${REGISTER_LINK}</arg>
<doc>Waits until the element ``locator`` is visible.</doc>
<status status="PASS" start="2026-02-23T16:50:16.534255" elapsed="0.021407"/>
</kw>
<kw name="Click Element" owner="SeleniumLibrary">
<msg time="2026-02-23T16:50:16.556691" level="INFO">Clicking element 'xpath=//a[contains(@href,"route=account/register") and contains(text(),"Register")]'.</msg>
<arg>${REGISTER_LINK}</arg>
<doc>Click the element identified by ``locator``.</doc>
<status status="PASS" start="2026-02-23T16:50:16.556691" elapsed="0.906624"/>
</kw>
<kw name="Wait Until Page Contains" owner="SeleniumLibrary">
<arg>Register Account</arg>
<doc>Waits until ``text`` appears on the current page.</doc>
<status status="PASS" start="2026-02-23T16:50:17.463315" elapsed="0.014703"/>
</kw>
<kw name="Location Should Contain" owner="SeleniumLibrary">
<msg time="2026-02-23T16:50:17.484085" level="INFO">Current location contains 'route=account/register'.</msg>
<arg>route=account/register</arg>
<doc>Verifies that the current URL contains ``expected``.</doc>
<status status="PASS" start="2026-02-23T16:50:17.478018" elapsed="0.006067"/>
</kw>
<status status="PASS" start="2026-02-23T16:50:11.601766" elapsed="5.882319"/>
</kw>
<kw name="input firstname" owner="register_keywords">
<kw name="Input Text" owner="SeleniumLibrary">
<msg time="2026-02-23T16:50:17.485078" level="INFO">Typing text 'mohan' into text field 'id=input-firstname'.</msg>
<arg>${FIRSTNAME_INPUT}</arg>
<arg>${firstname}</arg>
<doc>Types the given ``text`` into the text field identified by ``locator``.</doc>
<status status="PASS" start="2026-02-23T16:50:17.485078" elapsed="0.117984"/>
</kw>
<arg>${firstname}</arg>
<status status="PASS" start="2026-02-23T16:50:17.484085" elapsed="0.118977"/>
</kw>
<kw name="input lastname" owner="register_keywords">
<kw name="Input Text" owner="SeleniumLibrary">
<msg time="2026-02-23T16:50:17.604703" level="INFO">Typing text 'rupesh' into text field 'id=input-lastname'.</msg>
<arg>${LASTNAME_INPUT}</arg>
<arg>${lastname}</arg>
<doc>Types the given ``text`` into the text field identified by ``locator``.</doc>
<status status="PASS" start="2026-02-23T16:50:17.603062" elapsed="0.149560"/>
</kw>
<arg>${lastname}</arg>
<status status="PASS" start="2026-02-23T16:50:17.603062" elapsed="0.149560"/>
</kw>
<kw name="input email" owner="register_keywords">
<kw name="Generate Unique Email" owner="email_generator">
<kw name="Generate Random String" owner="String">
<msg time="2026-02-23T16:50:17.754832" level="INFO">${random} = 2719</msg>
<var>${random}</var>
<arg>4</arg>
<arg>0123456789</arg>
<doc>Generates a string with a desired ``length`` from the given ``chars``.</doc>
<status status="PASS" start="2026-02-23T16:50:17.753614" elapsed="0.001218"/>
</kw>
<kw name="Set Variable" owner="BuiltIn">
<msg time="2026-02-23T16:50:17.755904" level="INFO">${email} = test_user_2719@gmail.com</msg>
<var>${email}</var>
<arg>test_user_${random}@gmail.com</arg>
<doc>Returns the given values which can then be assigned to a variables.</doc>
<status status="PASS" start="2026-02-23T16:50:17.754832" elapsed="0.001072"/>
</kw>
<kw name="Set Suite Variable" owner="BuiltIn">
<msg time="2026-02-23T16:50:17.757002" level="INFO">${EMAIL} = test_user_2719@gmail.com</msg>
<arg>${EMAIL}</arg>
<arg>${email}</arg>
<doc>Makes a variable available everywhere within the scope of the current suite.</doc>
<status status="PASS" start="2026-02-23T16:50:17.755904" elapsed="0.001098"/>
</kw>
<kw name="Log To Console" owner="BuiltIn">
<arg>Dynamic Email Generated: ${EMAIL}</arg>
<doc>Logs the given message to the console.</doc>
<status status="PASS" start="2026-02-23T16:50:17.757002" elapsed="0.001179"/>
</kw>
<status status="PASS" start="2026-02-23T16:50:17.753614" elapsed="0.004567"/>
</kw>
<kw name="Log To Console" owner="BuiltIn">
<arg>Registering with Email: ${EMAIL}</arg>
<doc>Logs the given message to the console.</doc>
<status status="PASS" start="2026-02-23T16:50:17.758181" elapsed="0.001066"/>
</kw>
<kw name="Input Text" owner="SeleniumLibrary">
<msg time="2026-02-23T16:50:17.759247" level="INFO">Typing text 'test_user_2719@gmail.com' into text field 'id=input-email'.</msg>
<arg>${EMAIL_INPUT}</arg>
<arg>${EMAIL}</arg>
<doc>Types the given ``text`` into the text field identified by ``locator``.</doc>
<status status="PASS" start="2026-02-23T16:50:17.759247" elapsed="0.231354"/>
</kw>
<status status="PASS" start="2026-02-23T16:50:17.753614" elapsed="0.236987"/>
</kw>
<kw name="input phone" owner="register_keywords">
<kw name="Input Text" owner="SeleniumLibrary">
<msg time="2026-02-23T16:50:17.992127" level="INFO">Typing text '9123456789' into text field 'id=input-telephone'.</msg>
<arg>${PHONE_INPUT}</arg>
<arg>${phone}</arg>
<doc>Types the given ``text`` into the text field identified by ``locator``.</doc>
<status status="PASS" start="2026-02-23T16:50:17.992127" elapsed="0.152750"/>
</kw>
<arg>${phone}</arg>
<status status="PASS" start="2026-02-23T16:50:17.991108" elapsed="0.153769"/>
</kw>
<kw name="input password" owner="register_keywords">
<kw name="Input Text" owner="SeleniumLibrary">
<msg time="2026-02-23T16:50:18.148349" level="INFO">Typing text 'Rupesh@123' into text field 'id=input-password'.</msg>
<arg>${PASSWORD_INPUT}</arg>
<arg>${password}</arg>
<doc>Types the given ``text`` into the text field identified by ``locator``.</doc>
<status status="PASS" start="2026-02-23T16:50:18.146467" elapsed="0.122705"/>
</kw>
<kw name="Input Text" owner="SeleniumLibrary">
<msg time="2026-02-23T16:50:18.270182" level="INFO">Typing text 'Rupesh@123' into text field 'id=input-confirm'.</msg>
<arg>${CONFIRM_INPUT}</arg>
<arg>${password}</arg>
<doc>Types the given ``text`` into the text field identified by ``locator``.</doc>
<status status="PASS" start="2026-02-23T16:50:18.270182" elapsed="0.131158"/>
</kw>
<kw name="Textfield Value Should Be" owner="SeleniumLibrary">
<msg time="2026-02-23T16:50:18.433535" level="INFO">Content of text field 'id=input-confirm' is 'Rupesh@123'.</msg>
<arg>${CONFIRM_INPUT}</arg>
<arg>${password}</arg>
<doc>Verifies text field ``locator`` has exactly text ``expected``.</doc>
<status status="PASS" start="2026-02-23T16:50:18.401340" elapsed="0.032195"/>
</kw>
<arg>${password}</arg>
<status status="PASS" start="2026-02-23T16:50:18.146467" elapsed="0.287068"/>
</kw>
<kw name="click agree" owner="register_keywords">
<kw name="Click Element" owner="SeleniumLibrary">
<msg time="2026-02-23T16:50:18.435059" level="INFO">Clicking element 'xpath=//label[@for="input-agree"]'.</msg>
<arg>${AGREE_LABEL}</arg>
<doc>Click the element identified by ``locator``.</doc>
<status status="PASS" start="2026-02-23T16:50:18.433535" elapsed="0.077542"/>
</kw>
<kw name="Checkbox Should Be Selected" owner="SeleniumLibrary">
<msg time="2026-02-23T16:50:18.512242" level="INFO">Verifying checkbox 'id=input-agree' is selected.</msg>
<arg>id=input-agree</arg>
<doc>Verifies checkbox ``locator`` is selected/checked.</doc>
<status status="PASS" start="2026-02-23T16:50:18.512242" elapsed="0.035292"/>
</kw>
<status status="PASS" start="2026-02-23T16:50:18.433535" elapsed="0.113999"/>
</kw>
<kw name="click continue" owner="register_keywords">
<kw name="Scroll Element Into View" owner="SeleniumLibrary">
<arg>${CONTINUE_BUTTON}</arg>
<doc>Scrolls the element identified by ``locator`` into view.</doc>
<status status="PASS" start="2026-02-23T16:50:18.548880" elapsed="0.277443"/>
</kw>
<kw name="Click Button" owner="SeleniumLibrary">
<msg time="2026-02-23T16:50:18.827347" level="INFO">Clicking button 'css=input.btn.btn-primary[type="submit"][value="Continue"]'.</msg>
<arg>${CONTINUE_BUTTON}</arg>
<doc>Clicks the button identified by ``locator``.</doc>
<status status="PASS" start="2026-02-23T16:50:18.827347" elapsed="0.108027"/>
</kw>
<kw name="Wait Until Element Is Visible" owner="SeleniumLibrary">
<arg>${SUCCESS_TEXT}</arg>
<doc>Waits until the element ``locator`` is visible.</doc>
<status status="PASS" start="2026-02-23T16:50:18.936384" elapsed="1.585735"/>
</kw>
<kw name="Page Should Contain" owner="SeleniumLibrary">
<msg time="2026-02-23T16:50:20.537267" level="INFO">Current page contains text 'Your Account Has Been Created'.</msg>
<arg>Your Account Has Been Created</arg>
<doc>Verifies that current page contains ``text``.</doc>
<status status="PASS" start="2026-02-23T16:50:20.522119" elapsed="0.015148"/>
</kw>
<kw name="Log To Console" owner="BuiltIn">
<arg>Registration Completed Successfully for ${firstname}</arg>
<doc>Logs the given message to the console.</doc>
<status status="PASS" start="2026-02-23T16:50:20.537267" elapsed="0.001004"/>
</kw>
<status status="PASS" start="2026-02-23T16:50:18.547534" elapsed="1.991725"/>
</kw>
<kw name="click logout" owner="register_keywords">
<kw name="Logout User Successfully" owner="logout_keywords">
<kw name="Wait Until Element Is Visible" owner="SeleniumLibrary">
<arg>${MY_ACCOUNT_MENU}</arg>
<doc>Waits until the element ``locator`` is visible.</doc>
<status status="PASS" start="2026-02-23T16:50:20.539764" elapsed="0.027361"/>
</kw>
<kw name="Click Element" owner="SeleniumLibrary">
<msg time="2026-02-23T16:50:20.568137" level="INFO">Clicking element 'xpath=//a[contains(@href,"route=account/account") and contains(@class,"dropdown-toggle")]'.</msg>
<arg>${MY_ACCOUNT_MENU}</arg>
<doc>Click the element identified by ``locator``.</doc>
<status status="PASS" start="2026-02-23T16:50:20.568137" elapsed="0.952226"/>
</kw>
<kw name="Sleep" owner="BuiltIn">
<msg time="2026-02-23T16:50:22.520760" level="INFO">Slept 1 second.</msg>
<arg>1s</arg>
<doc>Pauses the test executed for the given time.</doc>
<status status="PASS" start="2026-02-23T16:50:21.520363" elapsed="1.000397"/>
</kw>
<kw name="Wait Until Element Is Visible" owner="SeleniumLibrary">
<arg>${LOGOUT_LINK}</arg>
<doc>Waits until the element ``locator`` is visible.</doc>
<status status="PASS" start="2026-02-23T16:50:22.520760" elapsed="0.027389"/>
</kw>
<kw name="Element Should Be Visible" owner="SeleniumLibrary">
<msg time="2026-02-23T16:50:22.593009" level="INFO">Element 'xpath=//a[contains(@href,"route=account/logout") and contains(text(),"Logout")]' is displayed.</msg>
<arg>${LOGOUT_LINK}</arg>
<doc>Verifies that the element identified by ``locator`` is visible.</doc>
<status status="PASS" start="2026-02-23T16:50:22.548149" elapsed="0.045585"/>
</kw>
<kw name="Click Element" owner="SeleniumLibrary">
<msg time="2026-02-23T16:50:22.593734" level="INFO">Clicking element 'xpath=//a[contains(@href,"route=account/logout") and contains(text(),"Logout")]'.</msg>
<arg>${LOGOUT_LINK}</arg>
<doc>Click the element identified by ``locator``.</doc>
<status status="PASS" start="2026-02-23T16:50:22.593734" elapsed="1.231050"/>
</kw>
<kw name="Wait Until Element Is Visible" owner="SeleniumLibrary">
<arg>${LOGOUT_TEXT}</arg>
<doc>Waits until the element ``locator`` is visible.</doc>
<status status="PASS" start="2026-02-23T16:50:23.825785" elapsed="0.031785"/>
</kw>
<kw name="Element Should Be Visible" owner="SeleniumLibrary">
<msg time="2026-02-23T16:50:23.906296" level="INFO">Element 'xpath=//h1[contains(text(),"Account Logout")]' is displayed.</msg>
<arg>${LOGOUT_TEXT}</arg>
<doc>Verifies that the element identified by ``locator`` is visible.</doc>
<status status="PASS" start="2026-02-23T16:50:23.857570" elapsed="0.049832"/>
</kw>
<kw name="Page Should Contain" owner="SeleniumLibrary">
<msg time="2026-02-23T16:50:23.931055" level="INFO">Current page contains text 'Account Logout'.</msg>
<arg>Account Logout</arg>
<doc>Verifies that current page contains ``text``.</doc>
<status status="PASS" start="2026-02-23T16:50:23.907402" elapsed="0.023653"/>
</kw>
<kw name="Location Should Contain" owner="SeleniumLibrary">
<msg time="2026-02-23T16:50:23.940986" level="INFO">Current location contains 'route=account/logout'.</msg>
<arg>route=account/logout</arg>
<doc>Verifies that the current URL contains ``expected``.</doc>
<status status="PASS" start="2026-02-23T16:50:23.931055" elapsed="0.009931"/>
</kw>
<kw name="Log To Console" owner="BuiltIn">
<arg>Logout Completed Successfully</arg>
<doc>Logs the given message to the console.</doc>
<status status="PASS" start="2026-02-23T16:50:23.941492" elapsed="0.001030"/>
</kw>
<status status="PASS" start="2026-02-23T16:50:20.539764" elapsed="3.402758"/>
</kw>
<status status="PASS" start="2026-02-23T16:50:20.539259" elapsed="3.403263"/>
</kw>
<kw name="Login User Successfully" owner="login_keywords">
<kw name="Go To" owner="SeleniumLibrary">
<msg time="2026-02-23T16:50:23.944516" level="INFO">Opening url 'https://ecommerce-playground.lambdatest.io/index.php'</msg>
<arg>${BASE_URL}</arg>
<doc>Navigates the current browser window to the provided ``url``.</doc>
<status status="PASS" start="2026-02-23T16:50:23.944516" elapsed="1.274834"/>
</kw>
<kw name="Page Should Contain" owner="SeleniumLibrary">
<msg time="2026-02-23T16:50:25.424577" level="INFO">Current page contains text 'My account'.</msg>
<arg>My account</arg>
<doc>Verifies that current page contains ``text``.</doc>
<status status="PASS" start="2026-02-23T16:50:25.219350" elapsed="0.205227"/>
</kw>
<kw name="Wait Until Element Is Visible" owner="SeleniumLibrary">
<arg>${MY_ACCOUNT_MENU}</arg>
<doc>Waits until the element ``locator`` is visible.</doc>
<status status="PASS" start="2026-02-23T16:50:25.425576" elapsed="0.027713"/>
</kw>
<kw name="Click Element" owner="SeleniumLibrary">
<msg time="2026-02-23T16:50:25.454790" level="INFO">Clicking element 'xpath=//a[contains(@href,"route=account/account") and contains(@class,"dropdown-toggle")]'.</msg>
<arg>${MY_ACCOUNT_MENU}</arg>
<doc>Click the element identified by ``locator``.</doc>
<status status="PASS" start="2026-02-23T16:50:25.454790" elapsed="1.312212"/>
</kw>
<kw name="Sleep" owner="BuiltIn">
<msg time="2026-02-23T16:50:27.768211" level="INFO">Slept 1 second.</msg>
<arg>1s</arg>
<doc>Pauses the test executed for the given time.</doc>
<status status="PASS" start="2026-02-23T16:50:26.767002" elapsed="1.001209"/>
</kw>
<kw name="Wait Until Element Is Visible" owner="SeleniumLibrary">
<arg>${LOGIN_LINK}</arg>
<doc>Waits until the element ``locator`` is visible.</doc>
<status status="PASS" start="2026-02-23T16:50:27.768211" elapsed="0.021453"/>
</kw>
<kw name="Click Element" owner="SeleniumLibrary">
<msg time="2026-02-23T16:50:27.790731" level="INFO">Clicking element 'xpath=//a[contains(@href,"route=account/login") and contains(text(),"Login")]'.</msg>
<arg>${LOGIN_LINK}</arg>
<doc>Click the element identified by ``locator``.</doc>
<status status="PASS" start="2026-02-23T16:50:27.789664" elapsed="0.904083"/>
</kw>
<kw name="Wait Until Page Contains" owner="SeleniumLibrary">
<arg>Account Login</arg>
<doc>Waits until ``text`` appears on the current page.</doc>
<status status="PASS" start="2026-02-23T16:50:28.693747" elapsed="0.010216"/>
</kw>
<kw name="Location Should Contain" owner="SeleniumLibrary">
<msg time="2026-02-23T16:50:28.715596" level="INFO">Current location contains 'route=account/login'.</msg>
<arg>route=account/login</arg>
<doc>Verifies that the current URL contains ``expected``.</doc>
<status status="PASS" start="2026-02-23T16:50:28.709373" elapsed="0.007222"/>
</kw>
<kw name="Log To Console" owner="BuiltIn">
<arg>Logging in with Email: ${EMAIL}</arg>
<doc>Logs the given message to the console.</doc>
<status status="PASS" start="2026-02-23T16:50:28.716595" elapsed="0.000000"/>
</kw>
<kw name="Input Text" owner="SeleniumLibrary">
<msg time="2026-02-23T16:50:28.717771" level="INFO">Typing text 'test_user_2719@gmail.com' into text field 'id=input-email'.</msg>
<arg>${EMAIL_INPUT}</arg>
<arg>${EMAIL}</arg>
<doc>Types the given ``text`` into the text field identified by ``locator``.</doc>
<status status="PASS" start="2026-02-23T16:50:28.717771" elapsed="0.170399"/>
</kw>
<kw name="Input Text" owner="SeleniumLibrary">
<msg time="2026-02-23T16:50:28.888170" level="INFO">Typing text 'Rupesh@123' into text field 'id=input-password'.</msg>
<arg>${PASSWORD_INPUT}</arg>
<arg>${password}</arg>
<doc>Types the given ``text`` into the text field identified by ``locator``.</doc>
<status status="PASS" start="2026-02-23T16:50:28.888170" elapsed="0.141353"/>
</kw>
<kw name="Click Button" owner="SeleniumLibrary">
<msg time="2026-02-23T16:50:29.031562" level="INFO">Clicking button 'css=input.btn.btn-primary[value="Login"]'.</msg>
<arg>${LOGIN_BUTTON}</arg>
<doc>Clicks the button identified by ``locator``.</doc>
<status status="PASS" start="2026-02-23T16:50:29.030037" elapsed="1.498274"/>
</kw>
<kw name="Wait Until Page Contains" owner="SeleniumLibrary">
<arg>My Account</arg>
<doc>Waits until ``text`` appears on the current page.</doc>
<status status="PASS" start="2026-02-23T16:50:30.528311" elapsed="0.015733"/>
</kw>
<kw name="Wait Until Element Is Visible" owner="SeleniumLibrary">
<arg>${MY_ACCOUNT_HEADING}</arg>
<doc>Waits until the element ``locator`` is visible.</doc>
<status status="PASS" start="2026-02-23T16:50:30.544044" elapsed="0.018938"/>
</kw>
<kw name="Page Should Contain" owner="SeleniumLibrary">
<msg time="2026-02-23T16:50:30.574094" level="INFO">Current page contains text 'My Account'.</msg>
<arg>My Account</arg>
<doc>Verifies that current page contains ``text``.</doc>
<status status="PASS" start="2026-02-23T16:50:30.563879" elapsed="0.011422"/>
</kw>
<kw name="Location Should Contain" owner="SeleniumLibrary">
<msg time="2026-02-23T16:50:30.580423" level="INFO">Current location contains 'route=account/account'.</msg>
<arg>route=account/account</arg>
<doc>Verifies that the current URL contains ``expected``.</doc>
<status status="PASS" start="2026-02-23T16:50:30.575301" elapsed="0.005122"/>
</kw>
<kw name="Log To Console" owner="BuiltIn">
<arg>Login Successful After Logout</arg>
<doc>Logs the given message to the console.</doc>
<status status="PASS" start="2026-02-23T16:50:30.580423" elapsed="0.001028"/>
</kw>
<arg>${password}</arg>
<status status="PASS" start="2026-02-23T16:50:23.943503" elapsed="6.637948"/>
</kw>
<kw name="Search Products" owner="search_keywords">
<kw name="Go To" owner="SeleniumLibrary">
<msg time="2026-02-23T16:50:30.583203" level="INFO">Opening url 'https://ecommerce-playground.lambdatest.io/index.php'</msg>
<arg>${BASE_URL}</arg>
<doc>Navigates the current browser window to the provided ``url``.</doc>
<status status="PASS" start="2026-02-23T16:50:30.583203" elapsed="3.538280"/>
</kw>
<kw name="Location Should Contain" owner="SeleniumLibrary">
<msg time="2026-02-23T16:50:34.136220" level="INFO">Current location contains 'index.php'.</msg>
<arg>index.php</arg>
<doc>Verifies that the current URL contains ``expected``.</doc>
<status status="PASS" start="2026-02-23T16:50:34.121988" elapsed="0.014232"/>
</kw>
<kw name="Page Should Contain" owner="SeleniumLibrary">
<msg time="2026-02-23T16:50:34.159788" level="INFO">Current page contains text 'Search'.</msg>
<arg>Search</arg>
<doc>Verifies that current page contains ``text``.</doc>
<status status="PASS" start="2026-02-23T16:50:34.137413" elapsed="0.022375"/>
</kw>
<kw name="Wait Until Element Is Visible" owner="SeleniumLibrary">
<arg>${SEARCH_BOX}</arg>
<doc>Waits until the element ``locator`` is visible.</doc>
<status status="PASS" start="2026-02-23T16:50:34.160305" elapsed="0.024289"/>
</kw>
<kw name="Element Should Be Visible" owner="SeleniumLibrary">
<msg time="2026-02-23T16:50:34.206755" level="INFO">Element 'name=search' is displayed.</msg>
<arg>${SEARCH_BOX}</arg>
<doc>Verifies that the element identified by ``locator`` is visible.</doc>
<status status="PASS" start="2026-02-23T16:50:34.184594" elapsed="0.022161"/>
</kw>
<kw name="Element Should Be Enabled" owner="SeleniumLibrary">
<arg>${SEARCH_BOX}</arg>
<doc>Verifies that element identified by ``locator`` is enabled.</doc>
<status status="PASS" start="2026-02-23T16:50:34.206755" elapsed="0.031621"/>
</kw>
<status status="PASS" start="2026-02-23T16:50:30.581451" elapsed="3.656925"/>
</kw>
<kw name="input search" owner="search_keywords">
<kw name="Clear Element Text" owner="SeleniumLibrary">
<arg>${SEARCH_BOX}</arg>
<doc>Clears the value of the text-input-element identified by ``locator``.</doc>
<status status="PASS" start="2026-02-23T16:50:34.238376" elapsed="0.046885"/>
</kw>
<kw name="Input Text" owner="SeleniumLibrary">
<msg time="2026-02-23T16:50:34.286255" level="INFO">Typing text 'nikon d300' into text field 'name=search'.</msg>
<arg>${SEARCH_BOX}</arg>
<arg>${product}</arg>
<doc>Types the given ``text`` into the text field identified by ``locator``.</doc>
<status status="PASS" start="2026-02-23T16:50:34.286255" elapsed="0.129225"/>
</kw>
<kw name="Textfield Value Should Be" owner="SeleniumLibrary">
<msg time="2026-02-23T16:50:34.464657" level="INFO">Content of text field 'name=search' is 'nikon d300'.</msg>
<arg>${SEARCH_BOX}</arg>
<arg>${product}</arg>
<doc>Verifies text field ``locator`` has exactly text ``expected``.</doc>
<status status="PASS" start="2026-02-23T16:50:34.415480" elapsed="0.049177"/>
</kw>
<arg>${product}</arg>
<status status="PASS" start="2026-02-23T16:50:34.238376" elapsed="0.226281"/>
</kw>
<kw name="input enter" owner="search_keywords">
<kw name="Press Keys" owner="SeleniumLibrary">
<msg time="2026-02-23T16:50:34.469537" level="INFO">Sending key(s) ('ENTER',) to name=search element.</msg>
<msg time="2026-02-23T16:50:34.765477" level="INFO">Pressing special key ENTER to element.</msg>
<msg time="2026-02-23T16:50:34.765477" level="INFO">Releasing special key ENTER.</msg>
<arg>${SEARCH_BOX}</arg>
<arg>ENTER</arg>
<doc>Simulates the user pressing key(s) to an element or on the active browser.</doc>
<status status="PASS" start="2026-02-23T16:50:34.465667" elapsed="0.346575"/>
</kw>
<kw name="Sleep" owner="BuiltIn">
<msg time="2026-02-23T16:50:37.813563" level="INFO">Slept 3 seconds.</msg>
<arg>3s</arg>
<doc>Pauses the test executed for the given time.</doc>
<status status="PASS" start="2026-02-23T16:50:34.813238" elapsed="3.000325"/>
</kw>
<status status="PASS" start="2026-02-23T16:50:34.465667" elapsed="3.347896"/>
</kw>
<kw name="validation" owner="search_keywords">
<kw name="Wait Until Page Contains" owner="SeleniumLibrary">
<arg>Search</arg>
<doc>Waits until ``text`` appears on the current page.</doc>
<status status="PASS" start="2026-02-23T16:50:37.814609" elapsed="0.016139"/>
</kw>
<kw name="Page Should Contain Element" owner="SeleniumLibrary">
<msg time="2026-02-23T16:50:37.839966" level="INFO">Current page contains element 'xpath=(//div[contains(@class,"product-thumb")]//h4/a)[1]'.</msg>
<arg>${FIRST_PRODUCT}</arg>
<doc>Verifies that element ``locator`` is found on the current page.</doc>
<status status="PASS" start="2026-02-23T16:50:37.830748" elapsed="0.010313"/>
</kw>
<kw name="Page Should Contain" owner="SeleniumLibrary">
<msg time="2026-02-23T16:50:37.856227" level="INFO">Current page contains text 'HP'.</msg>
<arg>${PRODUCT_NAME}</arg>
<doc>Verifies that current page contains ``text``.</doc>
<status status="PASS" start="2026-02-23T16:50:37.841061" elapsed="0.015166"/>
</kw>
<kw name="Log To Console" owner="BuiltIn">
<arg>Product Search Completed Successfully!</arg>
<doc>Logs the given message to the console.</doc>
<status status="PASS" start="2026-02-23T16:50:37.856227" elapsed="0.001144"/>
</kw>
<status status="PASS" start="2026-02-23T16:50:37.813563" elapsed="0.043808"/>
</kw>
<kw name="Open First Product Details" owner="product_keywords">
<kw name="Wait Until Element Is Visible" owner="SeleniumLibrary">
<arg>${FIRST_PRODUCT}</arg>
<doc>Waits until the element ``locator`` is visible.</doc>
<status status="PASS" start="2026-02-23T16:50:37.857371" elapsed="0.020848"/>
</kw>
<kw name="Element Should Be Visible" owner="SeleniumLibrary">
<msg time="2026-02-23T16:50:37.898043" level="INFO">Element 'xpath=(//div[contains(@class,"product-thumb")]//h4/a)[1]' is displayed.</msg>
<arg>${FIRST_PRODUCT}</arg>
<doc>Verifies that the element identified by ``locator`` is visible.</doc>
<status status="PASS" start="2026-02-23T16:50:37.878219" elapsed="0.019824"/>
</kw>
<kw name="Element Should Be Enabled" owner="SeleniumLibrary">
<arg>${FIRST_PRODUCT}</arg>
<doc>Verifies that element identified by ``locator`` is enabled.</doc>
<status status="PASS" start="2026-02-23T16:50:37.898043" elapsed="0.025737"/>
</kw>
<kw name="Click Element" owner="SeleniumLibrary">
<msg time="2026-02-23T16:50:37.924801" level="INFO">Clicking element 'xpath=(//div[contains(@class,"product-thumb")]//h4/a)[1]'.</msg>
<arg>${FIRST_PRODUCT}</arg>
<doc>Click the element identified by ``locator``.</doc>
<status status="PASS" start="2026-02-23T16:50:37.924801" elapsed="1.272949"/>
</kw>
[...]
<doc>Returns from the enclosing user keyword.</doc>
<status status="NOT RUN" start="2026-02-23T16:52:59.317335" elapsed="0.000000"/>
</kw>
<status status="NOT RUN" start="2026-02-23T16:52:59.316834" elapsed="0.001117"/>
</branch>
<status status="PASS" start="2026-02-23T16:52:59.316834" elapsed="0.001117"/>
</if>
<kw name="Click Element" owner="SeleniumLibrary">
<msg time="2026-02-23T16:52:59.317951" level="INFO">Clicking element 'css=div#entry_216842 button[title='Add to Cart']'.</msg>
<arg>${ADD_TO_CART}</arg>
<doc>Click the element identified by ``locator``.</doc>
<status status="PASS" start="2026-02-23T16:52:59.317951" elapsed="0.095801"/>
</kw>
<kw name="Sleep" owner="BuiltIn">
<msg time="2026-02-23T16:53:02.414407" level="INFO">Slept 3 seconds.</msg>
<arg>3s</arg>
<doc>Pauses the test executed for the given time.</doc>
<status status="PASS" start="2026-02-23T16:52:59.413752" elapsed="3.000655"/>
</kw>
<kw name="Run Keyword And Return Status" owner="BuiltIn">
<kw name="Wait Until Element Is Visible" owner="SeleniumLibrary">
<arg>${CART_SUCCESS_MSG}</arg>
<arg>5s</arg>
<doc>Waits until the element ``locator`` is visible.</doc>
<status status="PASS" start="2026-02-23T16:53:02.414922" elapsed="0.025513"/>
</kw>
<msg time="2026-02-23T16:53:02.440960" level="INFO">${success} = True</msg>
<var>${success}</var>
<arg>Wait Until Element Is Visible</arg>
<arg>${CART_SUCCESS_MSG}</arg>
<arg>5s</arg>
<doc>Runs the specified keyword and returns the status as a Boolean value.</doc>
<status status="PASS" start="2026-02-23T16:53:02.414922" elapsed="0.026038"/>
</kw>
<if>
<branch type="IF" condition="not ${success}">
<kw name="Log To Console" owner="BuiltIn">
<arg>⚠️ No success message appeared. Product may not be added.</arg>
<doc>Logs the given message to the console.</doc>
<status status="NOT RUN" start="2026-02-23T16:53:02.440960" elapsed="0.000000"/>
</kw>
<kw name="Return From Keyword" owner="BuiltIn">
<doc>Returns from the enclosing user keyword.</doc>
<status status="NOT RUN" start="2026-02-23T16:53:02.441973" elapsed="0.000000"/>
</kw>
<status status="NOT RUN" start="2026-02-23T16:53:02.440960" elapsed="0.001013"/>
</branch>
<status status="PASS" start="2026-02-23T16:53:02.440960" elapsed="0.001013"/>
</if>
<kw name="Log To Console" owner="BuiltIn">
<arg>✅ Product Added To Cart Successfully!</arg>
<doc>Logs the given message to the console.</doc>
<status status="PASS" start="2026-02-23T16:53:02.441973" elapsed="0.001070"/>
</kw>
<kw name="Wait Until Element Is Visible" owner="SeleniumLibrary">
<arg>${VIEW_CART_BTN}</arg>
<doc>Waits until the element ``locator`` is visible.</doc>
<status status="PASS" start="2026-02-23T16:53:02.443043" elapsed="0.026009"/>
</kw>
<kw name="Element Should Be Visible" owner="SeleniumLibrary">
<msg time="2026-02-23T16:53:02.486948" level="INFO">Element 'xpath=//a[normalize-space()="View Cart"]' is displayed.</msg>
<arg>${VIEW_CART_BTN}</arg>
<doc>Verifies that the element identified by ``locator`` is visible.</doc>
<status status="PASS" start="2026-02-23T16:53:02.469052" elapsed="0.017896"/>
</kw>
<status status="PASS" start="2026-02-23T16:52:58.967365" elapsed="3.519583"/>
</kw>
<kw name="Update Cart Quantity And Remove Item" owner="cart_update_remove_keywords">
<kw name="Run Keyword And Return Status" owner="BuiltIn">
<kw name="Wait Until Element Is Visible" owner="SeleniumLibrary">
<arg>${VIEW_CART_BTN}</arg>
<arg>5s</arg>
<doc>Waits until the element ``locator`` is visible.</doc>
<status status="PASS" start="2026-02-23T16:53:02.491166" elapsed="0.021053"/>
</kw>
<msg time="2026-02-23T16:53:02.512219" level="INFO">${cart_visible} = True</msg>
<var>${cart_visible}</var>
<arg>Wait Until Element Is Visible</arg>
<arg>${VIEW_CART_BTN}</arg>
<arg>5s</arg>
<doc>Runs the specified keyword and returns the status as a Boolean value.</doc>
<status status="PASS" start="2026-02-23T16:53:02.490167" elapsed="0.022052"/>
</kw>
<if>
<branch type="IF" condition="not ${cart_visible}">
<kw name="Log To Console" owner="BuiltIn">
<arg>⚠️ View Cart button not available. Cart may be empty. Skipping Update/Remove...</arg>
<doc>Logs the given message to the console.</doc>
<status status="NOT RUN" start="2026-02-23T16:53:02.513779" elapsed="0.000000"/>
</kw>
<kw name="Return From Keyword" owner="BuiltIn">
<doc>Returns from the enclosing user keyword.</doc>
<status status="NOT RUN" start="2026-02-23T16:53:02.513779" elapsed="0.000000"/>
</kw>
<status status="NOT RUN" start="2026-02-23T16:53:02.513779" elapsed="0.000000"/>
</branch>
<status status="PASS" start="2026-02-23T16:53:02.513779" elapsed="0.000000"/>
</if>
<kw name="Click Element" owner="SeleniumLibrary">
<msg time="2026-02-23T16:53:02.514789" level="INFO">Clicking element 'xpath=//a[normalize-space()="View Cart"]'.</msg>
<arg>${VIEW_CART_BTN}</arg>
<doc>Click the element identified by ``locator``.</doc>
<status status="PASS" start="2026-02-23T16:53:02.514789" elapsed="0.931115"/>
</kw>
<kw name="Wait Until Element Is Visible" owner="SeleniumLibrary">
<arg>${CART_HEADING}</arg>
<arg>5s</arg>
<doc>Waits until the element ``locator`` is visible.</doc>
<status status="PASS" start="2026-02-23T16:53:03.445904" elapsed="0.038425"/>
</kw>
<kw name="Log To Console" owner="BuiltIn">
<arg>✅ Shopping Cart Page Opened</arg>
<doc>Logs the given message to the console.</doc>
<status status="PASS" start="2026-02-23T16:53:03.484329" elapsed="0.000505"/>
</kw>
<kw name="Run Keyword And Return Status" owner="BuiltIn">
<kw name="Wait Until Element Is Visible" owner="SeleniumLibrary">
<arg>${QTY_BOX}</arg>
<arg>5s</arg>
<doc>Waits until the element ``locator`` is visible.</doc>
<status status="PASS" start="2026-02-23T16:53:03.485348" elapsed="0.031569"/>
</kw>
<msg time="2026-02-23T16:53:03.516917" level="INFO">${qty_present} = True</msg>
<var>${qty_present}</var>
<arg>Wait Until Element Is Visible</arg>
<arg>${QTY_BOX}</arg>
<arg>5s</arg>
<doc>Runs the specified keyword and returns the status as a Boolean value.</doc>
<status status="PASS" start="2026-02-23T16:53:03.485348" elapsed="0.031569"/>
</kw>
<if>
<branch type="IF" condition="not ${qty_present}">
<kw name="Log To Console" owner="BuiltIn">
<arg>⚠️ No items found in cart. Skipping update/remove...</arg>
<doc>Logs the given message to the console.</doc>
<status status="NOT RUN" start="2026-02-23T16:53:03.517936" elapsed="0.000000"/>
</kw>
<kw name="Return From Keyword" owner="BuiltIn">
<doc>Returns from the enclosing user keyword.</doc>
<status status="NOT RUN" start="2026-02-23T16:53:03.517936" elapsed="0.000000"/>
</kw>
<status status="NOT RUN" start="2026-02-23T16:53:03.517936" elapsed="0.000000"/>
</branch>
<status status="PASS" start="2026-02-23T16:53:03.516917" elapsed="0.001019"/>
</if>
<kw name="Clear Element Text" owner="SeleniumLibrary">
<arg>${QTY_BOX}</arg>
<doc>Clears the value of the text-input-element identified by ``locator``.</doc>
<status status="PASS" start="2026-02-23T16:53:03.517936" elapsed="0.064597"/>
</kw>
<kw name="Input Text" owner="SeleniumLibrary">
<msg time="2026-02-23T16:53:03.584041" level="INFO">Typing text '2' into text field 'xpath=//input[contains(@name,"quantity")]'.</msg>
<arg>${QTY_BOX}</arg>
<arg>2</arg>
<doc>Types the given ``text`` into the text field identified by ``locator``.</doc>
<status status="PASS" start="2026-02-23T16:53:03.582533" elapsed="0.114006"/>
</kw>
<kw name="Textfield Value Should Be" owner="SeleniumLibrary">
<msg time="2026-02-23T16:53:03.737433" level="INFO">Content of text field 'xpath=//input[contains(@name,"quantity")]' is '2'.</msg>
<arg>${QTY_BOX}</arg>
<arg>2</arg>
<doc>Verifies text field ``locator`` has exactly text ``expected``.</doc>
<status status="PASS" start="2026-02-23T16:53:03.696539" elapsed="0.040894"/>
</kw>
<kw name="Run Keyword And Return Status" owner="BuiltIn">
<kw name="Element Should Be Enabled" owner="SeleniumLibrary">
<arg>${UPDATE_BTN}</arg>
<doc>Verifies that element identified by ``locator`` is enabled.</doc>
<status status="PASS" start="2026-02-23T16:53:03.738454" elapsed="0.033514"/>
</kw>
<msg time="2026-02-23T16:53:03.771968" level="INFO">${update_enabled} = True</msg>
<var>${update_enabled}</var>
<arg>Element Should Be Enabled</arg>
<arg>${UPDATE_BTN}</arg>
<doc>Runs the specified keyword and returns the status as a Boolean value.</doc>
<status status="PASS" start="2026-02-23T16:53:03.737433" elapsed="0.034535"/>
</kw>
<if>
<branch type="IF" condition="not ${update_enabled}">
<kw name="Log To Console" owner="BuiltIn">
<arg>⚠️ Update button not enabled. Skipping...</arg>
<doc>Logs the given message to the console.</doc>
<status status="NOT RUN" start="2026-02-23T16:53:03.772969" elapsed="0.000000"/>
</kw>
<kw name="Return From Keyword" owner="BuiltIn">
<doc>Returns from the enclosing user keyword.</doc>
<status status="NOT RUN" start="2026-02-23T16:53:03.772969" elapsed="0.001001"/>
</kw>
<status status="NOT RUN" start="2026-02-23T16:53:03.771968" elapsed="0.002002"/>
</branch>
<status status="PASS" start="2026-02-23T16:53:03.771968" elapsed="0.002002"/>
</if>
<kw name="Click Element" owner="SeleniumLibrary">
<msg time="2026-02-23T16:53:03.774481" level="INFO">Clicking element 'xpath=//*[@id="content"]/form/div/table/tbody/tr/td[4]/div/div/button[1]'.</msg>
<arg>${UPDATE_BTN}</arg>
<doc>Click the element identified by ``locator``.</doc>
<status status="PASS" start="2026-02-23T16:53:03.773970" elapsed="0.084282"/>
</kw>
<kw name="Run Keyword And Return Status" owner="BuiltIn">
<kw name="Page Should Contain" owner="SeleniumLibrary">
<msg time="2026-02-23T16:53:04.995677" level="INFO">Current page contains text 'Success: You have modified your shopping cart'.</msg>
<arg>Success: You have modified your shopping cart</arg>
<doc>Verifies that current page contains ``text``.</doc>
<status status="PASS" start="2026-02-23T16:53:03.859546" elapsed="1.137272"/>
</kw>
<msg time="2026-02-23T16:53:04.996818" level="INFO">${update_msg} = True</msg>
<var>${update_msg}</var>
<arg>Page Should Contain</arg>
<arg>Success: You have modified your shopping cart</arg>
<doc>Runs the specified keyword and returns the status as a Boolean value.</doc>
<status status="PASS" start="2026-02-23T16:53:03.859546" elapsed="1.137272"/>
</kw>
<if>
<branch type="IF" condition="${update_msg}">
<kw name="Log To Console" owner="BuiltIn">
<arg>✅ Quantity Updated Successfully</arg>
<doc>Logs the given message to the console.</doc>
<status status="PASS" start="2026-02-23T16:53:04.996818" elapsed="0.001327"/>
</kw>
<status status="PASS" start="2026-02-23T16:53:04.996818" elapsed="0.001327"/>
</branch>
<branch type="ELSE">
<kw name="Log To Console" owner="BuiltIn">
<arg>⚠️ Update message not displayed, continuing...</arg>
<doc>Logs the given message to the console.</doc>
<status status="NOT RUN" start="2026-02-23T16:53:04.999164" elapsed="0.000000"/>
</kw>
<status status="NOT RUN" start="2026-02-23T16:53:04.998145" elapsed="0.001019"/>
</branch>
<status status="PASS" start="2026-02-23T16:53:04.996818" elapsed="0.002346"/>
</if>
<kw name="Run Keyword And Return Status" owner="BuiltIn">
<kw name="Element Should Be Enabled" owner="SeleniumLibrary">
<arg>${REMOVE_BTN}</arg>
<doc>Verifies that element identified by ``locator`` is enabled.</doc>
<status status="PASS" start="2026-02-23T16:53:04.999164" elapsed="0.033151"/>
</kw>
<msg time="2026-02-23T16:53:05.032315" level="INFO">${remove_enabled} = True</msg>
<var>${remove_enabled}</var>
<arg>Element Should Be Enabled</arg>
<arg>${REMOVE_BTN}</arg>
<doc>Runs the specified keyword and returns the status as a Boolean value.</doc>
<status status="PASS" start="2026-02-23T16:53:04.999164" elapsed="0.033151"/>
</kw>
<if>
<branch type="IF" condition="not ${remove_enabled}">
<kw name="Log To Console" owner="BuiltIn">
<arg>⚠️ Remove button not enabled. Skipping...</arg>
<doc>Logs the given message to the console.</doc>
<status status="NOT RUN" start="2026-02-23T16:53:05.033835" elapsed="0.000000"/>
</kw>
<kw name="Return From Keyword" owner="BuiltIn">
<doc>Returns from the enclosing user keyword.</doc>
<status status="NOT RUN" start="2026-02-23T16:53:05.033835" elapsed="0.000000"/>
</kw>
<status status="NOT RUN" start="2026-02-23T16:53:05.033835" elapsed="0.000000"/>
</branch>
<status status="PASS" start="2026-02-23T16:53:05.033835" elapsed="0.000000"/>
</if>
<kw name="Click Element" owner="SeleniumLibrary">
<msg time="2026-02-23T16:53:05.035464" level="INFO">Clicking element 'xpath=//*[@id="content"]/form/div/table/tbody/tr/td[4]/div/div/button[2]'.</msg>
<arg>${REMOVE_BTN}</arg>
<doc>Click the element identified by ``locator``.</doc>
<status status="PASS" start="2026-02-23T16:53:05.033835" elapsed="0.083775"/>
</kw>
<kw name="Sleep" owner="BuiltIn">
<msg time="2026-02-23T16:53:07.118864" level="INFO">Slept 2 seconds.</msg>
<arg>2s</arg>
<doc>Pauses the test executed for the given time.</doc>
<status status="PASS" start="2026-02-23T16:53:05.118597" elapsed="2.000267"/>
</kw>
<kw name="Run Keyword And Return Status" owner="BuiltIn">
<kw name="Wait Until Page Contains" owner="SeleniumLibrary">
<arg>Your shopping cart is empty!</arg>
<arg>5s</arg>
<doc>Waits until ``text`` appears on the current page.</doc>
<status status="PASS" start="2026-02-23T16:53:07.120601" elapsed="0.018663"/>
</kw>
<msg time="2026-02-23T16:53:07.139264" level="INFO">${empty_cart} = True</msg>
<var>${empty_cart}</var>
<arg>Wait Until Page Contains</arg>
<arg>Your shopping cart is empty!</arg>
<arg>5s</arg>
<doc>Runs the specified keyword and returns the status as a Boolean value.</doc>
<status status="PASS" start="2026-02-23T16:53:07.119583" elapsed="0.020681"/>
</kw>
<if>
<branch type="IF" condition="${empty_cart}">
<kw name="Log To Console" owner="BuiltIn">
<arg>✅ Item Removed Successfully and Cart is Empty</arg>
<doc>Logs the given message to the console.</doc>
<status status="PASS" start="2026-02-23T16:53:07.140264" elapsed="0.000998"/>
</kw>
<status status="PASS" start="2026-02-23T16:53:07.140264" elapsed="0.000998"/>
</branch>
<branch type="ELSE">
<kw name="Log To Console" owner="BuiltIn">
<arg>⚠️ Cart empty message not shown.</arg>
<doc>Logs the given message to the console.</doc>
<status status="NOT RUN" start="2026-02-23T16:53:07.141262" elapsed="0.001000"/>
</kw>
<status status="NOT RUN" start="2026-02-23T16:53:07.141262" elapsed="0.001000"/>
</branch>
<status status="PASS" start="2026-02-23T16:53:07.140264" elapsed="0.001998"/>
</if>
<status status="PASS" start="2026-02-23T16:53:02.487940" elapsed="4.654322"/>
</kw>
<kw name="Logout User Successfully" owner="logout_keywords">
<kw name="Wait Until Element Is Visible" owner="SeleniumLibrary">
<arg>${MY_ACCOUNT_MENU}</arg>
<doc>Waits until the element ``locator`` is visible.</doc>
<status status="PASS" start="2026-02-23T16:53:07.142262" elapsed="0.025253"/>
</kw>
<kw name="Click Element" owner="SeleniumLibrary">
<msg time="2026-02-23T16:53:07.168516" level="INFO">Clicking element 'xpath=//a[contains(@href,"route=account/account") and contains(@class,"dropdown-toggle")]'.</msg>
<arg>${MY_ACCOUNT_MENU}</arg>
<doc>Click the element identified by ``locator``.</doc>
<status status="PASS" start="2026-02-23T16:53:07.167515" elapsed="0.891708"/>
</kw>
<kw name="Sleep" owner="BuiltIn">
<msg time="2026-02-23T16:53:09.060528" level="INFO">Slept 1 second.</msg>
<arg>1s</arg>
<doc>Pauses the test executed for the given time.</doc>
<status status="PASS" start="2026-02-23T16:53:08.059223" elapsed="1.001305"/>
</kw>
<kw name="Wait Until Element Is Visible" owner="SeleniumLibrary">
<arg>${LOGOUT_LINK}</arg>
<doc>Waits until the element ``locator`` is visible.</doc>
<status status="PASS" start="2026-02-23T16:53:09.060528" elapsed="0.021941"/>
</kw>
<kw name="Element Should Be Visible" owner="SeleniumLibrary">
<msg time="2026-02-23T16:53:09.102241" level="INFO">Element 'xpath=//a[contains(@href,"route=account/logout") and contains(text(),"Logout")]' is displayed.</msg>
<arg>${LOGOUT_LINK}</arg>
<doc>Verifies that the element identified by ``locator`` is visible.</doc>
<status status="PASS" start="2026-02-23T16:53:09.082469" elapsed="0.019772"/>
</kw>
<kw name="Click Element" owner="SeleniumLibrary">
<msg time="2026-02-23T16:53:09.103633" level="INFO">Clicking element 'xpath=//a[contains(@href,"route=account/logout") and contains(text(),"Logout")]'.</msg>
<arg>${LOGOUT_LINK}</arg>
<doc>Click the element identified by ``locator``.</doc>
<status status="PASS" start="2026-02-23T16:53:09.102241" elapsed="1.810592"/>
</kw>
<kw name="Wait Until Element Is Visible" owner="SeleniumLibrary">
<arg>${LOGOUT_TEXT}</arg>
<doc>Waits until the element ``locator`` is visible.</doc>
<status status="PASS" start="2026-02-23T16:53:10.912833" elapsed="0.027385"/>
</kw>
<kw name="Element Should Be Visible" owner="SeleniumLibrary">
<msg time="2026-02-23T16:53:10.962641" level="INFO">Element 'xpath=//h1[contains(text(),"Account Logout")]' is displayed.</msg>
<arg>${LOGOUT_TEXT}</arg>
<doc>Verifies that the element identified by ``locator`` is visible.</doc>
<status status="PASS" start="2026-02-23T16:53:10.940727" elapsed="0.021914"/>
</kw>
<kw name="Page Should Contain" owner="SeleniumLibrary">
<msg time="2026-02-23T16:53:10.979995" level="INFO">Current page contains text 'Account Logout'.</msg>
<arg>Account Logout</arg>
<doc>Verifies that current page contains ``text``.</doc>
<status status="PASS" start="2026-02-23T16:53:10.964174" elapsed="0.016825"/>
</kw>
<kw name="Location Should Contain" owner="SeleniumLibrary">
<msg time="2026-02-23T16:53:10.988147" level="INFO">Current location contains 'route=account/logout'.</msg>
<arg>route=account/logout</arg>
<doc>Verifies that the current URL contains ``expected``.</doc>
<status status="PASS" start="2026-02-23T16:53:10.980999" elapsed="0.007148"/>
</kw>
<kw name="Log To Console" owner="BuiltIn">
<arg>Logout Completed Successfully</arg>
<doc>Logs the given message to the console.</doc>
<status status="PASS" start="2026-02-23T16:53:10.989146" elapsed="0.000000"/>
</kw>
<status status="PASS" start="2026-02-23T16:53:07.142262" elapsed="3.846884"/>
</kw>
<arg>firstname=nishchaya</arg>
<arg>lastname=vishwakarma</arg>
<arg>phone=12345112346</arg>
<arg>password=vishwa@123</arg>
<arg>product=HP</arg>
<status status="PASS" start="2026-02-23T16:52:34.641682" elapsed="36.347464"/>
</kw>
<kw name="Capture Screenshot On Failure" owner="common" type="TEARDOWN">
<kw name="Run Keyword If Test Failed" owner="BuiltIn">
<arg>Capture Page Screenshot</arg>
<doc>Runs the given keyword with the given arguments, if the test failed.</doc>
<status status="PASS" start="2026-02-23T16:53:10.991364" elapsed="0.000000"/>
</kw>
<status status="PASS" start="2026-02-23T16:53:10.990355" elapsed="0.001009"/>
</kw>
<status status="PASS" start="2026-02-23T16:52:34.639662" elapsed="36.351702"/>
</test>
<kw name="Close Site" owner="common" type="TEARDOWN">
<kw name="Close Browser" owner="SeleniumLibrary">
<doc>Closes the current browser.</doc>
<status status="PASS" start="2026-02-23T16:53:11.005638" elapsed="2.774016"/>
</kw>
<status status="PASS" start="2026-02-23T16:53:11.004122" elapsed="2.775532"/>
</kw>
<status status="PASS" start="2026-02-23T16:49:17.401179" elapsed="236.378475"/>
</suite>
<status status="PASS" start="2026-02-23T16:49:17.114498" elapsed="236.671712"/>
</suite>
<statistics>
<total>
<stat pass="6" fail="0" skip="0">All Tests</stat>
</total>
<tag>
</tag>
<suite>
<stat name="Test E2E" id="s1" pass="6" fail="0" skip="0">Test E2E</stat>
<stat name="Tc0 Endtoend Users Flow" id="s1-s1" pass="6" fail="0" skip="0">Test E2E.Tc0 Endtoend Users Flow</stat>
</suite>
</statistics>
<errors>
</errors>
</robot>
