<?xml version="1.0" encoding="UTF-8"?>
<robot generator="Robot 7.4.1 (Python 3.13.0 on win32)" generated="2026-02-02T16:31:11.043162" rpa="false" schemaversion="5">
<suite id="s1" name="SuiteSetupTeardown" source="C:\Users\abhir\PycharmProjects\Wipro_2026\Day14_class(02-02-2026)\Day14_Labs\Question1\SuiteSetupTeardown.robot">
<kw name="Suite Initialization" type="SETUP">
<kw name="Log" owner="BuiltIn">
<msg time="2026-02-02T16:31:11.440502" level="INFO">===== SUITE SETUP: Test Suite Execution Started =====</msg>
<arg>===== SUITE SETUP: Test Suite Execution Started =====</arg>
<doc>Logs the given message with the given level.</doc>
<status status="PASS" start="2026-02-02T16:31:11.439628" elapsed="0.001026"/>
</kw>
<status status="PASS" start="2026-02-02T16:31:11.437851" elapsed="0.003456"/>
</kw>
<test id="s1-t1" name="Verify Example Page Title" line="35">
<kw name="Test Initialization" type="SETUP">
<kw name="Open Browser" owner="SeleniumLibrary">
<msg time="2026-02-02T16:31:11.445097" level="INFO">Opening browser 'Chrome' to base url 'https://example.com'.</msg>
<arg>${URL}</arg>
<arg>${BROWSER}</arg>
<doc>Opens a new browser instance to the optional ``url``.</doc>
<status status="PASS" start="2026-02-02T16:31:11.444423" elapsed="1.419697"/>
</kw>
<kw name="Maximize Browser Window" owner="SeleniumLibrary">
<doc>Maximizes current browser window.</doc>
<status status="PASS" start="2026-02-02T16:31:12.864431" elapsed="0.036183"/>
</kw>
<status status="PASS" start="2026-02-02T16:31:11.443729" elapsed="1.457104"/>
</kw>
<kw name="Title Should Be" owner="SeleniumLibrary">
<msg time="2026-02-02T16:31:12.915530" level="INFO">Page title is 'Example Domain'.</msg>
<arg>Example Domain</arg>
<doc>Verifies that the current page title equals ``title``.</doc>
<status status="PASS" start="2026-02-02T16:31:12.901409" elapsed="0.014295"/>
</kw>
<kw name="Test Cleanup" type="TEARDOWN">
<kw name="Capture Page Screenshot" owner="SeleniumLibrary">
<msg time="2026-02-02T16:31:13.492336" level="INFO" html="true">&lt;/td&gt;&lt;/tr&gt;&lt;tr&gt;&lt;td colspan="3"&gt;&lt;a href="selenium-screenshot-1.png"&gt;&lt;img src="selenium-screenshot-1.png" width="800px"&gt;&lt;/a&gt;</msg>
<doc>Takes a screenshot of the current page and embeds it into a log file.</doc>
<status status="PASS" start="2026-02-02T16:31:12.916990" elapsed="0.575508"/>
</kw>
<kw name="Close Browser" owner="SeleniumLibrary">
<doc>Closes the current browser.</doc>
<status status="PASS" start="2026-02-02T16:31:13.492712" elapsed="2.633188"/>
</kw>
<status status="PASS" start="2026-02-02T16:31:12.916494" elapsed="3.209630"/>
</kw>
<tag>regression</tag>
<tag>smoke</tag>
<status status="PASS" start="2026-02-02T16:31:11.441586" elapsed="4.684905"/>
</test>
<test id="s1-t2" name="Verify Page Contains Text" line="39">
<kw name="Test Initialization" type="SETUP">
<kw name="Open Browser" owner="SeleniumLibrary">
<msg time="2026-02-02T16:31:16.130470" level="INFO">Opening browser 'Chrome' to base url 'https://example.com'.</msg>
<arg>${URL}</arg>
<arg>${BROWSER}</arg>
<doc>Opens a new browser instance to the optional ``url``.</doc>
<status status="PASS" start="2026-02-02T16:31:16.130068" elapsed="1.687725"/>
</kw>
<kw name="Maximize Browser Window" owner="SeleniumLibrary">
<doc>Maximizes current browser window.</doc>
<status status="PASS" start="2026-02-02T16:31:17.818324" elapsed="0.047794"/>
</kw>
<status status="PASS" start="2026-02-02T16:31:16.129544" elapsed="1.736903"/>
</kw>
<kw name="Page Should Contain" owner="SeleniumLibrary">
<msg time="2026-02-02T16:31:17.924083" level="INFO">Current page contains text 'Example Domain'.</msg>
<arg>Example Domain</arg>
<doc>Verifies that current page contains ``text``.</doc>
<status status="PASS" start="2026-02-02T16:31:17.872217" elapsed="0.052144"/>
</kw>
<kw name="Test Cleanup" type="TEARDOWN">
<kw name="Capture Page Screenshot" owner="SeleniumLibrary">
<msg time="2026-02-02T16:31:18.251513" level="INFO" html="true">&lt;/td&gt;&lt;/tr&gt;&lt;tr&gt;&lt;td colspan="3"&gt;&lt;a href="selenium-screenshot-2.png"&gt;&lt;img src="selenium-screenshot-2.png" width="800px"&gt;&lt;/a&gt;</msg>
<doc>Takes a screenshot of the current page and embeds it into a log file.</doc>
<status status="PASS" start="2026-02-02T16:31:17.926278" elapsed="0.325490"/>
</kw>
<kw name="Close Browser" owner="SeleniumLibrary">
<doc>Closes the current browser.</doc>
<status status="PASS" start="2026-02-02T16:31:18.252103" elapsed="2.508973"/>
</kw>
<status status="PASS" start="2026-02-02T16:31:17.925457" elapsed="2.835951"/>
</kw>
<tag>sanity</tag>
<status status="PASS" start="2026-02-02T16:31:16.128499" elapsed="4.633646"/>
</test>
<kw name="Suite Cleanup" type="TEARDOWN">
<kw name="Log" owner="BuiltIn">
<msg time="2026-02-02T16:31:20.765665" level="INFO">===== SUITE TEARDOWN: Test Suite Execution Finished =====</msg>
<arg>===== SUITE TEARDOWN: Test Suite Execution Finished =====</arg>
<doc>Logs the given message with the given level.</doc>
<status status="PASS" start="2026-02-02T16:31:20.765041" elapsed="0.000735"/>
</kw>
<status status="PASS" start="2026-02-02T16:31:20.764385" elapsed="0.001528"/>
</kw>
<status status="PASS" start="2026-02-02T16:31:11.045749" elapsed="9.720229"/>
</suite>
<statistics>
<total>
<stat pass="2" fail="0" skip="0">All Tests</stat>
</total>
<tag>
<stat pass="1" fail="0" skip="0">regression</stat>
<stat pass="1" fail="0" skip="0">sanity</stat>
<stat pass="1" fail="0" skip="0">smoke</stat>
</tag>
<suite>
<stat name="SuiteSetupTeardown" id="s1" pass="2" fail="0" skip="0">SuiteSetupTeardown</stat>
</suite>
</statistics>
<errors>
</errors>
</robot>
