<?xml version="1.0" encoding="UTF-8"?>
<robot generator="Robot 7.4.1 (Python 3.13.0 on win32)" generated="2026-02-14T13:27:04.769973" rpa="false" schemaversion="5">
<suite id="s1" name="Foodie" source="C:\Users\abhir\PycharmProjects\Wipro_2026\foodie_app\robot_tests\foodie.robot">
<test id="s1-t1" name="1 Register Restaurant" line="15">
<kw name="Create Session" owner="RequestsLibrary">
<msg time="2026-02-14T13:27:04.953924" level="INFO">Creating Session using : alias=foodie, url=http://127.0.0.1:5000, headers={},                     cookies={}, auth=None, timeout=None, proxies=None, verify=False,                     debug=0 </msg>
<arg>foodie</arg>
<arg>${BASE_URL}</arg>
<doc>Create Session: create a HTTP session to a server</doc>
<status status="PASS" start="2026-02-14T13:27:04.953680" elapsed="0.000547"/>
</kw>
<kw name="Create Dictionary" owner="BuiltIn">
<msg time="2026-02-14T13:27:04.955979" level="INFO">${headers} = {'Content-Type': 'application/json'}</msg>
<var>${headers}</var>
<arg>Content-Type=application/json</arg>
<doc>Creates and returns a dictionary based on the given ``items``.</doc>
<status status="PASS" start="2026-02-14T13:27:04.955060" elapsed="0.000989"/>
</kw>
<kw name="Set Variable" owner="BuiltIn">
<msg time="2026-02-14T13:27:04.956962" level="INFO">${body} = {"name":"Robot Hub","category":"Veg","location":"Hyderabad","contact":"99999"}</msg>
<var>${body}</var>
<arg>{"name":"Robot Hub","category":"Veg","location":"Hyderabad","contact":"99999"}</arg>
<doc>Returns the given values which can then be assigned to a variables.</doc>
<status status="PASS" start="2026-02-14T13:27:04.956531" elapsed="0.000464"/>
</kw>
<kw name="POST On Session" owner="RequestsLibrary">
<msg time="2026-02-14T13:27:04.968739" level="INFO">POST Request : url=http://127.0.0.1:5000/api/v1/restaurants 
 path_url=/api/v1/restaurants 
 headers={'User-Agent': 'python-requests/2.32.5', 'Accept-Encoding': 'gzip, deflate', 'Accept': '*/*', 'Connection': 'keep-alive', 'Content-Type': 'application/json', 'Content-Length': '78'} 
 body={"name":"Robot Hub","category":"Veg","location":"Hyderabad","contact":"99999"} 
 </msg>
<msg time="2026-02-14T13:27:04.968889" level="INFO">POST Response : url=http://127.0.0.1:5000/api/v1/restaurants 
 status=201, reason=CREATED 
 headers={'Server': 'Werkzeug/3.1.5 Python/3.13.0', 'Date': 'Sat, 14 Feb 2026 07:57:04 GMT', 'Content-Type': 'application/json', 'Content-Length': '146', 'Connection': 'close'} 
 body={
  "active": true,
  "approved": false,
  "category": "Veg",
  "contact": "99999",
  "id": 1,
  "location": "Hyderabad",
  "name": "Robot Hub"
}
 
 </msg>
<msg time="2026-02-14T13:27:04.969126" level="INFO">${res} = &lt;Response [201]&gt;</msg>
<var>${res}</var>
<arg>foodie</arg>
<arg>url=/api/v1/restaurants</arg>
<arg>data=${body}</arg>
<arg>headers=${headers}</arg>
<doc>Sends a POST request on a previously created HTTP Session.</doc>
<status status="PASS" start="2026-02-14T13:27:04.957284" elapsed="0.011894"/>
</kw>
<kw name="Status Should Be" owner="RequestsLibrary">
<arg>201</arg>
<arg>${res}</arg>
<doc>Fails if response status code is different than the expected.</doc>
<status status="PASS" start="2026-02-14T13:27:04.970296" elapsed="0.000440"/>
</kw>
<status status="PASS" start="2026-02-14T13:27:04.952467" elapsed="0.019847"/>
</test>
<test id="s1-t2" name="2 Update Restaurant" line="28">
<kw name="Create Dictionary" owner="BuiltIn">
<msg time="2026-02-14T13:27:04.974126" level="INFO">${headers} = {'Content-Type': 'application/json'}</msg>
<var>${headers}</var>
<arg>Content-Type=application/json</arg>
<doc>Creates and returns a dictionary based on the given ``items``.</doc>
<status status="PASS" start="2026-02-14T13:27:04.973528" elapsed="0.000680"/>
</kw>
<kw name="Set Variable" owner="BuiltIn">
<msg time="2026-02-14T13:27:04.974957" level="INFO">${body} = {"location":"Bangalore"}</msg>
<var>${body}</var>
<arg>{"location":"Bangalore"}</arg>
<doc>Returns the given values which can then be assigned to a variables.</doc>
<status status="PASS" start="2026-02-14T13:27:04.974542" elapsed="0.000464"/>
</kw>
<kw name="PUT On Session" owner="RequestsLibrary">
<msg time="2026-02-14T13:27:04.981343" level="INFO">PUT Request : url=http://127.0.0.1:5000/api/v1/restaurants/1 
 path_url=/api/v1/restaurants/1 
 headers={'User-Agent': 'python-requests/2.32.5', 'Accept-Encoding': 'gzip, deflate', 'Accept': '*/*', 'Connection': 'keep-alive', 'Content-Type': 'application/json', 'Content-Length': '24'} 
 body={"location":"Bangalore"} 
 </msg>
<msg time="2026-02-14T13:27:04.981461" level="INFO">PUT Response : url=http://127.0.0.1:5000/api/v1/restaurants/1 
 status=200, reason=OK 
 headers={'Server': 'Werkzeug/3.1.5 Python/3.13.0', 'Date': 'Sat, 14 Feb 2026 07:57:04 GMT', 'Content-Type': 'application/json', 'Content-Length': '146', 'Connection': 'close'} 
 body={
  "active": true,
  "approved": false,
  "category": "Veg",
  "contact": "99999",
  "id": 1,
  "location": "Bangalore",
  "name": "Robot Hub"
}
 
 </msg>
<msg time="2026-02-14T13:27:04.981678" level="INFO">${res} = &lt;Response [200]&gt;</msg>
<var>${res}</var>
<arg>foodie</arg>
<arg>url=/api/v1/restaurants/1</arg>
<arg>data=${body}</arg>
<arg>headers=${headers}</arg>
<doc>Sends a PUT request on a previously created HTTP Session.</doc>
<status status="PASS" start="2026-02-14T13:27:04.975626" elapsed="0.006093"/>
</kw>
<kw name="Status Should Be" owner="RequestsLibrary">
<arg>200</arg>
<arg>${res}</arg>
<doc>Fails if response status code is different than the expected.</doc>
<status status="PASS" start="2026-02-14T13:27:04.982401" elapsed="0.000421"/>
</kw>
<status status="PASS" start="2026-02-14T13:27:04.972958" elapsed="0.010494"/>
</test>
<test id="s1-t3" name="3 Disable Restaurant" line="39">
<kw name="PUT On Session" owner="RequestsLibrary">
<msg time="2026-02-14T13:27:04.990392" level="INFO">PUT Request : url=http://127.0.0.1:5000/api/v1/restaurants/1/disable 
 path_url=/api/v1/restaurants/1/disable 
 headers={'User-Agent': 'python-requests/2.32.5', 'Accept-Encoding': 'gzip, deflate', 'Accept': '*/*', 'Connection': 'keep-alive', 'Content-Length': '0'} 
 body=None 
 </msg>
<msg time="2026-02-14T13:27:04.990526" level="INFO">PUT Response : url=http://127.0.0.1:5000/api/v1/restaurants/1/disable 
 status=200, reason=OK 
 headers={'Server': 'Werkzeug/3.1.5 Python/3.13.0', 'Date': 'Sat, 14 Feb 2026 07:57:04 GMT', 'Content-Type': 'application/json', 'Content-Length': '39', 'Connection': 'close'} 
 body={
  "message": "Restaurant disabled"
}
 
 </msg>
<msg time="2026-02-14T13:27:04.990734" level="INFO">${res} = &lt;Response [200]&gt;</msg>
<var>${res}</var>
<arg>foodie</arg>
<arg>url=/api/v1/restaurants/1/disable</arg>
<doc>Sends a PUT request on a previously created HTTP Session.</doc>
<status status="PASS" start="2026-02-14T13:27:04.985575" elapsed="0.005204"/>
</kw>
<kw name="Status Should Be" owner="RequestsLibrary">
<arg>200</arg>
<arg>${res}</arg>
<doc>Fails if response status code is different than the expected.</doc>
<status status="PASS" start="2026-02-14T13:27:04.991273" elapsed="0.000392"/>
</kw>
<status status="PASS" start="2026-02-14T13:27:04.984898" elapsed="0.007169"/>
</test>
<test id="s1-t4" name="4 View Restaurant Profile" line="44">
<kw name="GET On Session" owner="RequestsLibrary">
<msg time="2026-02-14T13:27:04.997125" level="INFO">GET Request : url=http://127.0.0.1:5000/api/v1/restaurants/1 
 path_url=/api/v1/restaurants/1 
 headers={'User-Agent': 'python-requests/2.32.5', 'Accept-Encoding': 'gzip, deflate', 'Accept': '*/*', 'Connection': 'keep-alive'} 
 body=None 
 </msg>
<msg time="2026-02-14T13:27:04.997242" level="INFO">GET Response : url=http://127.0.0.1:5000/api/v1/restaurants/1 
 status=200, reason=OK 
 headers={'Server': 'Werkzeug/3.1.5 Python/3.13.0', 'Date': 'Sat, 14 Feb 2026 07:57:04 GMT', 'Content-Type': 'application/json', 'Content-Length': '147', 'Connection': 'close'} 
 body={
  "active": false,
  "approved": false,
  "category": "Veg",
  "contact": "99999",
  "id": 1,
  "location": "Bangalore",
  "name": "Robot Hub"
}
 
 </msg>
<msg time="2026-02-14T13:27:04.997604" level="INFO">${res} = &lt;Response [200]&gt;</msg>
<var>${res}</var>
<arg>foodie</arg>
<arg>url=/api/v1/restaurants/1</arg>
<doc>Sends a GET request on a previously created HTTP Session.</doc>
<status status="PASS" start="2026-02-14T13:27:04.993132" elapsed="0.004510"/>
</kw>
<kw name="Status Should Be" owner="RequestsLibrary">
<arg>200</arg>
<arg>${res}</arg>
<doc>Fails if response status code is different than the expected.</doc>
<status status="PASS" start="2026-02-14T13:27:04.998094" elapsed="0.000356"/>
</kw>
<status status="PASS" start="2026-02-14T13:27:04.992615" elapsed="0.006108"/>
</test>
<test id="s1-t5" name="5 Add Dish" line="53">
<kw name="Create Dictionary" owner="BuiltIn">
<msg time="2026-02-14T13:27:05.000226" level="INFO">${headers} = {'Content-Type': 'application/json'}</msg>
<var>${headers}</var>
<arg>Content-Type=application/json</arg>
<doc>Creates and returns a dictionary based on the given ``items``.</doc>
<status status="PASS" start="2026-02-14T13:27:04.999747" elapsed="0.000526"/>
</kw>
<kw name="Set Variable" owner="BuiltIn">
<msg time="2026-02-14T13:27:05.001255" level="INFO">${body} = {"name":"Pizza","price":200}</msg>
<var>${body}</var>
<arg>{"name":"Pizza","price":200}</arg>
<doc>Returns the given values which can then be assigned to a variables.</doc>
<status status="PASS" start="2026-02-14T13:27:05.000662" elapsed="0.000647"/>
</kw>
<kw name="POST On Session" owner="RequestsLibrary">
<msg time="2026-02-14T13:27:05.006078" level="INFO">POST Request : url=http://127.0.0.1:5000/api/v1/restaurants/1/dishes 
 path_url=/api/v1/restaurants/1/dishes 
 headers={'User-Agent': 'python-requests/2.32.5', 'Accept-Encoding': 'gzip, deflate', 'Accept': '*/*', 'Connection': 'keep-alive', 'Content-Type': 'application/json', 'Content-Length': '28'} 
 body={"name":"Pizza","price":200} 
 </msg>
<msg time="2026-02-14T13:27:05.006167" level="INFO">POST Response : url=http://127.0.0.1:5000/api/v1/restaurants/1/dishes 
 status=201, reason=CREATED 
 headers={'Server': 'Werkzeug/3.1.5 Python/3.13.0', 'Date': 'Sat, 14 Feb 2026 07:57:05 GMT', 'Content-Type': 'application/json', 'Content-Length': '90', 'Connection': 'close'} 
 body={
  "enabled": true,
  "id": 1,
  "name": "Pizza",
  "price": 200,
  "restaurant_id": 1
}
 
 </msg>
<msg time="2026-02-14T13:27:05.006351" level="INFO">${res} = &lt;Response [201]&gt;</msg>
<var>${res}</var>
<arg>foodie</arg>
<arg>url=/api/v1/restaurants/1/dishes</arg>
<arg>data=${body}</arg>
<arg>headers=${headers}</arg>
<doc>Sends a POST request on a previously created HTTP Session.</doc>
<status status="PASS" start="2026-02-14T13:27:05.001784" elapsed="0.004596"/>
</kw>
<kw name="Status Should Be" owner="RequestsLibrary">
<arg>201</arg>
<arg>${res}</arg>
<doc>Fails if response status code is different than the expected.</doc>
<status status="PASS" start="2026-02-14T13:27:05.006887" elapsed="0.000468"/>
</kw>
<status status="PASS" start="2026-02-14T13:27:04.999271" elapsed="0.008527"/>
</test>
<test id="s1-t6" name="6 Update Dish" line="64">
<kw name="Create Dictionary" owner="BuiltIn">
<msg time="2026-02-14T13:27:05.010030" level="INFO">${headers} = {'Content-Type': 'application/json'}</msg>
<var>${headers}</var>
<arg>Content-Type=application/json</arg>
<doc>Creates and returns a dictionary based on the given ``items``.</doc>
<status status="PASS" start="2026-02-14T13:27:05.009433" elapsed="0.000648"/>
</kw>
<kw name="Set Variable" owner="BuiltIn">
<msg time="2026-02-14T13:27:05.010768" level="INFO">${body} = {"price":250}</msg>
<var>${body}</var>
<arg>{"price":250}</arg>
<doc>Returns the given values which can then be assigned to a variables.</doc>
<status status="PASS" start="2026-02-14T13:27:05.010422" elapsed="0.000377"/>
</kw>
<kw name="PUT On Session" owner="RequestsLibrary">
<msg time="2026-02-14T13:27:05.015155" level="INFO">PUT Request : url=http://127.0.0.1:5000/api/v1/dishes/1 
 path_url=/api/v1/dishes/1 
 headers={'User-Agent': 'python-requests/2.32.5', 'Accept-Encoding': 'gzip, deflate', 'Accept': '*/*', 'Connection': 'keep-alive', 'Content-Type': 'application/json', 'Content-Length': '13'} 
 body={"price":250} 
 </msg>
<msg time="2026-02-14T13:27:05.015289" level="INFO">PUT Response : url=http://127.0.0.1:5000/api/v1/dishes/1 
 status=200, reason=OK 
 headers={'Server': 'Werkzeug/3.1.5 Python/3.13.0', 'Date': 'Sat, 14 Feb 2026 07:57:05 GMT', 'Content-Type': 'application/json', 'Content-Length': '90', 'Connection': 'close'} 
 body={
  "enabled": true,
  "id": 1,
  "name": "Pizza",
  "price": 250,
  "restaurant_id": 1
}
 
 </msg>
<msg time="2026-02-14T13:27:05.015529" level="INFO">${res} = &lt;Response [200]&gt;</msg>
<var>${res}</var>
<arg>foodie</arg>
<arg>url=/api/v1/dishes/1</arg>
<arg>data=${body}</arg>
<arg>headers=${headers}</arg>
<doc>Sends a PUT request on a previously created HTTP Session.</doc>
<status status="PASS" start="2026-02-14T13:27:05.011112" elapsed="0.004466"/>
</kw>
<kw name="Status Should Be" owner="RequestsLibrary">
<arg>200</arg>
<arg>${res}</arg>
<doc>Fails if response status code is different than the expected.</doc>
<status status="PASS" start="2026-02-14T13:27:05.016235" elapsed="0.000459"/>
</kw>
<status status="PASS" start="2026-02-14T13:27:05.008441" elapsed="0.009897"/>
</test>
<test id="s1-t7" name="7 Enable Disable Dish" line="75">
<kw name="Create Dictionary" owner="BuiltIn">
<msg time="2026-02-14T13:27:05.020615" level="INFO">${headers} = {'Content-Type': 'application/json'}</msg>
<var>${headers}</var>
<arg>Content-Type=application/json</arg>
<doc>Creates and returns a dictionary based on the given ``items``.</doc>
<status status="PASS" start="2026-02-14T13:27:05.020003" elapsed="0.000670"/>
</kw>
<kw name="Set Variable" owner="BuiltIn">
<msg time="2026-02-14T13:27:05.021521" level="INFO">${body} = {"enabled":false}</msg>
<var>${body}</var>
<arg>{"enabled":false}</arg>
<doc>Returns the given values which can then be assigned to a variables.</doc>
<status status="PASS" start="2026-02-14T13:27:05.021086" elapsed="0.000476"/>
</kw>
<kw name="PUT On Session" owner="RequestsLibrary">
<msg time="2026-02-14T13:27:05.026301" level="INFO">PUT Request : url=http://127.0.0.1:5000/api/v1/dishes/1/status 
 path_url=/api/v1/dishes/1/status 
 headers={'User-Agent': 'python-requests/2.32.5', 'Accept-Encoding': 'gzip, deflate', 'Accept': '*/*', 'Connection': 'keep-alive', 'Content-Type': 'application/json', 'Content-Length': '17'} 
 body={"enabled":false} 
 </msg>
<msg time="2026-02-14T13:27:05.026409" level="INFO">PUT Response : url=http://127.0.0.1:5000/api/v1/dishes/1/status 
 status=200, reason=OK 
 headers={'Server': 'Werkzeug/3.1.5 Python/3.13.0', 'Date': 'Sat, 14 Feb 2026 07:57:05 GMT', 'Content-Type': 'application/json', 'Content-Length': '39', 'Connection': 'close'} 
 body={
  "message": "Dish status updated"
}
 
 </msg>
<msg time="2026-02-14T13:27:05.026546" level="INFO">${res} = &lt;Response [200]&gt;</msg>
<var>${res}</var>
<arg>foodie</arg>
<arg>url=/api/v1/dishes/1/status</arg>
<arg>data=${body}</arg>
<arg>headers=${headers}</arg>
<doc>Sends a PUT request on a previously created HTTP Session.</doc>
<status status="PASS" start="2026-02-14T13:27:05.021954" elapsed="0.004617"/>
</kw>
<kw name="Status Should Be" owner="RequestsLibrary">
<arg>200</arg>
<arg>${res}</arg>
<doc>Fails if response status code is different than the expected.</doc>
<status status="PASS" start="2026-02-14T13:27:05.027084" elapsed="0.000402"/>
</kw>
<status status="PASS" start="2026-02-14T13:27:05.019131" elapsed="0.008726"/>
</test>
<test id="s1-t8" name="8 Delete Dish" line="86">
<kw name="DELETE On Session" owner="RequestsLibrary">
<msg time="2026-02-14T13:27:05.032949" level="INFO">DELETE Request : url=http://127.0.0.1:5000/api/v1/dishes/1 
 path_url=/api/v1/dishes/1 
 headers={'User-Agent': 'python-requests/2.32.5', 'Accept-Encoding': 'gzip, deflate', 'Accept': '*/*', 'Connection': 'keep-alive', 'Content-Length': '0'} 
 body=None 
 </msg>
<msg time="2026-02-14T13:27:05.033030" level="INFO">DELETE Response : url=http://127.0.0.1:5000/api/v1/dishes/1 
 status=200, reason=OK 
 headers={'Server': 'Werkzeug/3.1.5 Python/3.13.0', 'Date': 'Sat, 14 Feb 2026 07:57:05 GMT', 'Content-Type': 'application/json', 'Content-Length': '32', 'Connection': 'close'} 
 body={
  "message": "Dish deleted"
}
 
 </msg>
<msg time="2026-02-14T13:27:05.033291" level="INFO">${res} = &lt;Response [200]&gt;</msg>
<var>${res}</var>
<arg>foodie</arg>
<arg>url=/api/v1/dishes/1</arg>
<doc>Sends a DELETE request on a previously created HTTP Session.</doc>
<status status="PASS" start="2026-02-14T13:27:05.029619" elapsed="0.003738"/>
</kw>
<kw name="Status Should Be" owner="RequestsLibrary">
<arg>200</arg>
<arg>${res}</arg>
<doc>Fails if response status code is different than the expected.</doc>
<status status="PASS" start="2026-02-14T13:27:05.033788" elapsed="0.000330"/>
</kw>
<status status="PASS" start="2026-02-14T13:27:05.029117" elapsed="0.005402"/>
</test>
<test id="s1-t9" name="9 Approve Restaurant" line="95">
<kw name="PUT On Session" owner="RequestsLibrary">
<msg time="2026-02-14T13:27:05.039914" level="INFO">PUT Request : url=http://127.0.0.1:5000/api/v1/admin/restaurants/1/approve 
 path_url=/api/v1/admin/restaurants/1/approve 
 headers={'User-Agent': 'python-requests/2.32.5', 'Accept-Encoding': 'gzip, deflate', 'Accept': '*/*', 'Connection': 'keep-alive', 'Content-Length': '0'} 
 body=None 
 </msg>
<msg time="2026-02-14T13:27:05.040029" level="INFO">PUT Response : url=http://127.0.0.1:5000/api/v1/admin/restaurants/1/approve 
 status=200, reason=OK 
 headers={'Server': 'Werkzeug/3.1.5 Python/3.13.0', 'Date': 'Sat, 14 Feb 2026 07:57:05 GMT', 'Content-Type': 'application/json', 'Content-Length': '39', 'Connection': 'close'} 
 body={
  "message": "Restaurant approved"
}
 
 </msg>
<msg time="2026-02-14T13:27:05.040204" level="INFO">${res} = &lt;Response [200]&gt;</msg>
<var>${res}</var>
<arg>foodie</arg>
<arg>url=/api/v1/admin/restaurants/1/approve</arg>
<doc>Sends a PUT request on a previously created HTTP Session.</doc>
<status status="PASS" start="2026-02-14T13:27:05.035608" elapsed="0.004638"/>
</kw>
<kw name="Status Should Be" owner="RequestsLibrary">
<arg>200</arg>
<arg>${res}</arg>
<doc>Fails if response status code is different than the expected.</doc>
<status status="PASS" start="2026-02-14T13:27:05.040722" elapsed="0.000354"/>
</kw>
<status status="PASS" start="2026-02-14T13:27:05.034985" elapsed="0.006410"/>
</test>
<test id="s1-t10" name="10 Admin Disable Restaurant" line="100">
<kw name="PUT On Session" owner="RequestsLibrary">
<msg time="2026-02-14T13:27:05.047194" level="INFO">PUT Request : url=http://127.0.0.1:5000/api/v1/admin/restaurants/1/disable 
 path_url=/api/v1/admin/restaurants/1/disable 
 headers={'User-Agent': 'python-requests/2.32.5', 'Accept-Encoding': 'gzip, deflate', 'Accept': '*/*', 'Connection': 'keep-alive', 'Content-Length': '0'} 
 body=None 
 </msg>
<msg time="2026-02-14T13:27:05.047296" level="INFO">PUT Response : url=http://127.0.0.1:5000/api/v1/admin/restaurants/1/disable 
 status=200, reason=OK 
 headers={'Server': 'Werkzeug/3.1.5 Python/3.13.0', 'Date': 'Sat, 14 Feb 2026 07:57:05 GMT', 'Content-Type': 'application/json', 'Content-Length': '48', 'Connection': 'close'} 
 body={
  "message": "Restaurant disabled by admin"
}
 
 </msg>
<msg time="2026-02-14T13:27:05.047487" level="INFO">${res} = &lt;Response [200]&gt;</msg>
<var>${res}</var>
<arg>foodie</arg>
<arg>url=/api/v1/admin/restaurants/1/disable</arg>
<doc>Sends a PUT request on a previously created HTTP Session.</doc>
<status status="PASS" start="2026-02-14T13:27:05.043577" elapsed="0.003948"/>
</kw>
<kw name="Status Should Be" owner="RequestsLibrary">
<arg>200</arg>
<arg>${res}</arg>
<doc>Fails if response status code is different than the expected.</doc>
<status status="PASS" start="2026-02-14T13:27:05.047907" elapsed="0.000296"/>
</kw>
<status status="PASS" start="2026-02-14T13:27:05.043011" elapsed="0.005548"/>
</test>
<test id="s1-t11" name="11 View Feedback" line="105">
<kw name="GET On Session" owner="RequestsLibrary">
<msg time="2026-02-14T13:27:05.054012" level="INFO">GET Request : url=http://127.0.0.1:5000/api/v1/admin/feedback 
 path_url=/api/v1/admin/feedback 
 headers={'User-Agent': 'python-requests/2.32.5', 'Accept-Encoding': 'gzip, deflate', 'Accept': '*/*', 'Connection': 'keep-alive'} 
 body=None 
 </msg>
<msg time="2026-02-14T13:27:05.054142" level="INFO">GET Response : url=http://127.0.0.1:5000/api/v1/admin/feedback 
 status=200, reason=OK 
 headers={'Server': 'Werkzeug/3.1.5 Python/3.13.0', 'Date': 'Sat, 14 Feb 2026 07:57:05 GMT', 'Content-Type': 'application/json', 'Content-Length': '3', 'Connection': 'close'} 
 body=[]
 
 </msg>
<msg time="2026-02-14T13:27:05.054326" level="INFO">${res} = &lt;Response [200]&gt;</msg>
<var>${res}</var>
<arg>foodie</arg>
<arg>url=/api/v1/admin/feedback</arg>
<doc>Sends a GET request on a previously created HTTP Session.</doc>
<status status="PASS" start="2026-02-14T13:27:05.049769" elapsed="0.004602"/>
</kw>
<kw name="Status Should Be" owner="RequestsLibrary">
<arg>200</arg>
<arg>${res}</arg>
<doc>Fails if response status code is different than the expected.</doc>
<status status="PASS" start="2026-02-14T13:27:05.054837" elapsed="0.000268"/>
</kw>
<status status="PASS" start="2026-02-14T13:27:05.049255" elapsed="0.006251"/>
</test>
<test id="s1-t12" name="12 View Order Status" line="110">
<kw name="GET On Session" owner="RequestsLibrary">
<msg time="2026-02-14T13:27:05.061530" level="INFO">GET Request : url=http://127.0.0.1:5000/api/v1/admin/orders 
 path_url=/api/v1/admin/orders 
 headers={'User-Agent': 'python-requests/2.32.5', 'Accept-Encoding': 'gzip, deflate', 'Accept': '*/*', 'Connection': 'keep-alive'} 
 body=None 
 </msg>
<msg time="2026-02-14T13:27:05.061617" level="INFO">GET Response : url=http://127.0.0.1:5000/api/v1/admin/orders 
 status=200, reason=OK 
 headers={'Server': 'Werkzeug/3.1.5 Python/3.13.0', 'Date': 'Sat, 14 Feb 2026 07:57:05 GMT', 'Content-Type': 'application/json', 'Content-Length': '3', 'Connection': 'close'} 
 body=[]
 
 </msg>
<msg time="2026-02-14T13:27:05.061750" level="INFO">${res} = &lt;Response [200]&gt;</msg>
<var>${res}</var>
<arg>foodie</arg>
<arg>url=/api/v1/admin/orders</arg>
<doc>Sends a GET request on a previously created HTTP Session.</doc>
<status status="PASS" start="2026-02-14T13:27:05.057374" elapsed="0.004400"/>
</kw>
<kw name="Status Should Be" owner="RequestsLibrary">
<arg>200</arg>
<arg>${res}</arg>
<doc>Fails if response status code is different than the expected.</doc>
<status status="PASS" start="2026-02-14T13:27:05.062279" elapsed="0.000296"/>
</kw>
<status status="PASS" start="2026-02-14T13:27:05.056759" elapsed="0.006287"/>
</test>
<test id="s1-t13" name="13 User Registration" line="119">
<kw name="Create Dictionary" owner="BuiltIn">
<msg time="2026-02-14T13:27:05.064861" level="INFO">${headers} = {'Content-Type': 'application/json'}</msg>
<var>${headers}</var>
<arg>Content-Type=application/json</arg>
<doc>Creates and returns a dictionary based on the given ``items``.</doc>
<status status="PASS" start="2026-02-14T13:27:05.064293" elapsed="0.000618"/>
</kw>
<kw name="Set Variable" owner="BuiltIn">
<msg time="2026-02-14T13:27:05.065720" level="INFO">${body} = {"name":"Abhi","email":"abhi@gmail.com","password":"1234"}</msg>
<var>${body}</var>
<arg>{"name":"Abhi","email":"abhi@gmail.com","password":"1234"}</arg>
<doc>Returns the given values which can then be assigned to a variables.</doc>
<status status="PASS" start="2026-02-14T13:27:05.065290" elapsed="0.000474"/>
</kw>
<kw name="POST On Session" owner="RequestsLibrary">
<msg time="2026-02-14T13:27:05.070519" level="INFO">POST Request : url=http://127.0.0.1:5000/api/v1/users/register 
 path_url=/api/v1/users/register 
 headers={'User-Agent': 'python-requests/2.32.5', 'Accept-Encoding': 'gzip, deflate', 'Accept': '*/*', 'Connection': 'keep-alive', 'Content-Type': 'application/json', 'Content-Length': '58'} 
 body={"name":"Abhi","email":"abhi@gmail.com","password":"1234"} 
 </msg>
<msg time="2026-02-14T13:27:05.070731" level="INFO">POST Response : url=http://127.0.0.1:5000/api/v1/users/register 
 status=201, reason=CREATED 
 headers={'Server': 'Werkzeug/3.1.5 Python/3.13.0', 'Date': 'Sat, 14 Feb 2026 07:57:05 GMT', 'Content-Type': 'application/json', 'Content-Length': '83', 'Connection': 'close'} 
 body={
  "email": "abhi@gmail.com",
  "id": 1,
  "name": "Abhi",
  "password": "1234"
}
 
 </msg>
<msg time="2026-02-14T13:27:05.070892" level="INFO">${res} = &lt;Response [201]&gt;</msg>
<var>${res}</var>
<arg>foodie</arg>
<arg>url=/api/v1/users/register</arg>
<arg>data=${body}</arg>
<arg>headers=${headers}</arg>
<doc>Sends a POST request on a previously created HTTP Session.</doc>
<status status="PASS" start="2026-02-14T13:27:05.066154" elapsed="0.004766"/>
</kw>
<kw name="Status Should Be" owner="RequestsLibrary">
<arg>201</arg>
<arg>${res}</arg>
<doc>Fails if response status code is different than the expected.</doc>
<status status="PASS" start="2026-02-14T13:27:05.071377" elapsed="0.000372"/>
</kw>
<status status="PASS" start="2026-02-14T13:27:05.063791" elapsed="0.008314"/>
</test>
<test id="s1-t14" name="14 Search Restaurants" line="130">
<kw name="GET On Session" owner="RequestsLibrary">
<msg time="2026-02-14T13:27:05.078456" level="INFO">GET Request : url=http://127.0.0.1:5000/api/v1/restaurants/search?name=Robot 
 path_url=/api/v1/restaurants/search?name=Robot 
 headers={'User-Agent': 'python-requests/2.32.5', 'Accept-Encoding': 'gzip, deflate', 'Accept': '*/*', 'Connection': 'keep-alive'} 
 body=None 
 </msg>
<msg time="2026-02-14T13:27:05.078585" level="INFO">GET Response : url=http://127.0.0.1:5000/api/v1/restaurants/search?name=Robot 
 status=200, reason=OK 
 headers={'Server': 'Werkzeug/3.1.5 Python/3.13.0', 'Date': 'Sat, 14 Feb 2026 07:57:05 GMT', 'Content-Type': 'application/json', 'Content-Length': '168', 'Connection': 'close'} 
 body=[
  {
    "active": false,
    "approved": true,
    "category": "Veg",
    "contact": "99999",
    "id": 1,
    "location": "Bangalore",
    "name": "Robot Hub"
  }
]
 
 </msg>
<msg time="2026-02-14T13:27:05.078772" level="INFO">${res} = &lt;Response [200]&gt;</msg>
<var>${res}</var>
<arg>foodie</arg>
<arg>url=/api/v1/restaurants/search</arg>
<arg>params=name=Robot</arg>
<doc>Sends a GET request on a previously created HTTP Session.</doc>
<status status="PASS" start="2026-02-14T13:27:05.073388" elapsed="0.005427"/>
</kw>
<kw name="Status Should Be" owner="RequestsLibrary">
<arg>200</arg>
<arg>${res}</arg>
<doc>Fails if response status code is different than the expected.</doc>
<status status="PASS" start="2026-02-14T13:27:05.079397" elapsed="0.000367"/>
</kw>
<status status="PASS" start="2026-02-14T13:27:05.072878" elapsed="0.007283"/>
</test>
<test id="s1-t15" name="15 Place Order" line="137">
<kw name="Create Dictionary" owner="BuiltIn">
<msg time="2026-02-14T13:27:05.082893" level="INFO">${headers} = {'Content-Type': 'application/json'}</msg>
<var>${headers}</var>
<arg>Content-Type=application/json</arg>
<doc>Creates and returns a dictionary based on the given ``items``.</doc>
<status status="PASS" start="2026-02-14T13:27:05.082333" elapsed="0.000742"/>
</kw>
<kw name="Set Variable" owner="BuiltIn">
<msg time="2026-02-14T13:27:05.083870" level="INFO">${body} = {"user_id":1,"restaurant_id":1,"dish":"Pizza"}</msg>
<var>${body}</var>
<arg>{"user_id":1,"restaurant_id":1,"dish":"Pizza"}</arg>
<doc>Returns the given values which can then be assigned to a variables.</doc>
<status status="PASS" start="2026-02-14T13:27:05.083421" elapsed="0.000498"/>
</kw>
<kw name="POST On Session" owner="RequestsLibrary">
<msg time="2026-02-14T13:27:05.089680" level="INFO">POST Request : url=http://127.0.0.1:5000/api/v1/orders 
 path_url=/api/v1/orders 
 headers={'User-Agent': 'python-requests/2.32.5', 'Accept-Encoding': 'gzip, deflate', 'Accept': '*/*', 'Connection': 'keep-alive', 'Content-Type': 'application/json', 'Content-Length': '46'} 
 body={"user_id":1,"restaurant_id":1,"dish":"Pizza"} 
 </msg>
<msg time="2026-02-14T13:27:05.089803" level="INFO">POST Response : url=http://127.0.0.1:5000/api/v1/orders 
 status=201, reason=CREATED 
 headers={'Server': 'Werkzeug/3.1.5 Python/3.13.0', 'Date': 'Sat, 14 Feb 2026 07:57:05 GMT', 'Content-Type': 'application/json', 'Content-Length': '94', 'Connection': 'close'} 
 body={
  "dish": "Pizza",
  "id": 1,
  "restaurant_id": 1,
  "status": "Pending",
  "user_id": 1
}
 
 </msg>
<msg time="2026-02-14T13:27:05.090023" level="INFO">${res} = &lt;Response [201]&gt;</msg>
<var>${res}</var>
<arg>foodie</arg>
<arg>url=/api/v1/orders</arg>
<arg>data=${body}</arg>
<arg>headers=${headers}</arg>
<doc>Sends a POST request on a previously created HTTP Session.</doc>
<status status="PASS" start="2026-02-14T13:27:05.084340" elapsed="0.005730"/>
</kw>
<kw name="Status Should Be" owner="RequestsLibrary">
<arg>201</arg>
<arg>${res}</arg>
<doc>Fails if response status code is different than the expected.</doc>
<status status="PASS" start="2026-02-14T13:27:05.090653" elapsed="0.000352"/>
</kw>
<status status="PASS" start="2026-02-14T13:27:05.081245" elapsed="0.010145"/>
</test>
<test id="s1-t16" name="16 Give Rating" line="148">
<kw name="Create Dictionary" owner="BuiltIn">
<msg time="2026-02-14T13:27:05.096452" level="INFO">${headers} = {'Content-Type': 'application/json'}</msg>
<var>${headers}</var>
<arg>Content-Type=application/json</arg>
<doc>Creates and returns a dictionary based on the given ``items``.</doc>
<status status="PASS" start="2026-02-14T13:27:05.094387" elapsed="0.002156"/>
</kw>
<kw name="Set Variable" owner="BuiltIn">
<msg time="2026-02-14T13:27:05.105683" level="INFO">${body} = {"order_id":1,"rating":5,"comment":"Excellent Taste"}</msg>
<var>${body}</var>
<arg>{"order_id":1,"rating":5,"comment":"Excellent Taste"}</arg>
<doc>Returns the given values which can then be assigned to a variables.</doc>
<status status="PASS" start="2026-02-14T13:27:05.105069" elapsed="0.000671"/>
</kw>
<kw name="POST On Session" owner="RequestsLibrary">
<msg time="2026-02-14T13:27:05.111520" level="INFO">POST Request : url=http://127.0.0.1:5000/api/v1/ratings 
 path_url=/api/v1/ratings 
 headers={'User-Agent': 'python-requests/2.32.5', 'Accept-Encoding': 'gzip, deflate', 'Accept': '*/*', 'Connection': 'keep-alive', 'Content-Type': 'application/json', 'Content-Length': '53'} 
 body={"order_id":1,"rating":5,"comment":"Excellent Taste"} 
 </msg>
<msg time="2026-02-14T13:27:05.111643" level="INFO">POST Response : url=http://127.0.0.1:5000/api/v1/ratings 
 status=201, reason=CREATED 
 headers={'Server': 'Werkzeug/3.1.5 Python/3.13.0', 'Date': 'Sat, 14 Feb 2026 07:57:05 GMT', 'Content-Type': 'application/json', 'Content-Length': '78', 'Connection': 'close'} 
 body={
  "comment": "Excellent Taste",
  "id": 1,
  "order_id": 1,
  "rating": 5
}
 
 </msg>
<msg time="2026-02-14T13:27:05.112209" level="INFO">${res} = &lt;Response [201]&gt;</msg>
<var>${res}</var>
<arg>foodie</arg>
<arg>url=/api/v1/ratings</arg>
<arg>data=${body}</arg>
<arg>headers=${headers}</arg>
<doc>Sends a POST request on a previously created HTTP Session.</doc>
<status status="PASS" start="2026-02-14T13:27:05.106146" elapsed="0.006141"/>
</kw>
<kw name="Status Should Be" owner="RequestsLibrary">
<arg>201</arg>
<arg>${res}</arg>
<doc>Fails if response status code is different than the expected.</doc>
<status status="PASS" start="2026-02-14T13:27:05.112907" elapsed="0.000351"/>
</kw>
<status status="PASS" start="2026-02-14T13:27:05.093271" elapsed="0.020456"/>
</test>
<test id="s1-t17" name="17 View Orders By Restaurant" line="163">
<kw name="GET On Session" owner="RequestsLibrary">
<msg time="2026-02-14T13:27:05.119935" level="INFO">GET Request : url=http://127.0.0.1:5000/api/v1/restaurants/1/orders 
 path_url=/api/v1/restaurants/1/orders 
 headers={'User-Agent': 'python-requests/2.32.5', 'Accept-Encoding': 'gzip, deflate', 'Accept': '*/*', 'Connection': 'keep-alive'} 
 body=None 
 </msg>
<msg time="2026-02-14T13:27:05.120059" level="INFO">GET Response : url=http://127.0.0.1:5000/api/v1/restaurants/1/orders 
 status=200, reason=OK 
 headers={'Server': 'Werkzeug/3.1.5 Python/3.13.0', 'Date': 'Sat, 14 Feb 2026 07:57:05 GMT', 'Content-Type': 'application/json', 'Content-Length': '112', 'Connection': 'close'} 
 body=[
  {
    "dish": "Pizza",
    "id": 1,
    "restaurant_id": 1,
    "status": "Pending",
    "user_id": 1
  }
]
 
 </msg>
<msg time="2026-02-14T13:27:05.120537" level="INFO">${res} = &lt;Response [200]&gt;</msg>
<var>${res}</var>
<arg>foodie</arg>
<arg>url=/api/v1/restaurants/1/orders</arg>
<doc>Sends a GET request on a previously created HTTP Session.</doc>
<status status="PASS" start="2026-02-14T13:27:05.115025" elapsed="0.005572"/>
</kw>
<kw name="Status Should Be" owner="RequestsLibrary">
<arg>200</arg>
<arg>${res}</arg>
<doc>Fails if response status code is different than the expected.</doc>
<status status="PASS" start="2026-02-14T13:27:05.121044" elapsed="0.000388"/>
</kw>
<status status="PASS" start="2026-02-14T13:27:05.114399" elapsed="0.007376"/>
</test>
<test id="s1-t18" name="18 View Orders By User" line="168">
<kw name="GET On Session" owner="RequestsLibrary">
<msg time="2026-02-14T13:27:05.127850" level="INFO">GET Request : url=http://127.0.0.1:5000/api/v1/users/1/orders 
 path_url=/api/v1/users/1/orders 
 headers={'User-Agent': 'python-requests/2.32.5', 'Accept-Encoding': 'gzip, deflate', 'Accept': '*/*', 'Connection': 'keep-alive'} 
 body=None 
 </msg>
<msg time="2026-02-14T13:27:05.128025" level="INFO">GET Response : url=http://127.0.0.1:5000/api/v1/users/1/orders 
 status=200, reason=OK 
 headers={'Server': 'Werkzeug/3.1.5 Python/3.13.0', 'Date': 'Sat, 14 Feb 2026 07:57:05 GMT', 'Content-Type': 'application/json', 'Content-Length': '112', 'Connection': 'close'} 
 body=[
  {
    "dish": "Pizza",
    "id": 1,
    "restaurant_id": 1,
    "status": "Pending",
    "user_id": 1
  }
]
 
 </msg>
<msg time="2026-02-14T13:27:05.128212" level="INFO">${res} = &lt;Response [200]&gt;</msg>
<var>${res}</var>
<arg>foodie</arg>
<arg>url=/api/v1/users/1/orders</arg>
<doc>Sends a GET request on a previously created HTTP Session.</doc>
<status status="PASS" start="2026-02-14T13:27:05.123222" elapsed="0.005032"/>
</kw>
<kw name="Status Should Be" owner="RequestsLibrary">
<arg>200</arg>
<arg>${res}</arg>
<doc>Fails if response status code is different than the expected.</doc>
<status status="PASS" start="2026-02-14T13:27:05.128708" elapsed="0.000342"/>
</kw>
<status status="PASS" start="2026-02-14T13:27:05.122495" elapsed="0.006900"/>
</test>
<status status="PASS" start="2026-02-14T13:27:04.772150" elapsed="0.358494"/>
</suite>
<statistics>
<total>
<stat pass="18" fail="0" skip="0">All Tests</stat>
</total>
<tag>
</tag>
<suite>
<stat name="Foodie" id="s1" pass="18" fail="0" skip="0">Foodie</stat>
</suite>
</statistics>
<errors>
</errors>
</robot>
