<?xml version="1.0" encoding="UTF-8"?>
<robot generator="Robot 7.4.1 (Python 3.12.10 on win32)" generated="2026-02-22T13:32:48.559165" rpa="false" schemaversion="5">
<suite id="s1" name="Tests" source="R:\capstone project\robot_framework_capstone_oldoriginal\tests">
<suite id="s1-s1" name="Tc01 Register Login" source="R:\capstone project\robot_framework_capstone_oldoriginal\tests\tc01_register_login.robot">
<kw name="Open Site" owner="common" type="SETUP">
<kw name="Open Browser" owner="SeleniumLibrary">
<msg time="2026-02-22T13:32:49.089456" level="INFO">Opening browser 'chrome' to base url 'https://ecommerce-playground.lambdatest.io/index.php'.</msg>
<arg>${BASE_URL}</arg>
<arg>${BROWSER}</arg>
<doc>Opens a new browser instance to the optional ``url``.</doc>
<status status="PASS" start="2026-02-22T13:32:49.089456" elapsed="10.937641"/>
</kw>
<kw name="Maximize Browser Window" owner="SeleniumLibrary">
<doc>Maximizes current browser window.</doc>
<status status="PASS" start="2026-02-22T13:33:00.028104" elapsed="0.165848"/>
</kw>
<kw name="Set Selenium Timeout" owner="SeleniumLibrary">
<arg>10s</arg>
<doc>Sets the timeout that is used by various keywords.</doc>
<status status="PASS" start="2026-02-22T13:33:00.193952" elapsed="0.003194"/>
</kw>
<status status="PASS" start="2026-02-22T13:32:49.086864" elapsed="11.110282"/>
</kw>
<test id="s1-s1-t1" name="Register User With CSV for user Abhi Ram" line="18">
<kw name="Registration">
<kw name="Register New User" owner="register_keywords">
<kw name="Go To" owner="SeleniumLibrary">
<msg time="2026-02-22T13:33:00.202696" level="INFO">Opening url 'https://ecommerce-playground.lambdatest.io/index.php'</msg>
<arg>${BASE_URL}</arg>
<doc>Navigates the current browser window to the provided ``url``.</doc>
<status status="PASS" start="2026-02-22T13:33:00.202696" elapsed="1.592354"/>
</kw>
<kw name="Title Should Be" owner="SeleniumLibrary">
<msg time="2026-02-22T13:33:01.808784" level="INFO">Page title is 'Your Store'.</msg>
<arg>Your Store</arg>
<doc>Verifies that the current page title equals ``title``.</doc>
<status status="PASS" start="2026-02-22T13:33:01.795050" elapsed="0.014779"/>
</kw>
<kw name="Page Should Contain" owner="SeleniumLibrary">
<msg time="2026-02-22T13:33:01.839058" level="INFO">Current page contains text 'My account'.</msg>
<arg>My account</arg>
<doc>Verifies that current page contains ``text``.</doc>
<status status="PASS" start="2026-02-22T13:33:01.809829" elapsed="0.030742"/>
</kw>
<kw name="Wait Until Element Is Visible" owner="SeleniumLibrary">
<arg>${MY_ACCOUNT_MENU}</arg>
<doc>Waits until the element ``locator`` is visible.</doc>
<status status="PASS" start="2026-02-22T13:33:01.840571" elapsed="0.028226"/>
</kw>
<kw name="Click Element" owner="SeleniumLibrary">
<msg time="2026-02-22T13:33:01.869824" level="INFO">Clicking element 'xpath=//a[contains(@href,"route=account/account") and contains(@class,"dropdown-toggle")]'.</msg>
<arg>${MY_ACCOUNT_MENU}</arg>
<doc>Click the element identified by ``locator``.</doc>
<status status="PASS" start="2026-02-22T13:33:01.869824" elapsed="8.382024"/>
</kw>
<kw name="Sleep" owner="BuiltIn">
<msg time="2026-02-22T13:33:11.253382" level="INFO">Slept 1 second.</msg>
<arg>1s</arg>
<doc>Pauses the test executed for the given time.</doc>
<status status="PASS" start="2026-02-22T13:33:10.251848" elapsed="1.001534"/>
</kw>
<kw name="Wait Until Element Is Visible" owner="SeleniumLibrary">
<arg>${REGISTER_LINK}</arg>
<doc>Waits until the element ``locator`` is visible.</doc>
<status status="PASS" start="2026-02-22T13:33:11.253382" elapsed="0.025696"/>
</kw>
<kw name="Click Element" owner="SeleniumLibrary">
<msg time="2026-02-22T13:33:11.280090" level="INFO">Clicking element 'xpath=//a[contains(@href,"route=account/register") and contains(text(),"Register")]'.</msg>
<arg>${REGISTER_LINK}</arg>
<doc>Click the element identified by ``locator``.</doc>
<status status="PASS" start="2026-02-22T13:33:11.280090" elapsed="5.832184"/>
</kw>
<kw name="Wait Until Page Contains" owner="SeleniumLibrary">
<arg>Register Account</arg>
<doc>Waits until ``text`` appears on the current page.</doc>
<status status="PASS" start="2026-02-22T13:33:17.113832" elapsed="0.020030"/>
</kw>
<kw name="Location Should Contain" owner="SeleniumLibrary">
<msg time="2026-02-22T13:33:17.141819" level="INFO">Current location contains 'route=account/register'.</msg>
<arg>route=account/register</arg>
<doc>Verifies that the current URL contains ``expected``.</doc>
<status status="PASS" start="2026-02-22T13:33:17.133862" elapsed="0.009031"/>
</kw>
<status status="PASS" start="2026-02-22T13:33:00.201683" elapsed="16.941210"/>
</kw>
<kw name="input firstname" owner="register_keywords">
<kw name="Input Text" owner="SeleniumLibrary">
<msg time="2026-02-22T13:33:17.144432" level="INFO">Typing text 'Abhi' into text field 'id=input-firstname'.</msg>
<arg>${FIRSTNAME_INPUT}</arg>
<arg>${firstname}</arg>
<doc>Types the given ``text`` into the text field identified by ``locator``.</doc>
<status status="PASS" start="2026-02-22T13:33:17.143909" elapsed="0.171366"/>
</kw>
<arg>${firstname}</arg>
<status status="PASS" start="2026-02-22T13:33:17.142893" elapsed="0.173750"/>
</kw>
<kw name="input lastname" owner="register_keywords">
<kw name="Input Text" owner="SeleniumLibrary">
<msg time="2026-02-22T13:33:17.317641" level="INFO">Typing text 'Ram' into text field 'id=input-lastname'.</msg>
<arg>${LASTNAME_INPUT}</arg>
<arg>${lastname}</arg>
<doc>Types the given ``text`` into the text field identified by ``locator``.</doc>
<status status="PASS" start="2026-02-22T13:33:17.317641" elapsed="0.125880"/>
</kw>
<arg>${lastname}</arg>
<status status="PASS" start="2026-02-22T13:33:17.316643" elapsed="0.128045"/>
</kw>
<kw name="input email" owner="register_keywords">
<kw name="Generate Unique Email" owner="email_generator">
<kw name="Generate Random String" owner="String">
<msg time="2026-02-22T13:33:17.446118" level="INFO">${random} = 1436</msg>
<var>${random}</var>
<arg>4</arg>
<arg>0123456789</arg>
<doc>Generates a string with a desired ``length`` from the given ``chars``.</doc>
<status status="PASS" start="2026-02-22T13:33:17.446118" elapsed="0.000000"/>
</kw>
<kw name="Set Variable" owner="BuiltIn">
<msg time="2026-02-22T13:33:17.447108" level="INFO">${email} = test_user_1436@gmail.com</msg>
<var>${email}</var>
<arg>test_user_${random}@gmail.com</arg>
<doc>Returns the given values which can then be assigned to a variables.</doc>
<status status="PASS" start="2026-02-22T13:33:17.446118" elapsed="0.002016"/>
</kw>
<kw name="Set Suite Variable" owner="BuiltIn">
<msg time="2026-02-22T13:33:17.449156" level="INFO">${EMAIL} = test_user_1436@gmail.com</msg>
<arg>${EMAIL}</arg>
<arg>${email}</arg>
<doc>Makes a variable available everywhere within the scope of the current suite.</doc>
<status status="PASS" start="2026-02-22T13:33:17.448134" elapsed="0.001022"/>
</kw>
<kw name="Log To Console" owner="BuiltIn">
<arg>Dynamic Email Generated: ${EMAIL}</arg>
<doc>Logs the given message to the console.</doc>
<status status="PASS" start="2026-02-22T13:33:17.449156" elapsed="0.000999"/>
</kw>
<status status="PASS" start="2026-02-22T13:33:17.444688" elapsed="0.005467"/>
</kw>
<kw name="Log To Console" owner="BuiltIn">
<arg>Registering with Email: ${EMAIL}</arg>
<doc>Logs the given message to the console.</doc>
<status status="PASS" start="2026-02-22T13:33:17.450155" elapsed="0.001006"/>
</kw>
<kw name="Input Text" owner="SeleniumLibrary">
<msg time="2026-02-22T13:33:17.451161" level="INFO">Typing text 'test_user_1436@gmail.com' into text field 'id=input-email'.</msg>
<arg>${EMAIL_INPUT}</arg>
<arg>${EMAIL}</arg>
<doc>Types the given ``text`` into the text field identified by ``locator``.</doc>
<status status="PASS" start="2026-02-22T13:33:17.451161" elapsed="0.212654"/>
</kw>
<status status="PASS" start="2026-02-22T13:33:17.444688" elapsed="0.219127"/>
</kw>
<kw name="input phone" owner="register_keywords">
<kw name="Input Text" owner="SeleniumLibrary">
<msg time="2026-02-22T13:33:17.665835" level="INFO">Typing text '9876543210' into text field 'id=input-telephone'.</msg>
<arg>${PHONE_INPUT}</arg>
<arg>${phone}</arg>
<doc>Types the given ``text`` into the text field identified by ``locator``.</doc>
<status status="PASS" start="2026-02-22T13:33:17.665835" elapsed="0.175976"/>
</kw>
<arg>${phone}</arg>
<status status="PASS" start="2026-02-22T13:33:17.664831" elapsed="0.178505"/>
</kw>
<kw name="input password" owner="register_keywords">
<kw name="Input Text" owner="SeleniumLibrary">
<msg time="2026-02-22T13:33:17.845366" level="INFO">Typing text 'Test@123' into text field 'id=input-password'.</msg>
<arg>${PASSWORD_INPUT}</arg>
<arg>${password}</arg>
<doc>Types the given ``text`` into the text field identified by ``locator``.</doc>
<status status="PASS" start="2026-02-22T13:33:17.844366" elapsed="0.139087"/>
</kw>
<kw name="Input Text" owner="SeleniumLibrary">
<msg time="2026-02-22T13:33:17.984147" level="INFO">Typing text 'Test@123' into text field 'id=input-confirm'.</msg>
<arg>${CONFIRM_INPUT}</arg>
<arg>${password}</arg>
<doc>Types the given ``text`` into the text field identified by ``locator``.</doc>
<status status="PASS" start="2026-02-22T13:33:17.983453" elapsed="0.126234"/>
</kw>
<kw name="Textfield Value Should Be" owner="SeleniumLibrary">
<msg time="2026-02-22T13:33:18.149422" level="INFO">Content of text field 'id=input-confirm' is 'Test@123'.</msg>
<arg>${CONFIRM_INPUT}</arg>
<arg>${password}</arg>
<doc>Verifies text field ``locator`` has exactly text ``expected``.</doc>
<status status="PASS" start="2026-02-22T13:33:18.110697" elapsed="0.038725"/>
</kw>
<arg>${password}</arg>
<status status="PASS" start="2026-02-22T13:33:17.844366" elapsed="0.306111"/>
</kw>
<kw name="click agree" owner="register_keywords">
<kw name="Click Element" owner="SeleniumLibrary">
<msg time="2026-02-22T13:33:18.150477" level="INFO">Clicking element 'xpath=//label[@for="input-agree"]'.</msg>
<arg>${AGREE_LABEL}</arg>
<doc>Click the element identified by ``locator``.</doc>
<status status="PASS" start="2026-02-22T13:33:18.150477" elapsed="0.094894"/>
</kw>
<kw name="Checkbox Should Be Selected" owner="SeleniumLibrary">
<msg time="2026-02-22T13:33:18.245371" level="INFO">Verifying checkbox 'id=input-agree' is selected.</msg>
<arg>id=input-agree</arg>
<doc>Verifies checkbox ``locator`` is selected/checked.</doc>
<status status="PASS" start="2026-02-22T13:33:18.245371" elapsed="0.043810"/>
</kw>
<status status="PASS" start="2026-02-22T13:33:18.150477" elapsed="0.138704"/>
</kw>
<kw name="click continue" owner="register_keywords">
<kw name="Scroll Element Into View" owner="SeleniumLibrary">
<arg>${CONTINUE_BUTTON}</arg>
<doc>Scrolls the element identified by ``locator`` into view.</doc>
<status status="PASS" start="2026-02-22T13:33:18.290321" elapsed="0.291688"/>
</kw>
<kw name="Click Button" owner="SeleniumLibrary">
<msg time="2026-02-22T13:33:18.582530" level="INFO">Clicking button 'css=input.btn.btn-primary[type="submit"][value="Continue"]'.</msg>
<arg>${CONTINUE_BUTTON}</arg>
<doc>Clicks the button identified by ``locator``.</doc>
<status status="PASS" start="2026-02-22T13:33:18.582530" elapsed="3.553164"/>
</kw>
<kw name="Wait Until Element Is Visible" owner="SeleniumLibrary">
<arg>${SUCCESS_TEXT}</arg>
<doc>Waits until the element ``locator`` is visible.</doc>
<status status="PASS" start="2026-02-22T13:33:22.136706" elapsed="0.035300"/>
</kw>
<kw name="Page Should Contain" owner="SeleniumLibrary">
<msg time="2026-02-22T13:33:22.190639" level="INFO">Current page contains text 'Your Account Has Been Created'.</msg>
<arg>Your Account Has Been Created</arg>
<doc>Verifies that current page contains ``text``.</doc>
<status status="PASS" start="2026-02-22T13:33:22.173050" elapsed="0.017589"/>
</kw>
<kw name="Log To Console" owner="BuiltIn">
<arg>Registration Completed Successfully for ${firstname}</arg>
<doc>Logs the given message to the console.</doc>
<status status="PASS" start="2026-02-22T13:33:22.192153" elapsed="0.000000"/>
</kw>
<status status="PASS" start="2026-02-22T13:33:18.289181" elapsed="3.902972"/>
</kw>
<kw name="click logout" owner="register_keywords">
<kw name="Logout User Successfully" owner="logout_keywords">
<kw name="Wait Until Element Is Visible" owner="SeleniumLibrary">
<arg>${MY_ACCOUNT_MENU}</arg>
<doc>Waits until the element ``locator`` is visible.</doc>
<status status="PASS" start="2026-02-22T13:33:22.194876" elapsed="0.020783"/>
</kw>
<kw name="Click Element" owner="SeleniumLibrary">
<msg time="2026-02-22T13:33:22.216753" level="INFO">Clicking element 'xpath=//a[contains(@href,"route=account/account") and contains(@class,"dropdown-toggle")]'.</msg>
<arg>${MY_ACCOUNT_MENU}</arg>
<doc>Click the element identified by ``locator``.</doc>
<status status="PASS" start="2026-02-22T13:33:22.215659" elapsed="1.678873"/>
</kw>
<kw name="Sleep" owner="BuiltIn">
<msg time="2026-02-22T13:33:24.896032" level="INFO">Slept 1 second.</msg>
<arg>1s</arg>
<doc>Pauses the test executed for the given time.</doc>
<status status="PASS" start="2026-02-22T13:33:23.895545" elapsed="1.000487"/>
</kw>
<kw name="Wait Until Element Is Visible" owner="SeleniumLibrary">
<arg>${LOGOUT_LINK}</arg>
<doc>Waits until the element ``locator`` is visible.</doc>
<status status="PASS" start="2026-02-22T13:33:24.896032" elapsed="0.035992"/>
</kw>
<kw name="Element Should Be Visible" owner="SeleniumLibrary">
<msg time="2026-02-22T13:33:24.952211" level="INFO">Element 'xpath=//a[contains(@href,"route=account/logout") and contains(text(),"Logout")]' is displayed.</msg>
<arg>${LOGOUT_LINK}</arg>
<doc>Verifies that the element identified by ``locator`` is visible.</doc>
<status status="PASS" start="2026-02-22T13:33:24.933579" elapsed="0.018632"/>
</kw>
<kw name="Click Element" owner="SeleniumLibrary">
<msg time="2026-02-22T13:33:24.952211" level="INFO">Clicking element 'xpath=//a[contains(@href,"route=account/logout") and contains(text(),"Logout")]'.</msg>
<arg>${LOGOUT_LINK}</arg>
<doc>Click the element identified by ``locator``.</doc>
<status status="PASS" start="2026-02-22T13:33:24.952211" elapsed="5.366332"/>
</kw>
<kw name="Wait Until Element Is Visible" owner="SeleniumLibrary">
<arg>${LOGOUT_TEXT}</arg>
<doc>Waits until the element ``locator`` is visible.</doc>
<status status="PASS" start="2026-02-22T13:33:30.318543" elapsed="0.024135"/>
</kw>
<kw name="Element Should Be Visible" owner="SeleniumLibrary">
<msg time="2026-02-22T13:33:30.368665" level="INFO">Element 'xpath=//h1[contains(text(),"Account Logout")]' is displayed.</msg>
<arg>${LOGOUT_TEXT}</arg>
<doc>Verifies that the element identified by ``locator`` is visible.</doc>
<status status="PASS" start="2026-02-22T13:33:30.344214" elapsed="0.024451"/>
</kw>
<kw name="Page Should Contain" owner="SeleniumLibrary">
<msg time="2026-02-22T13:33:30.388439" level="INFO">Current page contains text 'Account Logout'.</msg>
<arg>Account Logout</arg>
<doc>Verifies that current page contains ``text``.</doc>
<status status="PASS" start="2026-02-22T13:33:30.370188" elapsed="0.018251"/>
</kw>
<kw name="Location Should Contain" owner="SeleniumLibrary">
<msg time="2026-02-22T13:33:30.396178" level="INFO">Current location contains 'route=account/logout'.</msg>
<arg>route=account/logout</arg>
<doc>Verifies that the current URL contains ``expected``.</doc>
<status status="PASS" start="2026-02-22T13:33:30.389573" elapsed="0.006605"/>
</kw>
<kw name="Log To Console" owner="BuiltIn">
<arg>Logout Completed Successfully</arg>
<doc>Logs the given message to the console.</doc>
<status status="PASS" start="2026-02-22T13:33:30.396178" elapsed="0.000823"/>
</kw>
<status status="PASS" start="2026-02-22T13:33:22.193693" elapsed="8.203308"/>
</kw>
<status status="PASS" start="2026-02-22T13:33:22.193693" elapsed="8.203308"/>
</kw>
<kw name="Login User Successfully" owner="login_keywords">
<kw name="Go To" owner="SeleniumLibrary">
<msg time="2026-02-22T13:33:30.398506" level="INFO">Opening url 'https://ecommerce-playground.lambdatest.io/index.php'</msg>
<arg>${BASE_URL}</arg>
<doc>Navigates the current browser window to the provided ``url``.</doc>
<status status="PASS" start="2026-02-22T13:33:30.398506" elapsed="1.159510"/>
</kw>
<kw name="Page Should Contain" owner="SeleniumLibrary">
<msg time="2026-02-22T13:33:31.738601" level="INFO">Current page contains text 'My account'.</msg>
<arg>My account</arg>
<doc>Verifies that current page contains ``text``.</doc>
<status status="PASS" start="2026-02-22T13:33:31.559530" elapsed="0.179071"/>
</kw>
<kw name="Wait Until Element Is Visible" owner="SeleniumLibrary">
<arg>${MY_ACCOUNT_MENU}</arg>
<doc>Waits until the element ``locator`` is visible.</doc>
<status status="PASS" start="2026-02-22T13:33:31.738601" elapsed="0.028312"/>
</kw>
<kw name="Click Element" owner="SeleniumLibrary">
<msg time="2026-02-22T13:33:31.767920" level="INFO">Clicking element 'xpath=//a[contains(@href,"route=account/account") and contains(@class,"dropdown-toggle")]'.</msg>
<arg>${MY_ACCOUNT_MENU}</arg>
<doc>Click the element identified by ``locator``.</doc>
<status status="PASS" start="2026-02-22T13:33:31.766913" elapsed="1.418108"/>
</kw>
<kw name="Sleep" owner="BuiltIn">
<msg time="2026-02-22T13:33:34.187071" level="INFO">Slept 1 second.</msg>
<arg>1s</arg>
<doc>Pauses the test executed for the given time.</doc>
<status status="PASS" start="2026-02-22T13:33:33.186031" elapsed="1.001040"/>
</kw>
<kw name="Wait Until Element Is Visible" owner="SeleniumLibrary">
<arg>${LOGIN_LINK}</arg>
<doc>Waits until the element ``locator`` is visible.</doc>
<status status="PASS" start="2026-02-22T13:33:34.187071" elapsed="0.027150"/>
</kw>
<kw name="Click Element" owner="SeleniumLibrary">
<msg time="2026-02-22T13:33:34.214221" level="INFO">Clicking element 'xpath=//a[contains(@href,"route=account/login") and contains(text(),"Login")]'.</msg>
<arg>${LOGIN_LINK}</arg>
<doc>Click the element identified by ``locator``.</doc>
<status status="PASS" start="2026-02-22T13:33:34.214221" elapsed="0.908136"/>
</kw>
<kw name="Wait Until Page Contains" owner="SeleniumLibrary">
<arg>Account Login</arg>
<doc>Waits until ``text`` appears on the current page.</doc>
<status status="PASS" start="2026-02-22T13:33:35.123709" elapsed="0.015763"/>
</kw>
<kw name="Location Should Contain" owner="SeleniumLibrary">
<msg time="2026-02-22T13:33:35.148508" level="INFO">Current location contains 'route=account/login'.</msg>
<arg>route=account/login</arg>
<doc>Verifies that the current URL contains ``expected``.</doc>
<status status="PASS" start="2026-02-22T13:33:35.140492" elapsed="0.008016"/>
</kw>
<kw name="Log To Console" owner="BuiltIn">
<arg>Logging in with Email: ${EMAIL}</arg>
<doc>Logs the given message to the console.</doc>
<status status="PASS" start="2026-02-22T13:33:35.148508" elapsed="0.003856"/>
</kw>
<kw name="Input Text" owner="SeleniumLibrary">
<msg time="2026-02-22T13:33:35.155062" level="INFO">Typing text 'test_user_1436@gmail.com' into text field 'id=input-email'.</msg>
<arg>${EMAIL_INPUT}</arg>
<arg>${EMAIL}</arg>
<doc>Types the given ``text`` into the text field identified by ``locator``.</doc>
<status status="PASS" start="2026-02-22T13:33:35.153890" elapsed="0.213296"/>
</kw>
<kw name="Input Text" owner="SeleniumLibrary">
<msg time="2026-02-22T13:33:35.368182" level="INFO">Typing text 'Test@123' into text field 'id=input-password'.</msg>
<arg>${PASSWORD_INPUT}</arg>
<arg>${password}</arg>
<doc>Types the given ``text`` into the text field identified by ``locator``.</doc>
<status status="PASS" start="2026-02-22T13:33:35.367186" elapsed="0.185527"/>
</kw>
<kw name="Click Button" owner="SeleniumLibrary">
<msg time="2026-02-22T13:33:35.553723" level="INFO">Clicking button 'css=input.btn.btn-primary[value="Login"]'.</msg>
<arg>${LOGIN_BUTTON}</arg>
<doc>Clicks the button identified by ``locator``.</doc>
<status status="PASS" start="2026-02-22T13:33:35.552713" elapsed="4.693339"/>
</kw>
<kw name="Wait Until Page Contains" owner="SeleniumLibrary">
<arg>My Account</arg>
<doc>Waits until ``text`` appears on the current page.</doc>
<status status="PASS" start="2026-02-22T13:33:40.247051" elapsed="0.020240"/>
</kw>
<kw name="Wait Until Element Is Visible" owner="SeleniumLibrary">
<arg>${MY_ACCOUNT_HEADING}</arg>
<doc>Waits until the element ``locator`` is visible.</doc>
<status status="PASS" start="2026-02-22T13:33:40.267291" elapsed="0.023521"/>
</kw>
<kw name="Page Should Contain" owner="SeleniumLibrary">
<msg time="2026-02-22T13:33:40.306433" level="INFO">Current page contains text 'My Account'.</msg>
<arg>My Account</arg>
<doc>Verifies that current page contains ``text``.</doc>
<status status="PASS" start="2026-02-22T13:33:40.290812" elapsed="0.015621"/>
</kw>
<kw name="Location Should Contain" owner="SeleniumLibrary">
<msg time="2026-02-22T13:33:40.312621" level="INFO">Current location contains 'route=account/account'.</msg>
<arg>route=account/account</arg>
<doc>Verifies that the current URL contains ``expected``.</doc>
<status status="PASS" start="2026-02-22T13:33:40.306433" elapsed="0.006188"/>
</kw>
<kw name="Log To Console" owner="BuiltIn">
<arg>Login Successful After Logout</arg>
<doc>Logs the given message to the console.</doc>
<status status="PASS" start="2026-02-22T13:33:40.312621" elapsed="0.002102"/>
</kw>
<arg>${password}</arg>
<status status="PASS" start="2026-02-22T13:33:30.397001" elapsed="9.917722"/>
</kw>
<kw name="click logout" owner="register_keywords">
<kw name="Logout User Successfully" owner="logout_keywords">
<kw name="Wait Until Element Is Visible" owner="SeleniumLibrary">
<arg>${MY_ACCOUNT_MENU}</arg>
<doc>Waits until the element ``locator`` is visible.</doc>
<status status="PASS" start="2026-02-22T13:33:40.315766" elapsed="0.022124"/>
</kw>
<kw name="Click Element" owner="SeleniumLibrary">
<msg time="2026-02-22T13:33:40.337890" level="INFO">Clicking element 'xpath=//a[contains(@href,"route=account/account") and contains(@class,"dropdown-toggle")]'.</msg>
<arg>${MY_ACCOUNT_MENU}</arg>
<doc>Click the element identified by ``locator``.</doc>
<status status="PASS" start="2026-02-22T13:33:40.337890" elapsed="1.091994"/>
</kw>
<kw name="Sleep" owner="BuiltIn">
<msg time="2026-02-22T13:33:42.431450" level="INFO">Slept 1 second.</msg>
<arg>1s</arg>
<doc>Pauses the test executed for the given time.</doc>
<status status="PASS" start="2026-02-22T13:33:41.429884" elapsed="1.001566"/>
</kw>
<kw name="Wait Until Element Is Visible" owner="SeleniumLibrary">
<arg>${LOGOUT_LINK}</arg>
<doc>Waits until the element ``locator`` is visible.</doc>
<status status="PASS" start="2026-02-22T13:33:42.431450" elapsed="0.017227"/>
</kw>
<kw name="Element Should Be Visible" owner="SeleniumLibrary">
<msg time="2026-02-22T13:33:42.467612" level="INFO">Element 'xpath=//a[contains(@href,"route=account/logout") and contains(text(),"Logout")]' is displayed.</msg>
<arg>${LOGOUT_LINK}</arg>
<doc>Verifies that the element identified by ``locator`` is visible.</doc>
<status status="PASS" start="2026-02-22T13:33:42.448677" elapsed="0.018935"/>
</kw>
<kw name="Click Element" owner="SeleniumLibrary">
<msg time="2026-02-22T13:33:42.467612" level="INFO">Clicking element 'xpath=//a[contains(@href,"route=account/logout") and contains(text(),"Logout")]'.</msg>
<arg>${LOGOUT_LINK}</arg>
<doc>Click the element identified by ``locator``.</doc>
<status status="PASS" start="2026-02-22T13:33:42.467612" elapsed="1.499105"/>
</kw>
<kw name="Wait Until Element Is Visible" owner="SeleniumLibrary">
<arg>${LOGOUT_TEXT}</arg>
<doc>Waits until the element ``locator`` is visible.</doc>
<status status="PASS" start="2026-02-22T13:33:43.966717" elapsed="0.060002"/>
</kw>
<kw name="Element Should Be Visible" owner="SeleniumLibrary">
<msg time="2026-02-22T13:33:44.047825" level="INFO">Element 'xpath=//h1[contains(text(),"Account Logout")]' is displayed.</msg>
<arg>${LOGOUT_TEXT}</arg>
<doc>Verifies that the element identified by ``locator`` is visible.</doc>
<status status="PASS" start="2026-02-22T13:33:44.026719" elapsed="0.021106"/>
</kw>
<kw name="Page Should Contain" owner="SeleniumLibrary">
<msg time="2026-02-22T13:33:44.061977" level="INFO">Current page contains text 'Account Logout'.</msg>
<arg>Account Logout</arg>
<doc>Verifies that current page contains ``text``.</doc>
<status status="PASS" start="2026-02-22T13:33:44.047825" elapsed="0.014718"/>
</kw>
<kw name="Location Should Contain" owner="SeleniumLibrary">
<msg time="2026-02-22T13:33:44.068907" level="INFO">Current location contains 'route=account/logout'.</msg>
<arg>route=account/logout</arg>
<doc>Verifies that the current URL contains ``expected``.</doc>
<status status="PASS" start="2026-02-22T13:33:44.062543" elapsed="0.006364"/>
</kw>
<kw name="Log To Console" owner="BuiltIn">
<arg>Logout Completed Successfully</arg>
<doc>Logs the given message to the console.</doc>
<status status="PASS" start="2026-02-22T13:33:44.068907" elapsed="0.001228"/>
</kw>
<status status="PASS" start="2026-02-22T13:33:40.315766" elapsed="3.754369"/>
</kw>
<status status="PASS" start="2026-02-22T13:33:40.314723" elapsed="3.755412"/>
</kw>
<arg>firstname=Abhi</arg>
<arg>lastname=Ram</arg>
<arg>phone=9876543210</arg>
<arg>password=Test@123</arg>
<status status="PASS" start="2026-02-22T13:33:00.200174" elapsed="43.869961"/>
</kw>
<kw name="Capture Screenshot On Failure" owner="common" type="TEARDOWN">
<kw name="Run Keyword If Test Failed" owner="BuiltIn">
<arg>Capture Page Screenshot</arg>
<doc>Runs the given keyword with the given arguments, if the test failed.</doc>
<status status="PASS" start="2026-02-22T13:33:44.071169" elapsed="0.000000"/>
</kw>
<status status="PASS" start="2026-02-22T13:33:44.071169" elapsed="0.000000"/>
</kw>
<status status="PASS" start="2026-02-22T13:33:00.197146" elapsed="43.875532"/>
</test>
<test id="s1-s1-t2" name="Register User With CSV for user Ranga akash" line="18">
<kw name="Registration">
<kw name="Register New User" owner="register_keywords">
<kw name="Go To" owner="SeleniumLibrary">
<msg time="2026-02-22T13:33:44.078721" level="INFO">Opening url 'https://ecommerce-playground.lambdatest.io/index.php'</msg>
<arg>${BASE_URL}</arg>
<doc>Navigates the current browser window to the provided ``url``.</doc>
<status status="PASS" start="2026-02-22T13:33:44.078721" elapsed="1.561082"/>
</kw>
<kw name="Title Should Be" owner="SeleniumLibrary">
<msg time="2026-02-22T13:33:45.652593" level="INFO">Page title is 'Your Store'.</msg>
<arg>Your Store</arg>
<doc>Verifies that the current page title equals ``title``.</doc>
<status status="PASS" start="2026-02-22T13:33:45.639803" elapsed="0.012790"/>
</kw>
<kw name="Page Should Contain" owner="SeleniumLibrary">
<msg time="2026-02-22T13:33:45.674940" level="INFO">Current page contains text 'My account'.</msg>
<arg>My account</arg>
<doc>Verifies that current page contains ``text``.</doc>
<status status="PASS" start="2026-02-22T13:33:45.652593" elapsed="0.022347"/>
</kw>
<kw name="Wait Until Element Is Visible" owner="SeleniumLibrary">
<arg>${MY_ACCOUNT_MENU}</arg>
<doc>Waits until the element ``locator`` is visible.</doc>
<status status="PASS" start="2026-02-22T13:33:45.674940" elapsed="0.025075"/>
</kw>
<kw name="Click Element" owner="SeleniumLibrary">
<msg time="2026-02-22T13:33:45.700015" level="INFO">Clicking element 'xpath=//a[contains(@href,"route=account/account") and contains(@class,"dropdown-toggle")]'.</msg>
<arg>${MY_ACCOUNT_MENU}</arg>
<doc>Click the element identified by ``locator``.</doc>
<status status="PASS" start="2026-02-22T13:33:45.700015" elapsed="1.301887"/>
</kw>
<kw name="Sleep" owner="BuiltIn">
<msg time="2026-02-22T13:33:48.004496" level="INFO">Slept 1 second.</msg>
<arg>1s</arg>
<doc>Pauses the test executed for the given time.</doc>
<status status="PASS" start="2026-02-22T13:33:47.003543" elapsed="1.000953"/>
</kw>
<kw name="Wait Until Element Is Visible" owner="SeleniumLibrary">
<arg>${REGISTER_LINK}</arg>
<doc>Waits until the element ``locator`` is visible.</doc>
<status status="PASS" start="2026-02-22T13:33:48.004496" elapsed="0.023580"/>
</kw>
<kw name="Click Element" owner="SeleniumLibrary">
<msg time="2026-02-22T13:33:48.029275" level="INFO">Clicking element 'xpath=//a[contains(@href,"route=account/register") and contains(text(),"Register")]'.</msg>
<arg>${REGISTER_LINK}</arg>
<doc>Click the element identified by ``locator``.</doc>
<status status="PASS" start="2026-02-22T13:33:48.028076" elapsed="0.922953"/>
</kw>
<kw name="Wait Until Page Contains" owner="SeleniumLibrary">
<arg>Register Account</arg>
<doc>Waits until ``text`` appears on the current page.</doc>
<status status="PASS" start="2026-02-22T13:33:48.952414" elapsed="0.012794"/>
</kw>
<kw name="Location Should Contain" owner="SeleniumLibrary">
<msg time="2026-02-22T13:33:48.973125" level="INFO">Current location contains 'route=account/register'.</msg>
<arg>route=account/register</arg>
<doc>Verifies that the current URL contains ``expected``.</doc>
<status status="PASS" start="2026-02-22T13:33:48.966223" elapsed="0.006902"/>
</kw>
<status status="PASS" start="2026-02-22T13:33:44.077213" elapsed="4.895912"/>
</kw>
<kw name="input firstname" owner="register_keywords">
<kw name="Input Text" owner="SeleniumLibrary">
<msg time="2026-02-22T13:33:48.974691" level="INFO">Typing text 'Ranga' into text field 'id=input-firstname'.</msg>
<arg>${FIRSTNAME_INPUT}</arg>
<arg>${firstname}</arg>
<doc>Types the given ``text`` into the text field identified by ``locator``.</doc>
<status status="PASS" start="2026-02-22T13:33:48.973125" elapsed="0.152584"/>
</kw>
<arg>${firstname}</arg>
<status status="PASS" start="2026-02-22T13:33:48.973125" elapsed="0.152584"/>
</kw>
<kw name="input lastname" owner="register_keywords">
<kw name="Input Text" owner="SeleniumLibrary">
<msg time="2026-02-22T13:33:49.126821" level="INFO">Typing text 'akash' into text field 'id=input-lastname'.</msg>
<arg>${LASTNAME_INPUT}</arg>
<arg>${lastname}</arg>
<doc>Types the given ``text`` into the text field identified by ``locator``.</doc>
<status status="PASS" start="2026-02-22T13:33:49.126821" elapsed="0.140096"/>
</kw>
<arg>${lastname}</arg>
<status status="PASS" start="2026-02-22T13:33:49.125709" elapsed="0.142480"/>
</kw>
<kw name="input email" owner="register_keywords">
<kw name="Generate Unique Email" owner="email_generator">
<kw name="Generate Random String" owner="String">
<msg time="2026-02-22T13:33:49.270212" level="INFO">${random} = 7228</msg>
<var>${random}</var>
<arg>4</arg>
<arg>0123456789</arg>
<doc>Generates a string with a desired ``length`` from the given ``chars``.</doc>
<status status="PASS" start="2026-02-22T13:33:49.268700" elapsed="0.001512"/>
</kw>
<kw name="Set Variable" owner="BuiltIn">
<msg time="2026-02-22T13:33:49.271227" level="INFO">${email} = test_user_7228@gmail.com</msg>
<var>${email}</var>
<arg>test_user_${random}@gmail.com</arg>
<doc>Returns the given values which can then be assigned to a variables.</doc>
<status status="PASS" start="2026-02-22T13:33:49.270212" elapsed="0.001015"/>
</kw>
<kw name="Set Suite Variable" owner="BuiltIn">
<msg time="2026-02-22T13:33:49.271227" level="INFO">${EMAIL} = test_user_7228@gmail.com</msg>
<arg>${EMAIL}</arg>
<arg>${email}</arg>
<doc>Makes a variable available everywhere within the scope of the current suite.</doc>
<status status="PASS" start="2026-02-22T13:33:49.271227" elapsed="0.000000"/>
</kw>
<kw name="Log To Console" owner="BuiltIn">
<arg>Dynamic Email Generated: ${EMAIL}</arg>
<doc>Logs the given message to the console.</doc>
<status status="PASS" start="2026-02-22T13:33:49.271227" elapsed="0.001508"/>
</kw>
<status status="PASS" start="2026-02-22T13:33:49.268700" elapsed="0.004035"/>
</kw>
<kw name="Log To Console" owner="BuiltIn">
<arg>Registering with Email: ${EMAIL}</arg>
<doc>Logs the given message to the console.</doc>
<status status="PASS" start="2026-02-22T13:33:49.272735" elapsed="0.001023"/>
</kw>
<kw name="Input Text" owner="SeleniumLibrary">
<msg time="2026-02-22T13:33:49.273758" level="INFO">Typing text 'test_user_7228@gmail.com' into text field 'id=input-email'.</msg>
<arg>${EMAIL_INPUT}</arg>
<arg>${EMAIL}</arg>
<doc>Types the given ``text`` into the text field identified by ``locator``.</doc>
<status status="PASS" start="2026-02-22T13:33:49.273758" elapsed="0.192251"/>
</kw>
<status status="PASS" start="2026-02-22T13:33:49.268700" elapsed="0.197309"/>
</kw>
<kw name="input phone" owner="register_keywords">
<kw name="Input Text" owner="SeleniumLibrary">
<msg time="2026-02-22T13:33:49.468828" level="INFO">Typing text '9123456789' into text field 'id=input-telephone'.</msg>
<arg>${PHONE_INPUT}</arg>
<arg>${phone}</arg>
<doc>Types the given ``text`` into the text field identified by ``locator``.</doc>
<status status="PASS" start="2026-02-22T13:33:49.468828" elapsed="0.159944"/>
</kw>
<arg>${phone}</arg>
<status status="PASS" start="2026-02-22T13:33:49.467012" elapsed="0.161760"/>
</kw>
<kw name="input password" owner="register_keywords">
<kw name="Input Text" owner="SeleniumLibrary">
<msg time="2026-02-22T13:33:49.630499" level="INFO">Typing text 'Ranga@123' into text field 'id=input-password'.</msg>
<arg>${PASSWORD_INPUT}</arg>
<arg>${password}</arg>
<doc>Types the given ``text`` into the text field identified by ``locator``.</doc>
<status status="PASS" start="2026-02-22T13:33:49.630499" elapsed="0.112634"/>
</kw>
<kw name="Input Text" owner="SeleniumLibrary">
<msg time="2026-02-22T13:33:49.743133" level="INFO">Typing text 'Ranga@123' into text field 'id=input-confirm'.</msg>
<arg>${CONFIRM_INPUT}</arg>
<arg>${password}</arg>
<doc>Types the given ``text`` into the text field identified by ``locator``.</doc>
<status status="PASS" start="2026-02-22T13:33:49.743133" elapsed="0.121544"/>
</kw>
<kw name="Textfield Value Should Be" owner="SeleniumLibrary">
<msg time="2026-02-22T13:33:49.897641" level="INFO">Content of text field 'id=input-confirm' is 'Ranga@123'.</msg>
<arg>${CONFIRM_INPUT}</arg>
<arg>${password}</arg>
<doc>Verifies text field ``locator`` has exactly text ``expected``.</doc>
<status status="PASS" start="2026-02-22T13:33:49.864677" elapsed="0.032964"/>
</kw>
<arg>${password}</arg>
<status status="PASS" start="2026-02-22T13:33:49.628772" elapsed="0.268869"/>
</kw>
<kw name="click agree" owner="register_keywords">
<kw name="Click Element" owner="SeleniumLibrary">
<msg time="2026-02-22T13:33:49.898629" level="INFO">Clicking element 'xpath=//label[@for="input-agree"]'.</msg>
<arg>${AGREE_LABEL}</arg>
<doc>Click the element identified by ``locator``.</doc>
<status status="PASS" start="2026-02-22T13:33:49.898629" elapsed="0.077906"/>
</kw>
<kw name="Checkbox Should Be Selected" owner="SeleniumLibrary">
<msg time="2026-02-22T13:33:49.977771" level="INFO">Verifying checkbox 'id=input-agree' is selected.</msg>
<arg>id=input-agree</arg>
<doc>Verifies checkbox ``locator`` is selected/checked.</doc>
<status status="PASS" start="2026-02-22T13:33:49.977771" elapsed="0.045388"/>
</kw>
<status status="PASS" start="2026-02-22T13:33:49.898629" elapsed="0.124530"/>
</kw>
<kw name="click continue" owner="register_keywords">
<kw name="Scroll Element Into View" owner="SeleniumLibrary">
<arg>${CONTINUE_BUTTON}</arg>
<doc>Scrolls the element identified by ``locator`` into view.</doc>
<status status="PASS" start="2026-02-22T13:33:50.024721" elapsed="0.286460"/>
</kw>
<kw name="Click Button" owner="SeleniumLibrary">
<msg time="2026-02-22T13:33:50.312708" level="INFO">Clicking button 'css=input.btn.btn-primary[type="submit"][value="Continue"]'.</msg>
<arg>${CONTINUE_BUTTON}</arg>
<doc>Clicks the button identified by ``locator``.</doc>
<status status="PASS" start="2026-02-22T13:33:50.311181" elapsed="1.495637"/>
</kw>
<kw name="Wait Until Element Is Visible" owner="SeleniumLibrary">
<arg>${SUCCESS_TEXT}</arg>
<doc>Waits until the element ``locator`` is visible.</doc>
<status status="PASS" start="2026-02-22T13:33:51.806818" elapsed="0.024277"/>
</kw>
<kw name="Page Should Contain" owner="SeleniumLibrary">
<msg time="2026-02-22T13:33:51.871074" level="INFO">Current page contains text 'Your Account Has Been Created'.</msg>
<arg>Your Account Has Been Created</arg>
<doc>Verifies that current page contains ``text``.</doc>
<status status="PASS" start="2026-02-22T13:33:51.831095" elapsed="0.039979"/>
</kw>
<kw name="Log To Console" owner="BuiltIn">
<arg>Registration Completed Successfully for ${firstname}</arg>
<doc>Logs the given message to the console.</doc>
<status status="PASS" start="2026-02-22T13:33:51.871074" elapsed="0.001956"/>
</kw>
<status status="PASS" start="2026-02-22T13:33:50.023159" elapsed="1.849871"/>
</kw>
<kw name="click logout" owner="register_keywords">
<kw name="Logout User Successfully" owner="logout_keywords">
<kw name="Wait Until Element Is Visible" owner="SeleniumLibrary">
<arg>${MY_ACCOUNT_MENU}</arg>
<doc>Waits until the element ``locator`` is visible.</doc>
<status status="PASS" start="2026-02-22T13:33:51.874601" elapsed="0.021300"/>
</kw>
<kw name="Click Element" owner="SeleniumLibrary">
<msg time="2026-02-22T13:33:51.895901" level="INFO">Clicking element 'xpath=//a[contains(@href,"route=account/account") and contains(@class,"dropdown-toggle")]'.</msg>
<arg>${MY_ACCOUNT_MENU}</arg>
<doc>Click the element identified by ``locator``.</doc>
<status status="PASS" start="2026-02-22T13:33:51.895901" elapsed="0.976428"/>
</kw>
<kw name="Sleep" owner="BuiltIn">
<msg time="2026-02-22T13:33:53.873251" level="INFO">Slept 1 second.</msg>
<arg>1s</arg>
<doc>Pauses the test executed for the given time.</doc>
<status status="PASS" start="2026-02-22T13:33:52.872329" elapsed="1.000922"/>
</kw>
<kw name="Wait Until Element Is Visible" owner="SeleniumLibrary">
<arg>${LOGOUT_LINK}</arg>
<doc>Waits until the element ``locator`` is visible.</doc>
<status status="PASS" start="2026-02-22T13:33:53.873757" elapsed="0.021735"/>
</kw>
<kw name="Element Should Be Visible" owner="SeleniumLibrary">
<msg time="2026-02-22T13:33:53.913278" level="INFO">Element 'xpath=//a[contains(@href,"route=account/logout") and contains(text(),"Logout")]' is displayed.</msg>
<arg>${LOGOUT_LINK}</arg>
<doc>Verifies that the element identified by ``locator`` is visible.</doc>
<status status="PASS" start="2026-02-22T13:33:53.896475" elapsed="0.016803"/>
</kw>
<kw name="Click Element" owner="SeleniumLibrary">
<msg time="2026-02-22T13:33:53.914808" level="INFO">Clicking element 'xpath=//a[contains(@href,"route=account/logout") and contains(text(),"Logout")]'.</msg>
<arg>${LOGOUT_LINK}</arg>
<doc>Click the element identified by ``locator``.</doc>
<status status="PASS" start="2026-02-22T13:33:53.914808" elapsed="1.270332"/>
</kw>
<kw name="Wait Until Element Is Visible" owner="SeleniumLibrary">
<arg>${LOGOUT_TEXT}</arg>
<doc>Waits until the element ``locator`` is visible.</doc>
<status status="PASS" start="2026-02-22T13:33:55.186211" elapsed="0.022045"/>
</kw>
<kw name="Element Should Be Visible" owner="SeleniumLibrary">
<msg time="2026-02-22T13:33:55.230315" level="INFO">Element 'xpath=//h1[contains(text(),"Account Logout")]' is displayed.</msg>
<arg>${LOGOUT_TEXT}</arg>
<doc>Verifies that the element identified by ``locator`` is visible.</doc>
<status status="PASS" start="2026-02-22T13:33:55.209261" elapsed="0.021054"/>
</kw>
<kw name="Page Should Contain" owner="SeleniumLibrary">
<msg time="2026-02-22T13:33:55.243170" level="INFO">Current page contains text 'Account Logout'.</msg>
<arg>Account Logout</arg>
<doc>Verifies that current page contains ``text``.</doc>
<status status="PASS" start="2026-02-22T13:33:55.230315" elapsed="0.012855"/>
</kw>
<kw name="Location Should Contain" owner="SeleniumLibrary">
<msg time="2026-02-22T13:33:55.251709" level="INFO">Current location contains 'route=account/logout'.</msg>
<arg>route=account/logout</arg>
<doc>Verifies that the current URL contains ``expected``.</doc>
<status status="PASS" start="2026-02-22T13:33:55.243170" elapsed="0.008539"/>
</kw>
<kw name="Log To Console" owner="BuiltIn">
<arg>Logout Completed Successfully</arg>
<doc>Logs the given message to the console.</doc>
<status status="PASS" start="2026-02-22T13:33:55.251709" elapsed="0.001033"/>
</kw>
<status status="PASS" start="2026-02-22T13:33:51.873030" elapsed="3.379712"/>
</kw>
<status status="PASS" start="2026-02-22T13:33:51.873030" elapsed="3.379712"/>
</kw>
<kw name="Login User Successfully" owner="login_keywords">
<kw name="Go To" owner="SeleniumLibrary">
<msg time="2026-02-22T13:33:55.254276" level="INFO">Opening url 'https://ecommerce-playground.lambdatest.io/index.php'</msg>
<arg>${BASE_URL}</arg>
<doc>Navigates the current browser window to the provided ``url``.</doc>
<status status="PASS" start="2026-02-22T13:33:55.253257" elapsed="1.695349"/>
</kw>
<kw name="Page Should Contain" owner="SeleniumLibrary">
<msg time="2026-02-22T13:33:56.975138" level="INFO">Current page contains text 'My account'.</msg>
<arg>My account</arg>
<doc>Verifies that current page contains ``text``.</doc>
<status status="PASS" start="2026-02-22T13:33:56.950560" elapsed="0.024578"/>
</kw>
<kw name="Wait Until Element Is Visible" owner="SeleniumLibrary">
<arg>${MY_ACCOUNT_MENU}</arg>
<doc>Waits until the element ``locator`` is visible.</doc>
<status status="PASS" start="2026-02-22T13:33:56.975667" elapsed="0.025957"/>
</kw>
<kw name="Click Element" owner="SeleniumLibrary">
<msg time="2026-02-22T13:33:57.003143" level="INFO">Clicking element 'xpath=//a[contains(@href,"route=account/account") and contains(@class,"dropdown-toggle")]'.</msg>
<arg>${MY_ACCOUNT_MENU}</arg>
<doc>Click the element identified by ``locator``.</doc>
<status status="PASS" start="2026-02-22T13:33:57.001624" elapsed="1.679514"/>
</kw>
<kw name="Sleep" owner="BuiltIn">
<msg time="2026-02-22T13:33:59.683300" level="INFO">Slept 1 second.</msg>
<arg>1s</arg>
<doc>Pauses the test executed for the given time.</doc>
<status status="PASS" start="2026-02-22T13:33:58.682118" elapsed="1.001182"/>
</kw>
<kw name="Wait Until Element Is Visible" owner="SeleniumLibrary">
<arg>${LOGIN_LINK}</arg>
<doc>Waits until the element ``locator`` is visible.</doc>
<status status="PASS" start="2026-02-22T13:33:59.683300" elapsed="0.020774"/>
</kw>
<kw name="Click Element" owner="SeleniumLibrary">
<msg time="2026-02-22T13:33:59.705075" level="INFO">Clicking element 'xpath=//a[contains(@href,"route=account/login") and contains(text(),"Login")]'.</msg>
<arg>${LOGIN_LINK}</arg>
<doc>Click the element identified by ``locator``.</doc>
<status status="PASS" start="2026-02-22T13:33:59.704074" elapsed="0.979476"/>
</kw>
<kw name="Wait Until Page Contains" owner="SeleniumLibrary">
<arg>Account Login</arg>
<doc>Waits until ``text`` appears on the current page.</doc>
<status status="PASS" start="2026-02-22T13:34:00.685066" elapsed="0.011679"/>
</kw>
<kw name="Location Should Contain" owner="SeleniumLibrary">
<msg time="2026-02-22T13:34:00.704422" level="INFO">Current location contains 'route=account/login'.</msg>
<arg>route=account/login</arg>
<doc>Verifies that the current URL contains ``expected``.</doc>
<status status="PASS" start="2026-02-22T13:34:00.696745" elapsed="0.008186"/>
</kw>
<kw name="Log To Console" owner="BuiltIn">
<arg>Logging in with Email: ${EMAIL}</arg>
<doc>Logs the given message to the console.</doc>
<status status="PASS" start="2026-02-22T13:34:00.704931" elapsed="0.001211"/>
</kw>
<kw name="Input Text" owner="SeleniumLibrary">
<msg time="2026-02-22T13:34:00.706142" level="INFO">Typing text 'test_user_7228@gmail.com' into text field 'id=input-email'.</msg>
<arg>${EMAIL_INPUT}</arg>
<arg>${EMAIL}</arg>
<doc>Types the given ``text`` into the text field identified by ``locator``.</doc>
<status status="PASS" start="2026-02-22T13:34:00.706142" elapsed="0.226154"/>
</kw>
<kw name="Input Text" owner="SeleniumLibrary">
<msg time="2026-02-22T13:34:00.933278" level="INFO">Typing text 'Ranga@123' into text field 'id=input-password'.</msg>
<arg>${PASSWORD_INPUT}</arg>
<arg>${password}</arg>
<doc>Types the given ``text`` into the text field identified by ``locator``.</doc>
<status status="PASS" start="2026-02-22T13:34:00.932296" elapsed="0.135459"/>
</kw>
<kw name="Click Button" owner="SeleniumLibrary">
<msg time="2026-02-22T13:34:01.068953" level="INFO">Clicking button 'css=input.btn.btn-primary[value="Login"]'.</msg>
<arg>${LOGIN_BUTTON}</arg>
<doc>Clicks the button identified by ``locator``.</doc>
<status status="PASS" start="2026-02-22T13:34:01.068953" elapsed="0.096341"/>
</kw>
<kw name="Wait Until Page Contains" owner="SeleniumLibrary">
<arg>My Account</arg>
<doc>Waits until ``text`` appears on the current page.</doc>
<status status="PASS" start="2026-02-22T13:34:01.165294" elapsed="1.641831"/>
</kw>
<kw name="Wait Until Element Is Visible" owner="SeleniumLibrary">
<arg>${MY_ACCOUNT_HEADING}</arg>
<doc>Waits until the element ``locator`` is visible.</doc>
<status status="PASS" start="2026-02-22T13:34:02.808344" elapsed="0.018598"/>
</kw>
<kw name="Page Should Contain" owner="SeleniumLibrary">
<msg time="2026-02-22T13:34:02.843291" level="INFO">Current page contains text 'My Account'.</msg>
<arg>My Account</arg>
<doc>Verifies that current page contains ``text``.</doc>
<status status="PASS" start="2026-02-22T13:34:02.828291" elapsed="0.015000"/>
</kw>
<kw name="Location Should Contain" owner="SeleniumLibrary">
<msg time="2026-02-22T13:34:02.849417" level="INFO">Current location contains 'route=account/account'.</msg>
<arg>route=account/account</arg>
<doc>Verifies that the current URL contains ``expected``.</doc>
<status status="PASS" start="2026-02-22T13:34:02.843291" elapsed="0.007124"/>
</kw>
<kw name="Log To Console" owner="BuiltIn">
<arg>Login Successful After Logout</arg>
<doc>Logs the given message to the console.</doc>
<status status="PASS" start="2026-02-22T13:34:02.850415" elapsed="0.000000"/>
</kw>
<arg>${password}</arg>
<status status="PASS" start="2026-02-22T13:33:55.253257" elapsed="7.598169"/>
</kw>
<kw name="click logout" owner="register_keywords">
<kw name="Logout User Successfully" owner="logout_keywords">
<kw name="Wait Until Element Is Visible" owner="SeleniumLibrary">
<arg>${MY_ACCOUNT_MENU}</arg>
<doc>Waits until the element ``locator`` is visible.</doc>
<status status="PASS" start="2026-02-22T13:34:02.851426" elapsed="0.021912"/>
</kw>
<kw name="Click Element" owner="SeleniumLibrary">
<msg time="2026-02-22T13:34:02.874444" level="INFO">Clicking element 'xpath=//a[contains(@href,"route=account/account") and contains(@class,"dropdown-toggle")]'.</msg>
<arg>${MY_ACCOUNT_MENU}</arg>
<doc>Click the element identified by ``locator``.</doc>
<status status="PASS" start="2026-02-22T13:34:02.873338" elapsed="1.080001"/>
</kw>
<kw name="Sleep" owner="BuiltIn">
<msg time="2026-02-22T13:34:04.955239" level="INFO">Slept 1 second.</msg>
<arg>1s</arg>
<doc>Pauses the test executed for the given time.</doc>
<status status="PASS" start="2026-02-22T13:34:03.953339" elapsed="1.001900"/>
</kw>
<kw name="Wait Until Element Is Visible" owner="SeleniumLibrary">
<arg>${LOGOUT_LINK}</arg>
<doc>Waits until the element ``locator`` is visible.</doc>
<status status="PASS" start="2026-02-22T13:34:04.955239" elapsed="0.035783"/>
</kw>
<kw name="Element Should Be Visible" owner="SeleniumLibrary">
<msg time="2026-02-22T13:34:05.011917" level="INFO">Element 'xpath=//a[contains(@href,"route=account/logout") and contains(text(),"Logout")]' is displayed.</msg>
<arg>${LOGOUT_LINK}</arg>
<doc>Verifies that the element identified by ``locator`` is visible.</doc>
<status status="PASS" start="2026-02-22T13:34:04.991022" elapsed="0.020895"/>
</kw>
<kw name="Click Element" owner="SeleniumLibrary">
<msg time="2026-02-22T13:34:05.012431" level="INFO">Clicking element 'xpath=//a[contains(@href,"route=account/logout") and contains(text(),"Logout")]'.</msg>
<arg>${LOGOUT_LINK}</arg>
<doc>Click the element identified by ``locator``.</doc>
<status status="PASS" start="2026-02-22T13:34:05.012431" elapsed="1.379073"/>
</kw>
<kw name="Wait Until Element Is Visible" owner="SeleniumLibrary">
<arg>${LOGOUT_TEXT}</arg>
<doc>Waits until the element ``locator`` is visible.</doc>
<status status="PASS" start="2026-02-22T13:34:06.391504" elapsed="0.027942"/>
</kw>
<kw name="Element Should Be Visible" owner="SeleniumLibrary">
<msg time="2026-02-22T13:34:06.438930" level="INFO">Element 'xpath=//h1[contains(text(),"Account Logout")]' is displayed.</msg>
<arg>${LOGOUT_TEXT}</arg>
<doc>Verifies that the element identified by ``locator`` is visible.</doc>
<status status="PASS" start="2026-02-22T13:34:06.420459" elapsed="0.018471"/>
</kw>
<kw name="Page Should Contain" owner="SeleniumLibrary">
<msg time="2026-02-22T13:34:06.452495" level="INFO">Current page contains text 'Account Logout'.</msg>
<arg>Account Logout</arg>
<doc>Verifies that current page contains ``text``.</doc>
<status status="PASS" start="2026-02-22T13:34:06.438930" elapsed="0.014564"/>
</kw>
<kw name="Location Should Contain" owner="SeleniumLibrary">
<msg time="2026-02-22T13:34:06.458713" level="INFO">Current location contains 'route=account/logout'.</msg>
<arg>route=account/logout</arg>
<doc>Verifies that the current URL contains ``expected``.</doc>
<status status="PASS" start="2026-02-22T13:34:06.453494" elapsed="0.006240"/>
</kw>
<kw name="Log To Console" owner="BuiltIn">
<arg>Logout Completed Successfully</arg>
<doc>Logs the given message to the console.</doc>
<status status="PASS" start="2026-02-22T13:34:06.459734" elapsed="0.000996"/>
</kw>
<status status="PASS" start="2026-02-22T13:34:02.851426" elapsed="3.609304"/>
</kw>
<status status="PASS" start="2026-02-22T13:34:02.851426" elapsed="3.609304"/>
</kw>
<arg>firstname=Ranga</arg>
<arg>lastname=akash</arg>
<arg>phone=9123456789</arg>
<arg>password=Ranga@123</arg>
<status status="PASS" start="2026-02-22T13:33:44.076214" elapsed="22.384516"/>
</kw>
<kw name="Capture Screenshot On Failure" owner="common" type="TEARDOWN">
<kw name="Run Keyword If Test Failed" owner="BuiltIn">
<arg>Capture Page Screenshot</arg>
<doc>Runs the given keyword with the given arguments, if the test failed.</doc>
<status status="PASS" start="2026-02-22T13:34:06.461730" elapsed="0.000000"/>
</kw>
<status status="PASS" start="2026-02-22T13:34:06.461730" elapsed="0.000000"/>
</kw>
<status status="PASS" start="2026-02-22T13:33:44.072678" elapsed="22.389052"/>
</test>
<test id="s1-s1-t3" name="Register User With CSV for user Durga Prasad" line="18">
<kw name="Registration">
<kw name="Register New User" owner="register_keywords">
<kw name="Go To" owner="SeleniumLibrary">
<msg time="2026-02-22T13:34:06.467479" level="INFO">Opening url 'https://ecommerce-playground.lambdatest.io/index.php'</msg>
<arg>${BASE_URL}</arg>
<doc>Navigates the current browser window to the provided ``url``.</doc>
<status status="PASS" start="2026-02-22T13:34:06.467479" elapsed="1.683623"/>
</kw>
<kw name="Title Should Be" owner="SeleniumLibrary">
<msg time="2026-02-22T13:34:08.160916" level="INFO">Page title is 'Your Store'.</msg>
<arg>Your Store</arg>
<doc>Verifies that the current page title equals ``title``.</doc>
<status status="PASS" start="2026-02-22T13:34:08.151102" elapsed="0.009814"/>
</kw>
<kw name="Page Should Contain" owner="SeleniumLibrary">
<msg time="2026-02-22T13:34:08.185237" level="INFO">Current page contains text 'My account'.</msg>
<arg>My account</arg>
<doc>Verifies that current page contains ``text``.</doc>
<status status="PASS" start="2026-02-22T13:34:08.160916" elapsed="0.024321"/>
</kw>
<kw name="Wait Until Element Is Visible" owner="SeleniumLibrary">
<arg>${MY_ACCOUNT_MENU}</arg>
<doc>Waits until the element ``locator`` is visible.</doc>
<status status="PASS" start="2026-02-22T13:34:08.186819" elapsed="0.022957"/>
</kw>
<kw name="Click Element" owner="SeleniumLibrary">
<msg time="2026-02-22T13:34:08.210775" level="INFO">Clicking element 'xpath=//a[contains(@href,"route=account/account") and contains(@class,"dropdown-toggle")]'.</msg>
<arg>${MY_ACCOUNT_MENU}</arg>
<doc>Click the element identified by ``locator``.</doc>
<status status="PASS" start="2026-02-22T13:34:08.209776" elapsed="1.827457"/>
</kw>
<kw name="Sleep" owner="BuiltIn">
<msg time="2026-02-22T13:34:11.039242" level="INFO">Slept 1 second.</msg>
<arg>1s</arg>
<doc>Pauses the test executed for the given time.</doc>
<status status="PASS" start="2026-02-22T13:34:10.038472" elapsed="1.000770"/>
</kw>
<kw name="Wait Until Element Is Visible" owner="SeleniumLibrary">
<arg>${REGISTER_LINK}</arg>
<doc>Waits until the element ``locator`` is visible.</doc>
<status status="PASS" start="2026-02-22T13:34:11.039242" elapsed="0.020194"/>
</kw>
<kw name="Click Element" owner="SeleniumLibrary">
<msg time="2026-02-22T13:34:11.059436" level="INFO">Clicking element 'xpath=//a[contains(@href,"route=account/register") and contains(text(),"Register")]'.</msg>
<arg>${REGISTER_LINK}</arg>
<doc>Click the element identified by ``locator``.</doc>
<status status="PASS" start="2026-02-22T13:34:11.059436" elapsed="0.941271"/>
</kw>
<kw name="Wait Until Page Contains" owner="SeleniumLibrary">
<arg>Register Account</arg>
<doc>Waits until ``text`` appears on the current page.</doc>
<status status="PASS" start="2026-02-22T13:34:12.001706" elapsed="0.012077"/>
</kw>
<kw name="Location Should Contain" owner="SeleniumLibrary">
<msg time="2026-02-22T13:34:12.021859" level="INFO">Current location contains 'route=account/register'.</msg>
<arg>route=account/register</arg>
<doc>Verifies that the current URL contains ``expected``.</doc>
<status status="PASS" start="2026-02-22T13:34:12.013783" elapsed="0.008076"/>
</kw>
<status status="PASS" start="2026-02-22T13:34:06.467479" elapsed="5.554380"/>
</kw>
<kw name="input firstname" owner="register_keywords">
<kw name="Input Text" owner="SeleniumLibrary">
<msg time="2026-02-22T13:34:12.023367" level="INFO">Typing text 'Durga' into text field 'id=input-firstname'.</msg>
<arg>${FIRSTNAME_INPUT}</arg>
<arg>${firstname}</arg>
<doc>Types the given ``text`` into the text field identified by ``locator``.</doc>
<status status="PASS" start="2026-02-22T13:34:12.021859" elapsed="0.120103"/>
</kw>
<arg>${firstname}</arg>
<status status="PASS" start="2026-02-22T13:34:12.021859" elapsed="0.120103"/>
</kw>
<kw name="input lastname" owner="register_keywords">
<kw name="Input Text" owner="SeleniumLibrary">
<msg time="2026-02-22T13:34:12.143461" level="INFO">Typing text 'Prasad' into text field 'id=input-lastname'.</msg>
<arg>${LASTNAME_INPUT}</arg>
<arg>${lastname}</arg>
<doc>Types the given ``text`` into the text field identified by ``locator``.</doc>
<status status="PASS" start="2026-02-22T13:34:12.143461" elapsed="0.142074"/>
</kw>
<arg>${lastname}</arg>
<status status="PASS" start="2026-02-22T13:34:12.141962" elapsed="0.143573"/>
</kw>
<kw name="input email" owner="register_keywords">
<kw name="Generate Unique Email" owner="email_generator">
<kw name="Generate Random String" owner="String">
<msg time="2026-02-22T13:34:12.289056" level="INFO">${random} = 1753</msg>
<var>${random}</var>
<arg>4</arg>
<arg>0123456789</arg>
<doc>Generates a string with a desired ``length`` from the given ``chars``.</doc>
<status status="PASS" start="2026-02-22T13:34:12.289056" elapsed="0.000000"/>
</kw>
<kw name="Set Variable" owner="BuiltIn">
<msg time="2026-02-22T13:34:12.290579" level="INFO">${email} = test_user_1753@gmail.com</msg>
<var>${email}</var>
<arg>test_user_${random}@gmail.com</arg>
<doc>Returns the given values which can then be assigned to a variables.</doc>
<status status="PASS" start="2026-02-22T13:34:12.289056" elapsed="0.001523"/>
</kw>
<kw name="Set Suite Variable" owner="BuiltIn">
<msg time="2026-02-22T13:34:12.291597" level="INFO">${EMAIL} = test_user_1753@gmail.com</msg>
<arg>${EMAIL}</arg>
<arg>${email}</arg>
<doc>Makes a variable available everywhere within the scope of the current suite.</doc>
<status status="PASS" start="2026-02-22T13:34:12.290579" elapsed="0.001018"/>
</kw>
<kw name="Log To Console" owner="BuiltIn">
<arg>Dynamic Email Generated: ${EMAIL}</arg>
<doc>Logs the given message to the console.</doc>
<status status="PASS" start="2026-02-22T13:34:12.291597" elapsed="0.000000"/>
</kw>
<status status="PASS" start="2026-02-22T13:34:12.287770" elapsed="0.004834"/>
</kw>
<kw name="Log To Console" owner="BuiltIn">
<arg>Registering with Email: ${EMAIL}</arg>
<doc>Logs the given message to the console.</doc>
<status status="PASS" start="2026-02-22T13:34:12.292604" elapsed="0.001070"/>
</kw>
<kw name="Input Text" owner="SeleniumLibrary">
<msg time="2026-02-22T13:34:12.293674" level="INFO">Typing text 'test_user_1753@gmail.com' into text field 'id=input-email'.</msg>
<arg>${EMAIL_INPUT}</arg>
<arg>${EMAIL}</arg>
<doc>Types the given ``text`` into the text field identified by ``locator``.</doc>
<status status="PASS" start="2026-02-22T13:34:12.293674" elapsed="0.200839"/>
</kw>
<status status="PASS" start="2026-02-22T13:34:12.286747" elapsed="0.207766"/>
</kw>
<kw name="input phone" owner="register_keywords">
<kw name="Input Text" owner="SeleniumLibrary">
<msg time="2026-02-22T13:34:12.496643" level="INFO">Typing text '9988776655' into text field 'id=input-telephone'.</msg>
<arg>${PHONE_INPUT}</arg>
<arg>${phone}</arg>
<doc>Types the given ``text`` into the text field identified by ``locator``.</doc>
<status status="PASS" start="2026-02-22T13:34:12.495510" elapsed="0.156352"/>
</kw>
<arg>${phone}</arg>
<status status="PASS" start="2026-02-22T13:34:12.495510" elapsed="0.156352"/>
</kw>
<kw name="input password" owner="register_keywords">
<kw name="Input Text" owner="SeleniumLibrary">
<msg time="2026-02-22T13:34:12.653379" level="INFO">Typing text 'Prasad@123' into text field 'id=input-password'.</msg>
<arg>${PASSWORD_INPUT}</arg>
<arg>${password}</arg>
<doc>Types the given ``text`` into the text field identified by ``locator``.</doc>
<status status="PASS" start="2026-02-22T13:34:12.651862" elapsed="0.117192"/>
</kw>
<kw name="Input Text" owner="SeleniumLibrary">
<msg time="2026-02-22T13:34:12.770624" level="INFO">Typing text 'Prasad@123' into text field 'id=input-confirm'.</msg>
<arg>${CONFIRM_INPUT}</arg>
<arg>${password}</arg>
<doc>Types the given ``text`` into the text field identified by ``locator``.</doc>
<status status="PASS" start="2026-02-22T13:34:12.770624" elapsed="0.121865"/>
</kw>
<kw name="Textfield Value Should Be" owner="SeleniumLibrary">
<msg time="2026-02-22T13:34:12.930742" level="INFO">Content of text field 'id=input-confirm' is 'Prasad@123'.</msg>
<arg>${CONFIRM_INPUT}</arg>
<arg>${password}</arg>
<doc>Verifies text field ``locator`` has exactly text ``expected``.</doc>
<status status="PASS" start="2026-02-22T13:34:12.892489" elapsed="0.038253"/>
</kw>
<arg>${password}</arg>
<status status="PASS" start="2026-02-22T13:34:12.651862" elapsed="0.278880"/>
</kw>
<kw name="click agree" owner="register_keywords">
<kw name="Click Element" owner="SeleniumLibrary">
<msg time="2026-02-22T13:34:12.931810" level="INFO">Clicking element 'xpath=//label[@for="input-agree"]'.</msg>
<arg>${AGREE_LABEL}</arg>
<doc>Click the element identified by ``locator``.</doc>
<status status="PASS" start="2026-02-22T13:34:12.931810" elapsed="0.079767"/>
</kw>
<kw name="Checkbox Should Be Selected" owner="SeleniumLibrary">
<msg time="2026-02-22T13:34:13.012577" level="INFO">Verifying checkbox 'id=input-agree' is selected.</msg>
<arg>id=input-agree</arg>
<doc>Verifies checkbox ``locator`` is selected/checked.</doc>
<status status="PASS" start="2026-02-22T13:34:13.011577" elapsed="0.038067"/>
</kw>
<status status="PASS" start="2026-02-22T13:34:12.930742" elapsed="0.118902"/>
</kw>
<kw name="click continue" owner="register_keywords">
<kw name="Scroll Element Into View" owner="SeleniumLibrary">
<arg>${CONTINUE_BUTTON}</arg>
<doc>Scrolls the element identified by ``locator`` into view.</doc>
<status status="PASS" start="2026-02-22T13:34:13.050638" elapsed="0.296195"/>
</kw>
<kw name="Click Button" owner="SeleniumLibrary">
<msg time="2026-02-22T13:34:13.347852" level="INFO">Clicking button 'css=input.btn.btn-primary[type="submit"][value="Continue"]'.</msg>
<arg>${CONTINUE_BUTTON}</arg>
<doc>Clicks the button identified by ``locator``.</doc>
<status status="PASS" start="2026-02-22T13:34:13.346833" elapsed="0.100179"/>
</kw>
<kw name="Wait Until Element Is Visible" owner="SeleniumLibrary">
<arg>${SUCCESS_TEXT}</arg>
<doc>Waits until the element ``locator`` is visible.</doc>
<status status="PASS" start="2026-02-22T13:34:13.447012" elapsed="1.762719"/>
</kw>
<kw name="Page Should Contain" owner="SeleniumLibrary">
<msg time="2026-02-22T13:34:15.221772" level="INFO">Current page contains text 'Your Account Has Been Created'.</msg>
<arg>Your Account Has Been Created</arg>
<doc>Verifies that current page contains ``text``.</doc>
<status status="PASS" start="2026-02-22T13:34:15.209731" elapsed="0.012041"/>
</kw>
<kw name="Log To Console" owner="BuiltIn">
<arg>Registration Completed Successfully for ${firstname}</arg>
<doc>Logs the given message to the console.</doc>
<status status="PASS" start="2026-02-22T13:34:15.223575" elapsed="0.003533"/>
</kw>
<status status="PASS" start="2026-02-22T13:34:13.049644" elapsed="2.178463"/>
</kw>
<kw name="click logout" owner="register_keywords">
<kw name="Logout User Successfully" owner="logout_keywords">
<kw name="Wait Until Element Is Visible" owner="SeleniumLibrary">
<arg>${MY_ACCOUNT_MENU}</arg>
<doc>Waits until the element ``locator`` is visible.</doc>
<status status="PASS" start="2026-02-22T13:34:15.229465" elapsed="0.024459"/>
</kw>
<kw name="Click Element" owner="SeleniumLibrary">
<msg time="2026-02-22T13:34:15.253924" level="INFO">Clicking element 'xpath=//a[contains(@href,"route=account/account") and contains(@class,"dropdown-toggle")]'.</msg>
<arg>${MY_ACCOUNT_MENU}</arg>
<doc>Click the element identified by ``locator``.</doc>
<status status="PASS" start="2026-02-22T13:34:15.253924" elapsed="0.604314"/>
</kw>
<kw name="Sleep" owner="BuiltIn">
<msg time="2026-02-22T13:34:16.859296" level="INFO">Slept 1 second.</msg>
<arg>1s</arg>
<doc>Pauses the test executed for the given time.</doc>
<status status="PASS" start="2026-02-22T13:34:15.859221" elapsed="1.000075"/>
</kw>
<kw name="Wait Until Element Is Visible" owner="SeleniumLibrary">
<arg>${LOGOUT_LINK}</arg>
<doc>Waits until the element ``locator`` is visible.</doc>
<status status="PASS" start="2026-02-22T13:34:16.859296" elapsed="0.020694"/>
</kw>
<kw name="Element Should Be Visible" owner="SeleniumLibrary">
<msg time="2026-02-22T13:34:16.897665" level="INFO">Element 'xpath=//a[contains(@href,"route=account/logout") and contains(text(),"Logout")]' is displayed.</msg>
<arg>${LOGOUT_LINK}</arg>
<doc>Verifies that the element identified by ``locator`` is visible.</doc>
<status status="PASS" start="2026-02-22T13:34:16.880993" elapsed="0.017712"/>
</kw>
<kw name="Click Element" owner="SeleniumLibrary">
<msg time="2026-02-22T13:34:16.898705" level="INFO">Clicking element 'xpath=//a[contains(@href,"route=account/logout") and contains(text(),"Logout")]'.</msg>
<arg>${LOGOUT_LINK}</arg>
<doc>Click the element identified by ``locator``.</doc>
<status status="PASS" start="2026-02-22T13:34:16.898705" elapsed="1.385162"/>
</kw>
<kw name="Wait Until Element Is Visible" owner="SeleniumLibrary">
<arg>${LOGOUT_TEXT}</arg>
<doc>Waits until the element ``locator`` is visible.</doc>
<status status="PASS" start="2026-02-22T13:34:18.285417" elapsed="0.021163"/>
</kw>
<kw name="Element Should Be Visible" owner="SeleniumLibrary">
<msg time="2026-02-22T13:34:18.326005" level="INFO">Element 'xpath=//h1[contains(text(),"Account Logout")]' is displayed.</msg>
<arg>${LOGOUT_TEXT}</arg>
<doc>Verifies that the element identified by ``locator`` is visible.</doc>
<status status="PASS" start="2026-02-22T13:34:18.306580" elapsed="0.019425"/>
</kw>
<kw name="Page Should Contain" owner="SeleniumLibrary">
<msg time="2026-02-22T13:34:18.339598" level="INFO">Current page contains text 'Account Logout'.</msg>
<arg>Account Logout</arg>
<doc>Verifies that current page contains ``text``.</doc>
<status status="PASS" start="2026-02-22T13:34:18.326005" elapsed="0.013593"/>
</kw>
<kw name="Location Should Contain" owner="SeleniumLibrary">
<msg time="2026-02-22T13:34:18.346450" level="INFO">Current location contains 'route=account/logout'.</msg>
<arg>route=account/logout</arg>
<doc>Verifies that the current URL contains ``expected``.</doc>
<status status="PASS" start="2026-02-22T13:34:18.339598" elapsed="0.007856"/>
</kw>
<kw name="Log To Console" owner="BuiltIn">
<arg>Logout Completed Successfully</arg>
<doc>Logs the given message to the console.</doc>
<status status="PASS" start="2026-02-22T13:34:18.347454" elapsed="0.000614"/>
</kw>
<status status="PASS" start="2026-02-22T13:34:15.228107" elapsed="3.119961"/>
</kw>
<status status="PASS" start="2026-02-22T13:34:15.228107" elapsed="3.119961"/>
</kw>
<kw name="Login User Successfully" owner="login_keywords">
<kw name="Go To" owner="SeleniumLibrary">
<msg time="2026-02-22T13:34:18.350083" level="INFO">Opening url 'https://ecommerce-playground.lambdatest.io/index.php'</msg>
<arg>${BASE_URL}</arg>
<doc>Navigates the current browser window to the provided ``url``.</doc>
<status status="PASS" start="2026-02-22T13:34:18.349082" elapsed="1.573326"/>
</kw>
<kw name="Page Should Contain" owner="SeleniumLibrary">
<msg time="2026-02-22T13:34:20.094635" level="INFO">Current page contains text 'My account'.</msg>
<arg>My account</arg>
<doc>Verifies that current page contains ``text``.</doc>
<status status="PASS" start="2026-02-22T13:34:19.923410" elapsed="0.171225"/>
</kw>
<kw name="Wait Until Element Is Visible" owner="SeleniumLibrary">
<arg>${MY_ACCOUNT_MENU}</arg>
<doc>Waits until the element ``locator`` is visible.</doc>
<status status="PASS" start="2026-02-22T13:34:20.095145" elapsed="0.023145"/>
</kw>
<kw name="Click Element" owner="SeleniumLibrary">
<msg time="2026-02-22T13:34:20.119287" level="INFO">Clicking element 'xpath=//a[contains(@href,"route=account/account") and contains(@class,"dropdown-toggle")]'.</msg>
<arg>${MY_ACCOUNT_MENU}</arg>
<doc>Click the element identified by ``locator``.</doc>
<status status="PASS" start="2026-02-22T13:34:20.118290" elapsed="1.720452"/>
</kw>
<kw name="Sleep" owner="BuiltIn">
<msg time="2026-02-22T13:34:22.840332" level="INFO">Slept 1 second.</msg>
<arg>1s</arg>
<doc>Pauses the test executed for the given time.</doc>
<status status="PASS" start="2026-02-22T13:34:21.839727" elapsed="1.000605"/>
</kw>
<kw name="Wait Until Element Is Visible" owner="SeleniumLibrary">
<arg>${LOGIN_LINK}</arg>
<doc>Waits until the element ``locator`` is visible.</doc>
<status status="PASS" start="2026-02-22T13:34:22.840332" elapsed="0.021787"/>
</kw>
<kw name="Click Element" owner="SeleniumLibrary">
<msg time="2026-02-22T13:34:22.863629" level="INFO">Clicking element 'xpath=//a[contains(@href,"route=account/login") and contains(text(),"Login")]'.</msg>
<arg>${LOGIN_LINK}</arg>
<doc>Click the element identified by ``locator``.</doc>
<status status="PASS" start="2026-02-22T13:34:22.862119" elapsed="1.165803"/>
</kw>
<kw name="Wait Until Page Contains" owner="SeleniumLibrary">
<arg>Account Login</arg>
<doc>Waits until ``text`` appears on the current page.</doc>
<status status="PASS" start="2026-02-22T13:34:24.028945" elapsed="0.012228"/>
</kw>
<kw name="Location Should Contain" owner="SeleniumLibrary">
<msg time="2026-02-22T13:34:24.048959" level="INFO">Current location contains 'route=account/login'.</msg>
<arg>route=account/login</arg>
<doc>Verifies that the current URL contains ``expected``.</doc>
<status status="PASS" start="2026-02-22T13:34:24.041173" elapsed="0.007786"/>
</kw>
<kw name="Log To Console" owner="BuiltIn">
<arg>Logging in with Email: ${EMAIL}</arg>
<doc>Logs the given message to the console.</doc>
<status status="PASS" start="2026-02-22T13:34:24.048959" elapsed="0.001240"/>
</kw>
<kw name="Input Text" owner="SeleniumLibrary">
<msg time="2026-02-22T13:34:24.050199" level="INFO">Typing text 'test_user_1753@gmail.com' into text field 'id=input-email'.</msg>
<arg>${EMAIL_INPUT}</arg>
<arg>${EMAIL}</arg>
<doc>Types the given ``text`` into the text field identified by ``locator``.</doc>
<status status="PASS" start="2026-02-22T13:34:24.050199" elapsed="0.227476"/>
</kw>
<kw name="Input Text" owner="SeleniumLibrary">
<msg time="2026-02-22T13:34:24.277675" level="INFO">Typing text 'Prasad@123' into text field 'id=input-password'.</msg>
<arg>${PASSWORD_INPUT}</arg>
<arg>${password}</arg>
<doc>Types the given ``text`` into the text field identified by ``locator``.</doc>
<status status="PASS" start="2026-02-22T13:34:24.277675" elapsed="0.141816"/>
</kw>
<kw name="Click Button" owner="SeleniumLibrary">
<msg time="2026-02-22T13:34:24.419491" level="INFO">Clicking button 'css=input.btn.btn-primary[value="Login"]'.</msg>
<arg>${LOGIN_BUTTON}</arg>
<doc>Clicks the button identified by ``locator``.</doc>
<status status="PASS" start="2026-02-22T13:34:24.419491" elapsed="1.542908"/>
</kw>
<kw name="Wait Until Page Contains" owner="SeleniumLibrary">
<arg>My Account</arg>
<doc>Waits until ``text`` appears on the current page.</doc>
<status status="PASS" start="2026-02-22T13:34:25.962399" elapsed="0.017014"/>
</kw>
<kw name="Wait Until Element Is Visible" owner="SeleniumLibrary">
<arg>${MY_ACCOUNT_HEADING}</arg>
<doc>Waits until the element ``locator`` is visible.</doc>
<status status="PASS" start="2026-02-22T13:34:25.979413" elapsed="0.021787"/>
</kw>
<kw name="Page Should Contain" owner="SeleniumLibrary">
<msg time="2026-02-22T13:34:26.031737" level="INFO">Current page contains text 'My Account'.</msg>
<arg>My Account</arg>
<doc>Verifies that current page contains ``text``.</doc>
<status status="PASS" start="2026-02-22T13:34:26.002192" elapsed="0.029545"/>
</kw>
<kw name="Location Should Contain" owner="SeleniumLibrary">
<msg time="2026-02-22T13:34:26.037558" level="INFO">Current location contains 'route=account/account'.</msg>
<arg>route=account/account</arg>
<doc>Verifies that the current URL contains ``expected``.</doc>
<status status="PASS" start="2026-02-22T13:34:26.031737" elapsed="0.005821"/>
</kw>
<kw name="Log To Console" owner="BuiltIn">
<arg>Login Successful After Logout</arg>
<doc>Logs the given message to the console.</doc>
<status status="PASS" start="2026-02-22T13:34:26.037558" elapsed="0.001023"/>
</kw>
<arg>${password}</arg>
<status status="PASS" start="2026-02-22T13:34:18.349082" elapsed="7.689499"/>
</kw>
<kw name="click logout" owner="register_keywords">
<kw name="Logout User Successfully" owner="logout_keywords">
<kw name="Wait Until Element Is Visible" owner="SeleniumLibrary">
<arg>${MY_ACCOUNT_MENU}</arg>
<doc>Waits until the element ``locator`` is visible.</doc>
<status status="PASS" start="2026-02-22T13:34:26.039574" elapsed="0.022165"/>
</kw>
<kw name="Click Element" owner="SeleniumLibrary">
<msg time="2026-02-22T13:34:26.062753" level="INFO">Clicking element 'xpath=//a[contains(@href,"route=account/account") and contains(@class,"dropdown-toggle")]'.</msg>
<arg>${MY_ACCOUNT_MENU}</arg>
<doc>Click the element identified by ``locator``.</doc>
<status status="PASS" start="2026-02-22T13:34:26.062753" elapsed="0.594432"/>
</kw>
<kw name="Sleep" owner="BuiltIn">
<msg time="2026-02-22T13:34:27.657601" level="INFO">Slept 1 second.</msg>
<arg>1s</arg>
<doc>Pauses the test executed for the given time.</doc>
<status status="PASS" start="2026-02-22T13:34:26.657185" elapsed="1.000416"/>
</kw>
<kw name="Wait Until Element Is Visible" owner="SeleniumLibrary">
<arg>${LOGOUT_LINK}</arg>
<doc>Waits until the element ``locator`` is visible.</doc>
<status status="PASS" start="2026-02-22T13:34:27.657601" elapsed="0.043121"/>
</kw>
<kw name="Element Should Be Visible" owner="SeleniumLibrary">
<msg time="2026-02-22T13:34:27.717507" level="INFO">Element 'xpath=//a[contains(@href,"route=account/logout") and contains(text(),"Logout")]' is displayed.</msg>
<arg>${LOGOUT_LINK}</arg>
<doc>Verifies that the element identified by ``locator`` is visible.</doc>
<status status="PASS" start="2026-02-22T13:34:27.700722" elapsed="0.018150"/>
</kw>
<kw name="Click Element" owner="SeleniumLibrary">
<msg time="2026-02-22T13:34:27.718872" level="INFO">Clicking element 'xpath=//a[contains(@href,"route=account/logout") and contains(text(),"Logout")]'.</msg>
<arg>${LOGOUT_LINK}</arg>
<doc>Click the element identified by ``locator``.</doc>
<status status="PASS" start="2026-02-22T13:34:27.718872" elapsed="1.592871"/>
</kw>
<kw name="Wait Until Element Is Visible" owner="SeleniumLibrary">
<arg>${LOGOUT_TEXT}</arg>
<doc>Waits until the element ``locator`` is visible.</doc>
<status status="PASS" start="2026-02-22T13:34:29.311743" elapsed="0.041946"/>
</kw>
<kw name="Element Should Be Visible" owner="SeleniumLibrary">
<msg time="2026-02-22T13:34:29.372714" level="INFO">Element 'xpath=//h1[contains(text(),"Account Logout")]' is displayed.</msg>
<arg>${LOGOUT_TEXT}</arg>
<doc>Verifies that the element identified by ``locator`` is visible.</doc>
<status status="PASS" start="2026-02-22T13:34:29.354249" elapsed="0.019471"/>
</kw>
<kw name="Page Should Contain" owner="SeleniumLibrary">
<msg time="2026-02-22T13:34:29.386935" level="INFO">Current page contains text 'Account Logout'.</msg>
<arg>Account Logout</arg>
<doc>Verifies that current page contains ``text``.</doc>
<status status="PASS" start="2026-02-22T13:34:29.373720" elapsed="0.013215"/>
</kw>
<kw name="Location Should Contain" owner="SeleniumLibrary">
<msg time="2026-02-22T13:34:29.393965" level="INFO">Current location contains 'route=account/logout'.</msg>
<arg>route=account/logout</arg>
<doc>Verifies that the current URL contains ``expected``.</doc>
<status status="PASS" start="2026-02-22T13:34:29.386935" elapsed="0.007030"/>
</kw>
<kw name="Log To Console" owner="BuiltIn">
<arg>Logout Completed Successfully</arg>
<doc>Logs the given message to the console.</doc>
<status status="PASS" start="2026-02-22T13:34:29.394479" elapsed="0.001008"/>
</kw>
<status status="PASS" start="2026-02-22T13:34:26.039574" elapsed="3.355913"/>
</kw>
<status status="PASS" start="2026-02-22T13:34:26.038581" elapsed="3.356906"/>
</kw>
<arg>firstname=Durga</arg>
<arg>lastname=Prasad</arg>
<arg>phone=9988776655</arg>
<arg>password=Prasad@123</arg>
<status status="PASS" start="2026-02-22T13:34:06.466484" elapsed="22.929003"/>
</kw>
<kw name="Capture Screenshot On Failure" owner="common" type="TEARDOWN">
<kw name="Run Keyword If Test Failed" owner="BuiltIn">
<arg>Capture Page Screenshot</arg>
<doc>Runs the given keyword with the given arguments, if the test failed.</doc>
<status status="PASS" start="2026-02-22T13:34:29.396508" elapsed="0.001942"/>
</kw>
<status status="PASS" start="2026-02-22T13:34:29.396508" elapsed="0.001942"/>
</kw>
<status status="PASS" start="2026-02-22T13:34:06.463935" elapsed="22.934515"/>
</test>
<kw name="Close Site" owner="common" type="TEARDOWN">
<kw name="Close Browser" owner="SeleniumLibrary">
<doc>Closes the current browser.</doc>
<status status="PASS" start="2026-02-22T13:34:29.400465" elapsed="2.363612"/>
</kw>
<status status="PASS" start="2026-02-22T13:34:29.400465" elapsed="2.363612"/>
</kw>
<status status="PASS" start="2026-02-22T13:32:48.638190" elapsed="103.125887"/>
</suite>
<suite id="s1-s2" name="Tc02 Search Product View" source="R:\capstone project\robot_framework_capstone_oldoriginal\tests\tc02_search_product_view.robot">
<kw name="Open Site" owner="common" type="SETUP">
<kw name="Open Browser" owner="SeleniumLibrary">
<msg time="2026-02-22T13:34:31.793971" level="INFO">Opening browser 'chrome' to base url 'https://ecommerce-playground.lambdatest.io/index.php'.</msg>
<arg>${BASE_URL}</arg>
<arg>${BROWSER}</arg>
<doc>Opens a new browser instance to the optional ``url``.</doc>
<status status="PASS" start="2026-02-22T13:34:31.793971" elapsed="8.727634"/>
</kw>
<kw name="Maximize Browser Window" owner="SeleniumLibrary">
<doc>Maximizes current browser window.</doc>
<status status="PASS" start="2026-02-22T13:34:40.521605" elapsed="0.172609"/>
</kw>
<kw name="Set Selenium Timeout" owner="SeleniumLibrary">
<arg>10s</arg>
<doc>Sets the timeout that is used by various keywords.</doc>
<status status="PASS" start="2026-02-22T13:34:40.695755" elapsed="0.002222"/>
</kw>
<status status="PASS" start="2026-02-22T13:34:31.792454" elapsed="8.905523"/>
</kw>
<test id="s1-s2-t1" name="Product Search and View for product- HP" line="17">
<kw name="Search and View">
<kw name="Search Products" owner="search_keywords">
<kw name="Go To" owner="SeleniumLibrary">
<msg time="2026-02-22T13:34:40.704597" level="INFO">Opening url 'https://ecommerce-playground.lambdatest.io/index.php'</msg>
<arg>${BASE_URL}</arg>
<doc>Navigates the current browser window to the provided ``url``.</doc>
<status status="PASS" start="2026-02-22T13:34:40.702510" elapsed="1.780625"/>
</kw>
<kw name="Location Should Contain" owner="SeleniumLibrary">
<msg time="2026-02-22T13:34:42.491925" level="INFO">Current location contains 'index.php'.</msg>
<arg>index.php</arg>
<doc>Verifies that the current URL contains ``expected``.</doc>
<status status="PASS" start="2026-02-22T13:34:42.483135" elapsed="0.008790"/>
</kw>
<kw name="Page Should Contain" owner="SeleniumLibrary">
<msg time="2026-02-22T13:34:42.516815" level="INFO">Current page contains text 'Search'.</msg>
<arg>Search</arg>
<doc>Verifies that current page contains ``text``.</doc>
<status status="PASS" start="2026-02-22T13:34:42.492931" elapsed="0.023884"/>
</kw>
<kw name="Wait Until Element Is Visible" owner="SeleniumLibrary">
<arg>${SEARCH_BOX}</arg>
<doc>Waits until the element ``locator`` is visible.</doc>
<status status="PASS" start="2026-02-22T13:34:42.516815" elapsed="0.027860"/>
</kw>
<kw name="Element Should Be Visible" owner="SeleniumLibrary">
<msg time="2026-02-22T13:34:42.564604" level="INFO">Element 'name=search' is displayed.</msg>
<arg>${SEARCH_BOX}</arg>
<doc>Verifies that the element identified by ``locator`` is visible.</doc>
<status status="PASS" start="2026-02-22T13:34:42.544675" elapsed="0.019929"/>
</kw>
<kw name="Element Should Be Enabled" owner="SeleniumLibrary">
<arg>${SEARCH_BOX}</arg>
<doc>Verifies that element identified by ``locator`` is enabled.</doc>
<status status="PASS" start="2026-02-22T13:34:42.564604" elapsed="0.032915"/>
</kw>
<status status="PASS" start="2026-02-22T13:34:40.701507" elapsed="1.896012"/>
</kw>
<kw name="input search" owner="search_keywords">
<kw name="Clear Element Text" owner="SeleniumLibrary">
<arg>${SEARCH_BOX}</arg>
<doc>Clears the value of the text-input-element identified by ``locator``.</doc>
[...]
</kw>
<status status="PASS" start="2026-02-22T13:37:41.899073" elapsed="0.000514"/>
</kw>
<status status="PASS" start="2026-02-22T13:37:25.094439" elapsed="16.805148"/>
</test>
<test id="s1-s5-t2" name="Logout for email - akash2@gmail.com" line="19">
<kw name="Logout">
<kw name="Login User" owner="logout_keywords">
<kw name="Go To" owner="SeleniumLibrary">
<msg time="2026-02-22T13:37:41.905139" level="INFO">Opening url 'https://ecommerce-playground.lambdatest.io/index.php'</msg>
<arg>${BASE_URL}</arg>
<doc>Navigates the current browser window to the provided ``url``.</doc>
<status status="PASS" start="2026-02-22T13:37:41.904139" elapsed="0.953763"/>
</kw>
<kw name="Page Should Contain" owner="SeleniumLibrary">
<msg time="2026-02-22T13:37:43.043624" level="INFO">Current page contains text 'My account'.</msg>
<arg>My account</arg>
<doc>Verifies that current page contains ``text``.</doc>
<status status="PASS" start="2026-02-22T13:37:42.857902" elapsed="0.185722"/>
</kw>
<kw name="Wait Until Element Is Visible" owner="SeleniumLibrary">
<arg>${MY_ACCOUNT_MENU}</arg>
<doc>Waits until the element ``locator`` is visible.</doc>
<status status="PASS" start="2026-02-22T13:37:43.044650" elapsed="0.022811"/>
</kw>
<kw name="Click Element" owner="SeleniumLibrary">
<msg time="2026-02-22T13:37:43.068458" level="INFO">Clicking element 'xpath=//a[contains(@href,"route=account/account") and contains(@class,"dropdown-toggle")]'.</msg>
<arg>${MY_ACCOUNT_MENU}</arg>
<doc>Click the element identified by ``locator``.</doc>
<status status="PASS" start="2026-02-22T13:37:43.067461" elapsed="1.008278"/>
</kw>
<kw name="Sleep" owner="BuiltIn">
<msg time="2026-02-22T13:37:45.077192" level="INFO">Slept 1 second.</msg>
<arg>1s</arg>
<doc>Pauses the test executed for the given time.</doc>
<status status="PASS" start="2026-02-22T13:37:44.075739" elapsed="1.001453"/>
</kw>
<kw name="Wait Until Element Is Visible" owner="SeleniumLibrary">
<arg>${LOGIN_LINK}</arg>
<doc>Waits until the element ``locator`` is visible.</doc>
<status status="PASS" start="2026-02-22T13:37:45.077192" elapsed="0.018610"/>
</kw>
<kw name="Click Element" owner="SeleniumLibrary">
<msg time="2026-02-22T13:37:45.095802" level="INFO">Clicking element 'xpath=//a[contains(@href,"route=account/login") and contains(text(),"Login")]'.</msg>
<arg>${LOGIN_LINK}</arg>
<doc>Click the element identified by ``locator``.</doc>
<status status="PASS" start="2026-02-22T13:37:45.095802" elapsed="0.986861"/>
</kw>
<kw name="Wait Until Page Contains" owner="SeleniumLibrary">
<arg>Account Login</arg>
<doc>Waits until ``text`` appears on the current page.</doc>
<status status="PASS" start="2026-02-22T13:37:46.082663" elapsed="0.012282"/>
</kw>
<kw name="Location Should Contain" owner="SeleniumLibrary">
<msg time="2026-02-22T13:37:46.101071" level="INFO">Current location contains 'route=account/login'.</msg>
<arg>route=account/login</arg>
<doc>Verifies that the current URL contains ``expected``.</doc>
<status status="PASS" start="2026-02-22T13:37:46.094945" elapsed="0.006126"/>
</kw>
<status status="PASS" start="2026-02-22T13:37:41.904139" elapsed="4.197973"/>
</kw>
<kw name="input email for login" owner="logout_keywords">
<kw name="Log To Console" owner="BuiltIn">
<arg>Logging in with Email: ${email}</arg>
<doc>Logs the given message to the console.</doc>
<status status="PASS" start="2026-02-22T13:37:46.102112" elapsed="0.001359"/>
</kw>
<kw name="Input Text" owner="SeleniumLibrary">
<msg time="2026-02-22T13:37:46.103471" level="INFO">Typing text 'akash2@gmail.com' into text field 'id=input-email'.</msg>
<arg>${EMAIL_INPUT}</arg>
<arg>${email}</arg>
<doc>Types the given ``text`` into the text field identified by ``locator``.</doc>
<status status="PASS" start="2026-02-22T13:37:46.103471" elapsed="0.170823"/>
</kw>
<arg>${email}</arg>
<status status="PASS" start="2026-02-22T13:37:46.102112" elapsed="0.173195"/>
</kw>
<kw name="input password for login" owner="logout_keywords">
<kw name="Input Text" owner="SeleniumLibrary">
<msg time="2026-02-22T13:37:46.276294" level="INFO">Typing text 'akash@123' into text field 'id=input-password'.</msg>
<arg>${PASSWORD_INPUT}</arg>
<arg>${password}</arg>
<doc>Types the given ``text`` into the text field identified by ``locator``.</doc>
<status status="PASS" start="2026-02-22T13:37:46.276294" elapsed="0.116809"/>
</kw>
<arg>${password}</arg>
<status status="PASS" start="2026-02-22T13:37:46.275307" elapsed="0.117796"/>
</kw>
<kw name="click login" owner="logout_keywords">
<kw name="Click Button" owner="SeleniumLibrary">
<msg time="2026-02-22T13:37:46.394591" level="INFO">Clicking button 'css=input.btn.btn-primary[value="Login"]'.</msg>
<arg>${LOGIN_BUTTON}</arg>
<doc>Clicks the button identified by ``locator``.</doc>
<status status="PASS" start="2026-02-22T13:37:46.394591" elapsed="1.492408"/>
</kw>
<kw name="Wait Until Page Contains" owner="SeleniumLibrary">
<arg>My Account</arg>
<doc>Waits until ``text`` appears on the current page.</doc>
<status status="PASS" start="2026-02-22T13:37:47.886999" elapsed="0.019837"/>
</kw>
<kw name="Wait Until Element Is Visible" owner="SeleniumLibrary">
<arg>${MY_ACCOUNT_HEADING}</arg>
<doc>Waits until the element ``locator`` is visible.</doc>
<status status="PASS" start="2026-02-22T13:37:47.906836" elapsed="0.020502"/>
</kw>
<kw name="Page Should Contain" owner="SeleniumLibrary">
<msg time="2026-02-22T13:37:47.942073" level="INFO">Current page contains text 'My Account'.</msg>
<arg>My Account</arg>
<doc>Verifies that current page contains ``text``.</doc>
<status status="PASS" start="2026-02-22T13:37:47.927970" elapsed="0.014103"/>
</kw>
<kw name="Location Should Contain" owner="SeleniumLibrary">
<msg time="2026-02-22T13:37:47.949128" level="INFO">Current location contains 'route=account/account'.</msg>
<arg>route=account/account</arg>
<doc>Verifies that the current URL contains ``expected``.</doc>
<status status="PASS" start="2026-02-22T13:37:47.943076" elapsed="0.006052"/>
</kw>
<kw name="Log To Console" owner="BuiltIn">
<arg>Login Successful</arg>
<doc>Logs the given message to the console.</doc>
<status status="PASS" start="2026-02-22T13:37:47.949677" elapsed="0.000000"/>
</kw>
<status status="PASS" start="2026-02-22T13:37:46.393103" elapsed="1.556574"/>
</kw>
<kw name="Logout User Successfully" owner="logout_keywords">
<kw name="Wait Until Element Is Visible" owner="SeleniumLibrary">
<arg>${MY_ACCOUNT_MENU}</arg>
<doc>Waits until the element ``locator`` is visible.</doc>
<status status="PASS" start="2026-02-22T13:37:47.951251" elapsed="0.018288"/>
</kw>
<kw name="Click Element" owner="SeleniumLibrary">
<msg time="2026-02-22T13:37:47.971085" level="INFO">Clicking element 'xpath=//a[contains(@href,"route=account/account") and contains(@class,"dropdown-toggle")]'.</msg>
<arg>${MY_ACCOUNT_MENU}</arg>
<doc>Click the element identified by ``locator``.</doc>
<status status="PASS" start="2026-02-22T13:37:47.971085" elapsed="0.922319"/>
</kw>
<kw name="Sleep" owner="BuiltIn">
<msg time="2026-02-22T13:37:49.895991" level="INFO">Slept 1 second.</msg>
<arg>1s</arg>
<doc>Pauses the test executed for the given time.</doc>
<status status="PASS" start="2026-02-22T13:37:48.894405" elapsed="1.001586"/>
</kw>
<kw name="Wait Until Element Is Visible" owner="SeleniumLibrary">
<arg>${LOGOUT_LINK}</arg>
<doc>Waits until the element ``locator`` is visible.</doc>
<status status="PASS" start="2026-02-22T13:37:49.895991" elapsed="0.021134"/>
</kw>
<kw name="Element Should Be Visible" owner="SeleniumLibrary">
<msg time="2026-02-22T13:37:49.939448" level="INFO">Element 'xpath=//a[contains(@href,"route=account/logout") and contains(text(),"Logout")]' is displayed.</msg>
<arg>${LOGOUT_LINK}</arg>
<doc>Verifies that the element identified by ``locator`` is visible.</doc>
<status status="PASS" start="2026-02-22T13:37:49.917125" elapsed="0.022323"/>
</kw>
<kw name="Click Element" owner="SeleniumLibrary">
<msg time="2026-02-22T13:37:49.941081" level="INFO">Clicking element 'xpath=//a[contains(@href,"route=account/logout") and contains(text(),"Logout")]'.</msg>
<arg>${LOGOUT_LINK}</arg>
<doc>Click the element identified by ``locator``.</doc>
<status status="PASS" start="2026-02-22T13:37:49.941081" elapsed="1.338405"/>
</kw>
<kw name="Wait Until Element Is Visible" owner="SeleniumLibrary">
<arg>${LOGOUT_TEXT}</arg>
<doc>Waits until the element ``locator`` is visible.</doc>
<status status="PASS" start="2026-02-22T13:37:51.280501" elapsed="0.022493"/>
</kw>
<kw name="Element Should Be Visible" owner="SeleniumLibrary">
<msg time="2026-02-22T13:37:51.346548" level="INFO">Element 'xpath=//h1[contains(text(),"Account Logout")]' is displayed.</msg>
<arg>${LOGOUT_TEXT}</arg>
<doc>Verifies that the element identified by ``locator`` is visible.</doc>
<status status="PASS" start="2026-02-22T13:37:51.303997" elapsed="0.042551"/>
</kw>
<kw name="Page Should Contain" owner="SeleniumLibrary">
<msg time="2026-02-22T13:37:51.361649" level="INFO">Current page contains text 'Account Logout'.</msg>
<arg>Account Logout</arg>
<doc>Verifies that current page contains ``text``.</doc>
<status status="PASS" start="2026-02-22T13:37:51.346548" elapsed="0.015101"/>
</kw>
<kw name="Location Should Contain" owner="SeleniumLibrary">
<msg time="2026-02-22T13:37:51.368012" level="INFO">Current location contains 'route=account/logout'.</msg>
<arg>route=account/logout</arg>
<doc>Verifies that the current URL contains ``expected``.</doc>
<status status="PASS" start="2026-02-22T13:37:51.361649" elapsed="0.006363"/>
</kw>
<kw name="Log To Console" owner="BuiltIn">
<arg>Logout Completed Successfully</arg>
<doc>Logs the given message to the console.</doc>
<status status="PASS" start="2026-02-22T13:37:51.368012" elapsed="0.000000"/>
</kw>
<status status="PASS" start="2026-02-22T13:37:47.949677" elapsed="3.418335"/>
</kw>
<arg>email=akash2@gmail.com</arg>
<arg>password=akash@123</arg>
<status status="PASS" start="2026-02-22T13:37:41.903140" elapsed="9.464872"/>
</kw>
<kw name="Capture Screenshot On Failure" owner="common" type="TEARDOWN">
<kw name="Run Keyword If Test Failed" owner="BuiltIn">
<arg>Capture Page Screenshot</arg>
<doc>Runs the given keyword with the given arguments, if the test failed.</doc>
<status status="PASS" start="2026-02-22T13:37:51.369518" elapsed="0.000000"/>
</kw>
<status status="PASS" start="2026-02-22T13:37:51.369518" elapsed="0.000000"/>
</kw>
<status status="PASS" start="2026-02-22T13:37:41.901107" elapsed="9.469422"/>
</test>
<test id="s1-s5-t3" name="Logout for email - prasad3@gmail.com" line="19">
<kw name="Logout">
<kw name="Login User" owner="logout_keywords">
<kw name="Go To" owner="SeleniumLibrary">
<msg time="2026-02-22T13:37:51.377445" level="INFO">Opening url 'https://ecommerce-playground.lambdatest.io/index.php'</msg>
<arg>${BASE_URL}</arg>
<doc>Navigates the current browser window to the provided ``url``.</doc>
<status status="PASS" start="2026-02-22T13:37:51.376434" elapsed="1.215941"/>
</kw>
<kw name="Page Should Contain" owner="SeleniumLibrary">
<msg time="2026-02-22T13:37:52.771154" level="INFO">Current page contains text 'My account'.</msg>
<arg>My account</arg>
<doc>Verifies that current page contains ``text``.</doc>
<status status="PASS" start="2026-02-22T13:37:52.593383" elapsed="0.177771"/>
</kw>
<kw name="Wait Until Element Is Visible" owner="SeleniumLibrary">
<arg>${MY_ACCOUNT_MENU}</arg>
<doc>Waits until the element ``locator`` is visible.</doc>
<status status="PASS" start="2026-02-22T13:37:52.771154" elapsed="0.021770"/>
</kw>
<kw name="Click Element" owner="SeleniumLibrary">
<msg time="2026-02-22T13:37:52.792924" level="INFO">Clicking element 'xpath=//a[contains(@href,"route=account/account") and contains(@class,"dropdown-toggle")]'.</msg>
<arg>${MY_ACCOUNT_MENU}</arg>
<doc>Click the element identified by ``locator``.</doc>
<status status="PASS" start="2026-02-22T13:37:52.792924" elapsed="1.127251"/>
</kw>
<kw name="Sleep" owner="BuiltIn">
<msg time="2026-02-22T13:37:54.922270" level="INFO">Slept 1 second.</msg>
<arg>1s</arg>
<doc>Pauses the test executed for the given time.</doc>
<status status="PASS" start="2026-02-22T13:37:53.920175" elapsed="1.002095"/>
</kw>
<kw name="Wait Until Element Is Visible" owner="SeleniumLibrary">
<arg>${LOGIN_LINK}</arg>
<doc>Waits until the element ``locator`` is visible.</doc>
<status status="PASS" start="2026-02-22T13:37:54.922270" elapsed="0.022662"/>
</kw>
<kw name="Click Element" owner="SeleniumLibrary">
<msg time="2026-02-22T13:37:54.944932" level="INFO">Clicking element 'xpath=//a[contains(@href,"route=account/login") and contains(text(),"Login")]'.</msg>
<arg>${LOGIN_LINK}</arg>
<doc>Click the element identified by ``locator``.</doc>
<status status="PASS" start="2026-02-22T13:37:54.944932" elapsed="1.001863"/>
</kw>
<kw name="Wait Until Page Contains" owner="SeleniumLibrary">
<arg>Account Login</arg>
<doc>Waits until ``text`` appears on the current page.</doc>
<status status="PASS" start="2026-02-22T13:37:55.947866" elapsed="0.014170"/>
</kw>
<kw name="Location Should Contain" owner="SeleniumLibrary">
<msg time="2026-02-22T13:37:55.969739" level="INFO">Current location contains 'route=account/login'.</msg>
<arg>route=account/login</arg>
<doc>Verifies that the current URL contains ``expected``.</doc>
<status status="PASS" start="2026-02-22T13:37:55.962036" elapsed="0.007703"/>
</kw>
<status status="PASS" start="2026-02-22T13:37:51.374923" elapsed="4.594816"/>
</kw>
<kw name="input email for login" owner="logout_keywords">
<kw name="Log To Console" owner="BuiltIn">
<arg>Logging in with Email: ${email}</arg>
<doc>Logs the given message to the console.</doc>
<status status="PASS" start="2026-02-22T13:37:55.970748" elapsed="0.000506"/>
</kw>
<kw name="Input Text" owner="SeleniumLibrary">
<msg time="2026-02-22T13:37:55.971254" level="INFO">Typing text 'prasad3@gmail.com' into text field 'id=input-email'.</msg>
<arg>${EMAIL_INPUT}</arg>
<arg>${email}</arg>
<doc>Types the given ``text`` into the text field identified by ``locator``.</doc>
<status status="PASS" start="2026-02-22T13:37:55.971254" elapsed="0.185342"/>
</kw>
<arg>${email}</arg>
<status status="PASS" start="2026-02-22T13:37:55.969739" elapsed="0.186857"/>
</kw>
<kw name="input password for login" owner="logout_keywords">
<kw name="Input Text" owner="SeleniumLibrary">
<msg time="2026-02-22T13:37:56.158611" level="INFO">Typing text 'invalid@123' into text field 'id=input-password'.</msg>
<arg>${PASSWORD_INPUT}</arg>
<arg>${password}</arg>
<doc>Types the given ``text`` into the text field identified by ``locator``.</doc>
<status status="PASS" start="2026-02-22T13:37:56.157609" elapsed="0.131033"/>
</kw>
<arg>${password}</arg>
<status status="PASS" start="2026-02-22T13:37:56.157609" elapsed="0.131033"/>
</kw>
<kw name="click login" owner="logout_keywords">
<kw name="Click Button" owner="SeleniumLibrary">
<msg time="2026-02-22T13:37:56.290161" level="INFO">Clicking button 'css=input.btn.btn-primary[value="Login"]'.</msg>
<arg>${LOGIN_BUTTON}</arg>
<doc>Clicks the button identified by ``locator``.</doc>
<status status="PASS" start="2026-02-22T13:37:56.289642" elapsed="0.091445"/>
</kw>
<kw name="Wait Until Page Contains" owner="SeleniumLibrary">
<arg>My Account</arg>
<doc>Waits until ``text`` appears on the current page.</doc>
<status status="PASS" start="2026-02-22T13:37:56.381607" elapsed="1.049753"/>
</kw>
<kw name="Wait Until Element Is Visible" owner="SeleniumLibrary">
<msg time="2026-02-22T13:38:07.804544" level="INFO" html="true">&lt;/td&gt;&lt;/tr&gt;&lt;tr&gt;&lt;td colspan="3"&gt;&lt;a href="selenium-screenshot-7.png"&gt;&lt;img src="selenium-screenshot-7.png" width="800px"&gt;&lt;/a&gt;</msg>
<msg time="2026-02-22T13:38:07.804544" level="FAIL">Element 'xpath=//h2[contains(text(),"My Account")]' not visible after 10 seconds.</msg>
<arg>${MY_ACCOUNT_HEADING}</arg>
<doc>Waits until the element ``locator`` is visible.</doc>
<status status="FAIL" start="2026-02-22T13:37:57.431360" elapsed="10.374204">Element 'xpath=//h2[contains(text(),"My Account")]' not visible after 10 seconds.</status>
</kw>
<kw name="Page Should Contain" owner="SeleniumLibrary">
<arg>My Account</arg>
<doc>Verifies that current page contains ``text``.</doc>
<status status="NOT RUN" start="2026-02-22T13:38:07.807093" elapsed="0.000000"/>
</kw>
<kw name="Location Should Contain" owner="SeleniumLibrary">
<arg>route=account/account</arg>
<doc>Verifies that the current URL contains ``expected``.</doc>
<status status="NOT RUN" start="2026-02-22T13:38:07.807093" elapsed="0.000000"/>
</kw>
<kw name="Log To Console" owner="BuiltIn">
<arg>Login Successful</arg>
<doc>Logs the given message to the console.</doc>
<status status="NOT RUN" start="2026-02-22T13:38:07.807093" elapsed="0.000000"/>
</kw>
<status status="FAIL" start="2026-02-22T13:37:56.288642" elapsed="11.521389">Element 'xpath=//h2[contains(text(),"My Account")]' not visible after 10 seconds.</status>
</kw>
<kw name="Logout User Successfully" owner="logout_keywords">
<status status="NOT RUN" start="2026-02-22T13:38:07.810031" elapsed="0.000000"/>
</kw>
<arg>email=prasad3@gmail.com</arg>
<arg>password=invalid@123</arg>
<status status="FAIL" start="2026-02-22T13:37:51.373915" elapsed="16.436116">Element 'xpath=//h2[contains(text(),"My Account")]' not visible after 10 seconds.</status>
</kw>
<kw name="Capture Screenshot On Failure" owner="common" type="TEARDOWN">
<kw name="Run Keyword If Test Failed" owner="BuiltIn">
<kw name="Capture Page Screenshot" owner="SeleniumLibrary">
<msg time="2026-02-22T13:38:07.964858" level="INFO" html="true">&lt;/td&gt;&lt;/tr&gt;&lt;tr&gt;&lt;td colspan="3"&gt;&lt;a href="selenium-screenshot-8.png"&gt;&lt;img src="selenium-screenshot-8.png" width="800px"&gt;&lt;/a&gt;</msg>
<doc>Takes a screenshot of the current page and embeds it into a log file.</doc>
<status status="PASS" start="2026-02-22T13:38:07.812570" elapsed="0.152288"/>
</kw>
<arg>Capture Page Screenshot</arg>
<doc>Runs the given keyword with the given arguments, if the test failed.</doc>
<status status="PASS" start="2026-02-22T13:38:07.811559" elapsed="0.153299"/>
</kw>
<status status="PASS" start="2026-02-22T13:38:07.811559" elapsed="0.153299"/>
</kw>
<status status="FAIL" start="2026-02-22T13:37:51.371531" elapsed="16.594358">Element 'xpath=//h2[contains(text(),"My Account")]' not visible after 10 seconds.</status>
</test>
<kw name="Close Site" owner="common" type="TEARDOWN">
<kw name="Close Browser" owner="SeleniumLibrary">
<doc>Closes the current browser.</doc>
<status status="PASS" start="2026-02-22T13:38:07.967424" elapsed="2.412921"/>
</kw>
<status status="PASS" start="2026-02-22T13:38:07.967424" elapsed="2.412921"/>
</kw>
<status status="FAIL" start="2026-02-22T13:37:16.264206" elapsed="54.116139"/>
</suite>
<status status="FAIL" start="2026-02-22T13:32:48.561673" elapsed="321.822422"/>
</suite>
<statistics>
<total>
<stat pass="14" fail="1" skip="0">All Tests</stat>
</total>
<tag>
</tag>
<suite>
<stat name="Tests" id="s1" pass="14" fail="1" skip="0">Tests</stat>
<stat name="Tc01 Register Login" id="s1-s1" pass="3" fail="0" skip="0">Tests.Tc01 Register Login</stat>
<stat name="Tc02 Search Product View" id="s1-s2" pass="3" fail="0" skip="0">Tests.Tc02 Search Product View</stat>
<stat name="Tc03 Add To Cart" id="s1-s3" pass="3" fail="0" skip="0">Tests.Tc03 Add To Cart</stat>
<stat name="Tc04 Cart Update Remove" id="s1-s4" pass="3" fail="0" skip="0">Tests.Tc04 Cart Update Remove</stat>
<stat name="Tc05 Logout" id="s1-s5" pass="2" fail="1" skip="0">Tests.Tc05 Logout</stat>
</suite>
</statistics>
<errors>
</errors>
</robot>
